"../../../Engine/Content/EditorResources/S_Actor.ubulk" 0
"../../../Engine/Content/EditorResources/S_Actor.uasset" 1
"../../../Engine/Content/EditorResources/S_Actor.uexp" 2
"../../../Engine/Content/EditorResources/S_BoxReflectionCapture.uasset" 3
"../../../Engine/Content/EditorResources/S_BoxReflectionCapture.uexp" 4
"../../../Engine/Content/EngineResources/DefaultTexture.ubulk" 5
"../../../Engine/Content/EngineResources/DefaultTexture.uasset" 6
"../../../Engine/Content/EngineResources/DefaultTexture.uexp" 7
"../../../Engine/Content/EngineResources/DefaultTextureCube.uasset" 8
"../../../Engine/Content/EngineResources/DefaultTextureCube.uexp" 9
"../../../Engine/Content/EngineResources/DefaultVolumeTexture2D.uasset" 10
"../../../Engine/Content/EngineResources/DefaultVolumeTexture2D.uexp" 11
"../../../Engine/Content/EngineResources/DefaultVolumeTexture.uasset" 12
"../../../Engine/Content/EngineResources/DefaultVolumeTexture.uexp" 13
"../../../Engine/Content/EditorResources/S_Trigger.ubulk" 14
"../../../Engine/Content/EditorResources/S_Trigger.uasset" 15
"../../../Engine/Content/EditorResources/S_Trigger.uexp" 16
"../../../Engine/Content/EditorResources/S_TriggerBox.uasset" 17
"../../../Engine/Content/EditorResources/S_TriggerBox.uexp" 18
"../../../Engine/Content/EditorResources/S_TriggerCapsule.uasset" 19
"../../../Engine/Content/EditorResources/S_TriggerCapsule.uexp" 20
"../../../Engine/Content/EditorResources/S_TriggerSphere.uasset" 21
"../../../Engine/Content/EditorResources/S_TriggerSphere.uexp" 22
"../../../Engine/Content/EngineMeshes/Sphere.ubulk" 23
"../../../Engine/Content/EngineMeshes/Sphere.uasset" 24
"../../../Engine/Content/EngineMeshes/Sphere.uexp" 25
"../../../Engine/Content/EngineResources/GradientTexture0.uasset" 26
"../../../Engine/Content/EngineResources/GradientTexture0.uexp" 27
"../../../Engine/Content/EngineResources/Black.uasset" 28
"../../../Engine/Content/EngineResources/Black.uexp" 29
"../../../Engine/Content/VREditor/LaserPointer/VR_LaserPower_01.ubulk" 30
"../../../Engine/Content/VREditor/LaserPointer/VR_LaserPower_01.uasset" 31
"../../../Engine/Content/VREditor/LaserPointer/VR_LaserPower_01.uexp" 32
"../../../Engine/Content/VREditor/TransformGizmo/TransformGizmoMaterial.uasset" 33
"../../../Engine/Content/VREditor/TransformGizmo/TransformGizmoMaterial.uexp" 34
"../../../Engine/Content/VREditor/TransformGizmo/TranslucentTransformGizmoMaterial.uasset" 35
"../../../Engine/Content/VREditor/TransformGizmo/TranslucentTransformGizmoMaterial.uexp" 36
"../../../Engine/Content/VREditor/TransformGizmo/PlaneTranslationHandle.ubulk" 37
"../../../Engine/Content/VREditor/TransformGizmo/PlaneTranslationHandle.uasset" 38
"../../../Engine/Content/VREditor/TransformGizmo/PlaneTranslationHandle.uexp" 39
"../../../Engine/Content/VREditor/TransformGizmo/BoundingBoxCorner.ubulk" 40
"../../../Engine/Content/VREditor/TransformGizmo/BoundingBoxCorner.uasset" 41
"../../../Engine/Content/VREditor/TransformGizmo/BoundingBoxCorner.uexp" 42
"../../../Engine/Content/VREditor/TransformGizmo/BoundingBoxEdge.ubulk" 43
"../../../Engine/Content/VREditor/TransformGizmo/BoundingBoxEdge.uasset" 44
"../../../Engine/Content/VREditor/TransformGizmo/BoundingBoxEdge.uexp" 45
"../../../Engine/Content/VREditor/TransformGizmo/Main.uasset" 46
"../../../Engine/Content/VREditor/TransformGizmo/Main.uexp" 47
"../../../Engine/Content/VREditor/TransformGizmo/Xray.uasset" 48
"../../../Engine/Content/VREditor/TransformGizmo/Xray.uexp" 49
"../../../Engine/Content/VREditor/TransformGizmo/SM_Sequencer_Node.ubulk" 50
"../../../Engine/Content/VREditor/TransformGizmo/SM_Sequencer_Node.uasset" 51
"../../../Engine/Content/VREditor/TransformGizmo/SM_Sequencer_Node.uexp" 52
"../../../Engine/Content/EditorMaterials/Camera/CineMat.uasset" 53
"../../../Engine/Content/EditorMaterials/Camera/CineMat.uexp" 54
"../../../Engine/Content/EditorMaterials/Camera/MI_CineMat_Rig.uasset" 55
"../../../Engine/Content/EditorMaterials/Camera/MI_CineMat_Rig.uexp" 56
"../../../Engine/Content/EditorMeshes/Camera/SM_CraneRig_Base.ubulk" 57
"../../../Engine/Content/EditorMeshes/Camera/SM_CraneRig_Base.uasset" 58
"../../../Engine/Content/EditorMeshes/Camera/SM_CraneRig_Base.uexp" 59
"../../../Engine/Content/EditorMeshes/Camera/SM_CraneRig_Arm.ubulk" 60
"../../../Engine/Content/EditorMeshes/Camera/SM_CraneRig_Arm.uasset" 61
"../../../Engine/Content/EditorMeshes/Camera/SM_CraneRig_Arm.uexp" 62
"../../../Engine/Content/EditorMeshes/Camera/SM_CraneRig_Mount.ubulk" 63
"../../../Engine/Content/EditorMeshes/Camera/SM_CraneRig_Mount.uasset" 64
"../../../Engine/Content/EditorMeshes/Camera/SM_CraneRig_Mount.uexp" 65
"../../../Engine/Content/EditorMeshes/Camera/SM_CraneRig_Body.ubulk" 66
"../../../Engine/Content/EditorMeshes/Camera/SM_CraneRig_Body.uasset" 67
"../../../Engine/Content/EditorMeshes/Camera/SM_CraneRig_Body.uexp" 68
"../../../Engine/Content/EditorMeshes/Camera/SM_RailRig_Track.ubulk" 69
"../../../Engine/Content/EditorMeshes/Camera/SM_RailRig_Track.uasset" 70
"../../../Engine/Content/EditorMeshes/Camera/SM_RailRig_Track.uexp" 71
"../../../Engine/Content/EditorMeshes/Camera/SM_RailRig_Mount.ubulk" 72
"../../../Engine/Content/EditorMeshes/Camera/SM_RailRig_Mount.uasset" 73
"../../../Engine/Content/EditorMeshes/Camera/SM_RailRig_Mount.uexp" 74
"../../../Engine/Content/EngineMaterials/T_Default_Material_Grid_M.ubulk" 75
"../../../Engine/Content/EngineMaterials/T_Default_Material_Grid_M.uasset" 76
"../../../Engine/Content/EngineMaterials/T_Default_Material_Grid_M.uexp" 77
"../../../Engine/Content/EngineMaterials/T_Default_Material_Grid_N.ubulk" 78
"../../../Engine/Content/EngineMaterials/T_Default_Material_Grid_N.uasset" 79
"../../../Engine/Content/EngineMaterials/T_Default_Material_Grid_N.uexp" 80
"../../../Engine/Content/Functions/Engine_MaterialFunctions01/Opacity/CameraDepthFade.uasset" 81
"../../../Engine/Content/Functions/Engine_MaterialFunctions01/Opacity/CameraDepthFade.uexp" 82
"../../../Engine/Content/EngineMaterials/WorldGridMaterial.uasset" 83
"../../../Engine/Content/EngineMaterials/WorldGridMaterial.uexp" 84
"../../../Engine/Content/ArtTools/RenderToTexture/Meshes/S_1_Unit_Plane.ubulk" 85
"../../../Engine/Content/ArtTools/RenderToTexture/Meshes/S_1_Unit_Plane.uasset" 86
"../../../Engine/Content/ArtTools/RenderToTexture/Meshes/S_1_Unit_Plane.uexp" 87
"../../../Engine/Content/EditorMaterials/ParticleSystems/PSysThumbnail_NoImage.ubulk" 88
"../../../Engine/Content/EditorMaterials/ParticleSystems/PSysThumbnail_NoImage.uasset" 89
"../../../Engine/Content/EditorMaterials/ParticleSystems/PSysThumbnail_NoImage.uexp" 90
"../../../Engine/Content/EditorMaterials/ParticleSystems/PSysThumbnail_OOD.ubulk" 91
"../../../Engine/Content/EditorMaterials/ParticleSystems/PSysThumbnail_OOD.uasset" 92
"../../../Engine/Content/EditorMaterials/ParticleSystems/PSysThumbnail_OOD.uexp" 93
"../../../Engine/Content/EditorLandscapeResources/SplineEditorMeshMat.uasset" 94
"../../../Engine/Content/EditorLandscapeResources/SplineEditorMeshMat.uexp" 95
"../../../Engine/Content/EditorLandscapeResources/SplineEditorMesh.ubulk" 96
"../../../Engine/Content/EditorLandscapeResources/SplineEditorMesh.uasset" 97
"../../../Engine/Content/EditorLandscapeResources/SplineEditorMesh.uexp" 98
"../../../Engine/Content/EditorResources/S_Solver.ubulk" 99
"../../../Engine/Content/EditorResources/S_Solver.uasset" 100
"../../../Engine/Content/EditorResources/S_Solver.uexp" 101
"../../../Engine/Plugins/Media/MediaPlate/Content/SM_MediaPlateScreen.ubulk" 102
"../../../Engine/Plugins/Media/MediaPlate/Content/SM_MediaPlateScreen.uasset" 103
"../../../Engine/Plugins/Media/MediaPlate/Content/SM_MediaPlateScreen.uexp" 104
"../../../Engine/Content/EngineMaterials/Good64x64TilingNoiseHighFreq.uasset" 105
"../../../Engine/Content/EngineMaterials/Good64x64TilingNoiseHighFreq.uexp" 106
"../../../Engine/Content/EngineMaterials/DefaultBokeh.uasset" 107
"../../../Engine/Content/EngineMaterials/DefaultBokeh.uexp" 108
"../../../Engine/Content/EngineMaterials/PreintegratedSkinBRDF.uasset" 109
"../../../Engine/Content/EngineMaterials/PreintegratedSkinBRDF.uexp" 110
"../../../Engine/Content/EngineMaterials/MiniFont.uasset" 111
"../../../Engine/Content/EngineMaterials/MiniFont.uexp" 112
"../../../Engine/Content/EngineMaterials/WeightMapPlaceholderTexture.uasset" 113
"../../../Engine/Content/EngineMaterials/WeightMapPlaceholderTexture.uexp" 114
"../../../Engine/Content/EngineMaterials/DefaultWhiteGrid.ubulk" 115
"../../../Engine/Content/EngineMaterials/DefaultWhiteGrid.uasset" 116
"../../../Engine/Content/EngineMaterials/DefaultWhiteGrid.uexp" 117
"C:/Unreal/LostKingdom/Content/LevelPrototyping/Textures/T_GridChecker_A.ubulk" 118
"C:/Unreal/LostKingdom/Content/LevelPrototyping/Textures/T_GridChecker_A.uasset" 119
"C:/Unreal/LostKingdom/Content/LevelPrototyping/Textures/T_GridChecker_A.uexp" 120
"../../../Engine/Content/Functions/Engine_MaterialFunctions02/Utility/MakeFloat3.uasset" 121
"../../../Engine/Content/Functions/Engine_MaterialFunctions02/Utility/MakeFloat3.uexp" 122
"../../../Engine/Content/Functions/Engine_MaterialFunctions01/Gradient/LinearGradient.uasset" 123
"../../../Engine/Content/Functions/Engine_MaterialFunctions01/Gradient/LinearGradient.uexp" 124
"../../../Engine/Content/Functions/Engine_MaterialFunctions01/ImageAdjustment/CheapContrast.uasset" 125
"../../../Engine/Content/Functions/Engine_MaterialFunctions01/ImageAdjustment/CheapContrast.uexp" 126
"../../../Engine/Content/Functions/Engine_MaterialFunctions02/Utility/BreakOutFloat3Components.uasset" 127
"../../../Engine/Content/Functions/Engine_MaterialFunctions02/Utility/BreakOutFloat3Components.uexp" 128
"C:/Unreal/LostKingdom/Content/LevelPrototyping/Materials/MF_ProcGrid.uasset" 129
"C:/Unreal/LostKingdom/Content/LevelPrototyping/Materials/MF_ProcGrid.uexp" 130
"C:/Unreal/LostKingdom/Content/LevelPrototyping/Materials/M_PrototypeGrid.uasset" 131
"C:/Unreal/LostKingdom/Content/LevelPrototyping/Materials/M_PrototypeGrid.uexp" 132
"C:/Unreal/LostKingdom/Content/LevelPrototyping/Materials/MI_PrototypeGrid_Gray.uasset" 133
"C:/Unreal/LostKingdom/Content/LevelPrototyping/Materials/MI_PrototypeGrid_Gray.uexp" 134
"C:/Unreal/LostKingdom/Content/LevelPrototyping/Meshes/SM_Ramp.ubulk" 135
"C:/Unreal/LostKingdom/Content/LevelPrototyping/Meshes/SM_Ramp.uasset" 136
"C:/Unreal/LostKingdom/Content/LevelPrototyping/Meshes/SM_Ramp.uexp" 137
"C:/Unreal/LostKingdom/Content/LevelPrototyping/Meshes/SM_QuarterCylinder.ubulk" 138
"C:/Unreal/LostKingdom/Content/LevelPrototyping/Meshes/SM_QuarterCylinder.uasset" 139
"C:/Unreal/LostKingdom/Content/LevelPrototyping/Meshes/SM_QuarterCylinder.uexp" 140
"C:/Unreal/LostKingdom/Content/LevelPrototyping/Meshes/SM_Cylinder.ubulk" 141
"C:/Unreal/LostKingdom/Content/LevelPrototyping/Meshes/SM_Cylinder.uasset" 142
"C:/Unreal/LostKingdom/Content/LevelPrototyping/Meshes/SM_Cylinder.uexp" 143
"C:/Unreal/LostKingdom/Content/LevelPrototyping/Meshes/SM_Cube.ubulk" 144
"C:/Unreal/LostKingdom/Content/LevelPrototyping/Meshes/SM_Cube.uasset" 145
"C:/Unreal/LostKingdom/Content/LevelPrototyping/Meshes/SM_Cube.uexp" 146
"C:/Unreal/LostKingdom/Content/TopDown/Input/Actions/IA_SetDestination_Touch.uasset" 147
"C:/Unreal/LostKingdom/Content/TopDown/Input/Actions/IA_SetDestination_Touch.uexp" 148
"C:/Unreal/LostKingdom/Content/TopDown/Input/Actions/IA_SetDestination_Click.uasset" 149
"C:/Unreal/LostKingdom/Content/TopDown/Input/Actions/IA_SetDestination_Click.uexp" 150
"../../../Engine/Plugins/FX/Niagara/Content/Enums/ENiagara_MassInitializationMode.uasset" 151
"../../../Engine/Plugins/FX/Niagara/Content/Enums/ENiagara_MassInitializationMode.uexp" 152
"../../../Engine/Plugins/FX/Niagara/Content/Enums/ENiagara_PositionInitializationMode.uasset" 153
"../../../Engine/Plugins/FX/Niagara/Content/Enums/ENiagara_PositionInitializationMode.uexp" 154
"../../../Engine/Plugins/FX/Niagara/Content/Icons/Modules/T_Icon_Solver_LimitSpeed.uasset" 155
"../../../Engine/Plugins/FX/Niagara/Content/Icons/Modules/T_Icon_Solver_LimitSpeed.uexp" 156
"../../../Engine/Plugins/FX/Niagara/Content/Icons/Modules/T_Icon_Solver_RotationalSolve.uasset" 157
"../../../Engine/Plugins/FX/Niagara/Content/Icons/Modules/T_Icon_Solver_RotationalSolve.uexp" 158
"../../../Engine/Plugins/FX/Niagara/Content/Icons/Modules/T_Icon_Solver_LimitAccel.uasset" 159
"../../../Engine/Plugins/FX/Niagara/Content/Icons/Modules/T_Icon_Solver_LimitAccel.uexp" 160
"../../../Engine/Plugins/FX/Niagara/Content/Enums/ENiagara_SizeScaleMode.uasset" 161
"../../../Engine/Plugins/FX/Niagara/Content/Enums/ENiagara_SizeScaleMode.uexp" 162
"../../../Engine/Plugins/FX/Niagara/Content/Enums/ENiagara_UVFlippingMode.uasset" 163
"../../../Engine/Plugins/FX/Niagara/Content/Enums/ENiagara_UVFlippingMode.uexp" 164
"C:/Unreal/LostKingdom/Content/Cursor/T_Arrow.uasset" 165
"C:/Unreal/LostKingdom/Content/Cursor/T_Arrow.uexp" 166
"../../../Engine/Content/Functions/Engine_MaterialFunctions02/Utility/BreakOutFloat2Components.uasset" 167
"../../../Engine/Content/Functions/Engine_MaterialFunctions02/Utility/BreakOutFloat2Components.uexp" 168
"C:/Unreal/LostKingdom/Content/Cursor/M_Cursor.uasset" 169
"C:/Unreal/LostKingdom/Content/Cursor/M_Cursor.uexp" 170
"C:/Unreal/LostKingdom/Content/Cursor/SM_CursorMesh.ubulk" 171
"C:/Unreal/LostKingdom/Content/Cursor/SM_CursorMesh.uasset" 172
"C:/Unreal/LostKingdom/Content/Cursor/SM_CursorMesh.uexp" 173
"../../../Engine/Plugins/FX/Niagara/Content/Enums/ENiagaraRandomnessMode.uasset" 174
"../../../Engine/Plugins/FX/Niagara/Content/Enums/ENiagaraRandomnessMode.uexp" 175
"../../../Engine/Plugins/FX/Niagara/Content/Enums/ENiagaraRandomnessEvaluation.uasset" 176
"../../../Engine/Plugins/FX/Niagara/Content/Enums/ENiagaraRandomnessEvaluation.uexp" 177
"../../../Engine/Plugins/FX/Niagara/Content/Enums/Ribbons/ENiagara_UnsetDirectSetRandom.uasset" 178
"../../../Engine/Plugins/FX/Niagara/Content/Enums/Ribbons/ENiagara_UnsetDirectSetRandom.uexp" 179
"../../../Engine/Plugins/FX/Niagara/Content/Enums/ENiagara_LifetimeMode.uasset" 180
"../../../Engine/Plugins/FX/Niagara/Content/Enums/ENiagara_LifetimeMode.uexp" 181
"../../../Engine/Plugins/FX/Niagara/Content/Enums/Ribbons/ENiagara_UnsetDirectSet.uasset" 182
"../../../Engine/Plugins/FX/Niagara/Content/Enums/Ribbons/ENiagara_UnsetDirectSet.uexp" 183
"../../../Engine/Plugins/FX/Niagara/Content/Enums/ENiagara_SpriteRotationMode.uasset" 184
"../../../Engine/Plugins/FX/Niagara/Content/Enums/ENiagara_SpriteRotationMode.uexp" 185
"../../../Engine/Plugins/FX/Niagara/Content/Enums/ENiagara_ColorInitializationMode.uasset" 186
"../../../Engine/Plugins/FX/Niagara/Content/Enums/ENiagara_ColorInitializationMode.uexp" 187
"../../../Engine/Plugins/FX/Niagara/Content/Enums/ENiagaraChannelCorrelation.uasset" 188
"../../../Engine/Plugins/FX/Niagara/Content/Enums/ENiagaraChannelCorrelation.uexp" 189
"../../../Engine/Plugins/FX/Niagara/Content/Enums/ENiagaraEmitterLifeCycleMode.uasset" 190
"../../../Engine/Plugins/FX/Niagara/Content/Enums/ENiagaraEmitterLifeCycleMode.uexp" 191
"../../../Engine/Plugins/FX/Niagara/Content/Enums/ENiagara_InfiniteLoopDuration.uasset" 192
"../../../Engine/Plugins/FX/Niagara/Content/Enums/ENiagara_InfiniteLoopDuration.uexp" 193
"../../../Engine/Plugins/FX/Niagara/Content/Enums/ENiagara_EmitterStateOptions.uasset" 194
"../../../Engine/Plugins/FX/Niagara/Content/Enums/ENiagara_EmitterStateOptions.uexp" 195
"../../../Engine/Plugins/FX/Niagara/Content/Enums/ENiagaraInactiveMode.uasset" 196
"../../../Engine/Plugins/FX/Niagara/Content/Enums/ENiagaraInactiveMode.uexp" 197
"../../../Engine/Plugins/FX/Niagara/Content/Enums/ENiagaraExecutionStateManagement.uasset" 198
"../../../Engine/Plugins/FX/Niagara/Content/Enums/ENiagaraExecutionStateManagement.uexp" 199
"../../../Engine/Plugins/FX/Niagara/Content/Enums/ENiagaraEmitterScalabilityMode_Limited.uasset" 200
"../../../Engine/Plugins/FX/Niagara/Content/Enums/ENiagaraEmitterScalabilityMode_Limited.uexp" 201
"../../../Engine/Plugins/FX/Niagara/Content/Enums/ENiagaraSystemInactiveMode.uasset" 202
"../../../Engine/Plugins/FX/Niagara/Content/Enums/ENiagaraSystemInactiveMode.uexp" 203
"../../../Engine/Plugins/FX/Niagara/Content/Icons/Modules/T_Icon_Particle_InfiniteLife.uasset" 204
"../../../Engine/Plugins/FX/Niagara/Content/Icons/Modules/T_Icon_Particle_InfiniteLife.uexp" 205
"C:/Unreal/LostKingdom/Content/Cursor/FX_Cursor.uasset" 206
"C:/Unreal/LostKingdom/Content/Cursor/FX_Cursor.uexp" 207
"C:/Unreal/LostKingdom/Content/TopDown/Input/IMC_Default.uasset" 208
"C:/Unreal/LostKingdom/Content/TopDown/Input/IMC_Default.uexp" 209
"C:/Unreal/LostKingdom/Content/TopDown/Blueprints/BP_TopDownPlayerController.uasset" 210
"C:/Unreal/LostKingdom/Content/TopDown/Blueprints/BP_TopDownPlayerController.uexp" 211
"C:/Unreal/LostKingdom/Content/Characters/Mannequins/Meshes/SK_Mannequin.uasset" 212
"C:/Unreal/LostKingdom/Content/Characters/Mannequins/Meshes/SK_Mannequin.uexp" 213
"../../../Engine/Content/Animation/DefaultAnimCurveCompressionSettings.uasset" 214
"../../../Engine/Content/Animation/DefaultAnimCurveCompressionSettings.uexp" 215
"../../../Engine/Content/Animation/DefaultAnimBoneCompressionSettings.uasset" 216
"../../../Engine/Content/Animation/DefaultAnimBoneCompressionSettings.uexp" 217
"C:/Unreal/LostKingdom/Content/Characters/Mannequins/Animations/Quinn/MF_Run_Fwd.uasset" 218
"C:/Unreal/LostKingdom/Content/Characters/Mannequins/Animations/Quinn/MF_Run_Fwd.uexp" 219
"C:/Unreal/LostKingdom/Content/Characters/Mannequins/Animations/Quinn/MF_Walk_Fwd.uasset" 220
"C:/Unreal/LostKingdom/Content/Characters/Mannequins/Animations/Quinn/MF_Walk_Fwd.uexp" 221
"../../../Engine/Content/Animation/DefaultRecorderBoneCompression.uasset" 222
"../../../Engine/Content/Animation/DefaultRecorderBoneCompression.uexp" 223
"C:/Unreal/LostKingdom/Content/Characters/Mannequins/Animations/Manny/MM_Walk_InPlace.uasset" 224
"C:/Unreal/LostKingdom/Content/Characters/Mannequins/Animations/Manny/MM_Walk_InPlace.uexp" 225
"C:/Unreal/LostKingdom/Content/Characters/Mannequins/Animations/Quinn/BS_MF_Unarmed_WalkRun.uasset" 226
"C:/Unreal/LostKingdom/Content/Characters/Mannequins/Animations/Quinn/BS_MF_Unarmed_WalkRun.uexp" 227
"C:/Unreal/LostKingdom/Content/Characters/Mannequins/Animations/Quinn/MF_Idle.uasset" 228
"C:/Unreal/LostKingdom/Content/Characters/Mannequins/Animations/Quinn/MF_Idle.uexp" 229
"C:/Unreal/LostKingdom/Content/Characters/Mannequins/Animations/Manny/MM_Fall_Loop.uasset" 230
"C:/Unreal/LostKingdom/Content/Characters/Mannequins/Animations/Manny/MM_Fall_Loop.uexp" 231
"C:/Unreal/LostKingdom/Content/Characters/Mannequins/Animations/Manny/MM_Jump.uasset" 232
"C:/Unreal/LostKingdom/Content/Characters/Mannequins/Animations/Manny/MM_Jump.uexp" 233
"../../../Engine/Plugins/Animation/ControlRig/Content/Controls/DefaultGizmoLibrary.uasset" 234
"../../../Engine/Plugins/Animation/ControlRig/Content/Controls/DefaultGizmoLibrary.uexp" 235
"C:/Unreal/LostKingdom/Content/Characters/Mannequins/Rigs/CR_Mannequin_BasicFootIK.uasset" 236
"C:/Unreal/LostKingdom/Content/Characters/Mannequins/Rigs/CR_Mannequin_BasicFootIK.uexp" 237
"C:/Unreal/LostKingdom/Content/Characters/Mannequins/Animations/Manny/MM_Run_Fwd.uasset" 238
"C:/Unreal/LostKingdom/Content/Characters/Mannequins/Animations/Manny/MM_Run_Fwd.uexp" 239
"C:/Unreal/LostKingdom/Content/Characters/Mannequins/Animations/Manny/MM_Walk_Fwd.uasset" 240
"C:/Unreal/LostKingdom/Content/Characters/Mannequins/Animations/Manny/MM_Walk_Fwd.uexp" 241
"C:/Unreal/LostKingdom/Content/Characters/Mannequins/Animations/Manny/BS_MM_WalkRun.uasset" 242
"C:/Unreal/LostKingdom/Content/Characters/Mannequins/Animations/Manny/BS_MM_WalkRun.uexp" 243
"C:/Unreal/LostKingdom/Content/Characters/Mannequins/Animations/Manny/MM_Land.uasset" 244
"C:/Unreal/LostKingdom/Content/Characters/Mannequins/Animations/Manny/MM_Land.uexp" 245
"C:/Unreal/LostKingdom/Content/Characters/Mannequins/Animations/Manny/MM_Idle.uasset" 246
"C:/Unreal/LostKingdom/Content/Characters/Mannequins/Animations/Manny/MM_Idle.uexp" 247
"C:/Unreal/LostKingdom/Content/Characters/Mannequins/Animations/ABP_Manny.uasset" 248
"C:/Unreal/LostKingdom/Content/Characters/Mannequins/Animations/ABP_Manny.uexp" 249
"C:/Unreal/LostKingdom/Content/Characters/Mannequins/Animations/ABP_Quinn.uasset" 250
"C:/Unreal/LostKingdom/Content/Characters/Mannequins/Animations/ABP_Quinn.uexp" 251
"C:/Unreal/LostKingdom/Content/Characters/Mannequins/Rigs/Poses/Quinn/Quinn_foot_l_anim.uasset" 252
"C:/Unreal/LostKingdom/Content/Characters/Mannequins/Rigs/Poses/Quinn/Quinn_foot_l_anim.uexp" 253
"C:/Unreal/LostKingdom/Content/Characters/Mannequins/Rigs/Poses/Quinn/Quinn_foot_l_pose.uasset" 254
"C:/Unreal/LostKingdom/Content/Characters/Mannequins/Rigs/Poses/Quinn/Quinn_foot_l_pose.uexp" 255
"C:/Unreal/LostKingdom/Content/Characters/Mannequins/Rigs/Poses/Quinn/Quinn_clavicle_l_anim.uasset" 256
"C:/Unreal/LostKingdom/Content/Characters/Mannequins/Rigs/Poses/Quinn/Quinn_clavicle_l_anim.uexp" 257
"C:/Unreal/LostKingdom/Content/Characters/Mannequins/Rigs/Poses/Quinn/Quinn_clavicle_l_pose.uasset" 258
"C:/Unreal/LostKingdom/Content/Characters/Mannequins/Rigs/Poses/Quinn/Quinn_clavicle_l_pose.uexp" 259
"C:/Unreal/LostKingdom/Content/Characters/Mannequins/Rigs/Poses/Quinn/Quinn_clavicle_r_anim.uasset" 260
"C:/Unreal/LostKingdom/Content/Characters/Mannequins/Rigs/Poses/Quinn/Quinn_clavicle_r_anim.uexp" 261
"C:/Unreal/LostKingdom/Content/Characters/Mannequins/Rigs/Poses/Quinn/Quinn_clavicle_r_pose.uasset" 262
"C:/Unreal/LostKingdom/Content/Characters/Mannequins/Rigs/Poses/Quinn/Quinn_clavicle_r_pose.uexp" 263
"C:/Unreal/LostKingdom/Content/Characters/Mannequins/Rigs/Poses/Quinn/Quinn_upperarm_l_anim.uasset" 264
"C:/Unreal/LostKingdom/Content/Characters/Mannequins/Rigs/Poses/Quinn/Quinn_upperarm_l_anim.uexp" 265
"C:/Unreal/LostKingdom/Content/Characters/Mannequins/Rigs/Poses/Quinn/Quinn_upperarm_l_pose.uasset" 266
"C:/Unreal/LostKingdom/Content/Characters/Mannequins/Rigs/Poses/Quinn/Quinn_upperarm_l_pose.uexp" 267
"C:/Unreal/LostKingdom/Content/Characters/Mannequins/Rigs/Poses/Quinn/Quinn_lowerarm_l_anim.uasset" 268
"C:/Unreal/LostKingdom/Content/Characters/Mannequins/Rigs/Poses/Quinn/Quinn_lowerarm_l_anim.uexp" 269
"C:/Unreal/LostKingdom/Content/Characters/Mannequins/Rigs/Poses/Quinn/Quinn_lowerarm_l_pose.uasset" 270
"C:/Unreal/LostKingdom/Content/Characters/Mannequins/Rigs/Poses/Quinn/Quinn_lowerarm_l_pose.uexp" 271
"C:/Unreal/LostKingdom/Content/Characters/Mannequins/Rigs/Poses/Quinn/Quinn_calf_l_anim.uasset" 272
"C:/Unreal/LostKingdom/Content/Characters/Mannequins/Rigs/Poses/Quinn/Quinn_calf_l_anim.uexp" 273
"C:/Unreal/LostKingdom/Content/Characters/Mannequins/Rigs/Poses/Quinn/Quinn_calf_l_pose.uasset" 274
"C:/Unreal/LostKingdom/Content/Characters/Mannequins/Rigs/Poses/Quinn/Quinn_calf_l_pose.uexp" 275
"C:/Unreal/LostKingdom/Content/Characters/Mannequins/Rigs/CR_Mannequin_Procedural.uasset" 276
"C:/Unreal/LostKingdom/Content/Characters/Mannequins/Rigs/CR_Mannequin_Procedural.uexp" 277
"C:/Unreal/LostKingdom/Content/Characters/Mannequins/Rigs/Poses/Quinn/Quinn_upperarm_r_anim.uasset" 278
"C:/Unreal/LostKingdom/Content/Characters/Mannequins/Rigs/Poses/Quinn/Quinn_upperarm_r_anim.uexp" 279
"C:/Unreal/LostKingdom/Content/Characters/Mannequins/Rigs/Poses/Quinn/Quinn_upperarm_r_pose.uasset" 280
"C:/Unreal/LostKingdom/Content/Characters/Mannequins/Rigs/Poses/Quinn/Quinn_upperarm_r_pose.uexp" 281
"C:/Unreal/LostKingdom/Content/Characters/Mannequins/Rigs/Poses/Quinn/Quinn_calf_r_anim.uasset" 282
"C:/Unreal/LostKingdom/Content/Characters/Mannequins/Rigs/Poses/Quinn/Quinn_calf_r_anim.uexp" 283
"C:/Unreal/LostKingdom/Content/Characters/Mannequins/Rigs/Poses/Quinn/Quinn_calf_r_pose.uasset" 284
"C:/Unreal/LostKingdom/Content/Characters/Mannequins/Rigs/Poses/Quinn/Quinn_calf_r_pose.uexp" 285
"C:/Unreal/LostKingdom/Content/Characters/Mannequins/Rigs/Poses/Quinn/Quinn_foot_r_anim.uasset" 286
"C:/Unreal/LostKingdom/Content/Characters/Mannequins/Rigs/Poses/Quinn/Quinn_foot_r_anim.uexp" 287
"C:/Unreal/LostKingdom/Content/Characters/Mannequins/Rigs/Poses/Quinn/Quinn_foot_r_pose.uasset" 288
"C:/Unreal/LostKingdom/Content/Characters/Mannequins/Rigs/Poses/Quinn/Quinn_foot_r_pose.uexp" 289
"C:/Unreal/LostKingdom/Content/Characters/Mannequins/Rigs/Poses/Quinn/Quinn_lowerarm_r_anim.uasset" 290
"C:/Unreal/LostKingdom/Content/Characters/Mannequins/Rigs/Poses/Quinn/Quinn_lowerarm_r_anim.uexp" 291
"C:/Unreal/LostKingdom/Content/Characters/Mannequins/Rigs/Poses/Quinn/Quinn_lowerarm_r_pose.uasset" 292
"C:/Unreal/LostKingdom/Content/Characters/Mannequins/Rigs/Poses/Quinn/Quinn_lowerarm_r_pose.uexp" 293
"C:/Unreal/LostKingdom/Content/Characters/Mannequins/Rigs/Poses/Quinn/Quinn_thigh_l_anim.uasset" 294
"C:/Unreal/LostKingdom/Content/Characters/Mannequins/Rigs/Poses/Quinn/Quinn_thigh_l_anim.uexp" 295
"C:/Unreal/LostKingdom/Content/Characters/Mannequins/Rigs/Poses/Quinn/Quinn_thigh_l_pose.uasset" 296
"C:/Unreal/LostKingdom/Content/Characters/Mannequins/Rigs/Poses/Quinn/Quinn_thigh_l_pose.uexp" 297
"C:/Unreal/LostKingdom/Content/Characters/Mannequins/Rigs/Poses/Quinn/Quinn_thigh_r_anim.uasset" 298
"C:/Unreal/LostKingdom/Content/Characters/Mannequins/Rigs/Poses/Quinn/Quinn_thigh_r_anim.uexp" 299
"C:/Unreal/LostKingdom/Content/Characters/Mannequins/Rigs/Poses/Quinn/Quinn_thigh_r_pose.uasset" 300
"C:/Unreal/LostKingdom/Content/Characters/Mannequins/Rigs/Poses/Quinn/Quinn_thigh_r_pose.uexp" 301
"C:/Unreal/LostKingdom/Content/Characters/Mannequins/Rigs/Poses/Quinn/Quinn_hand_l_anim.uasset" 302
"C:/Unreal/LostKingdom/Content/Characters/Mannequins/Rigs/Poses/Quinn/Quinn_hand_l_anim.uexp" 303
"C:/Unreal/LostKingdom/Content/Characters/Mannequins/Rigs/Poses/Quinn/Quinn_hand_l_pose.uasset" 304
"C:/Unreal/LostKingdom/Content/Characters/Mannequins/Rigs/Poses/Quinn/Quinn_hand_l_pose.uexp" 305
"C:/Unreal/LostKingdom/Content/Characters/Mannequins/Rigs/Poses/Quinn/Quinn_hand_r_anim.uasset" 306
"C:/Unreal/LostKingdom/Content/Characters/Mannequins/Rigs/Poses/Quinn/Quinn_hand_r_anim.uexp" 307
"C:/Unreal/LostKingdom/Content/Characters/Mannequins/Rigs/Poses/Quinn/Quinn_hand_r_pose.uasset" 308
"C:/Unreal/LostKingdom/Content/Characters/Mannequins/Rigs/Poses/Quinn/Quinn_hand_r_pose.uexp" 309
"C:/Unreal/LostKingdom/Content/Characters/Mannequins/Rigs/ABP_Quinn_PostProcess.uasset" 310
"C:/Unreal/LostKingdom/Content/Characters/Mannequins/Rigs/ABP_Quinn_PostProcess.uexp" 311
"C:/Unreal/LostKingdom/Content/Characters/Mannequins/Textures/Quinn/T_Quinn_02ID_MSR_MSK.ubulk" 312
"C:/Unreal/LostKingdom/Content/Characters/Mannequins/Textures/Quinn/T_Quinn_02ID_MSR_MSK.uasset" 313
"C:/Unreal/LostKingdom/Content/Characters/Mannequins/Textures/Quinn/T_Quinn_02ID_MSR_MSK.uexp" 314
"C:/Unreal/LostKingdom/Content/Characters/Mannequins/Textures/Quinn/T_Quinn_02ID_BN.ubulk" 315
"C:/Unreal/LostKingdom/Content/Characters/Mannequins/Textures/Quinn/T_Quinn_02ID_BN.uasset" 316
"C:/Unreal/LostKingdom/Content/Characters/Mannequins/Textures/Quinn/T_Quinn_02ID_BN.uexp" 317
"C:/Unreal/LostKingdom/Content/Characters/Mannequins/Textures/Quinn/T_Quinn_02_ASAOMASK_MSK.ubulk" 318
"C:/Unreal/LostKingdom/Content/Characters/Mannequins/Textures/Quinn/T_Quinn_02_ASAOMASK_MSK.uasset" 319
"C:/Unreal/LostKingdom/Content/Characters/Mannequins/Textures/Quinn/T_Quinn_02_ASAOMASK_MSK.uexp" 320
"C:/Unreal/LostKingdom/Content/Characters/Mannequins/Textures/Quinn/T_Quinn_02_CCRCCPlastic_MSK.ubulk" 321
"C:/Unreal/LostKingdom/Content/Characters/Mannequins/Textures/Quinn/T_Quinn_02_CCRCCPlastic_MSK.uasset" 322
"C:/Unreal/LostKingdom/Content/Characters/Mannequins/Textures/Quinn/T_Quinn_02_CCRCCPlastic_MSK.uexp" 323
"C:/Unreal/LostKingdom/Content/Characters/Mannequins/Textures/Quinn/T_Quinn_02ID_Tan.ubulk" 324
"C:/Unreal/LostKingdom/Content/Characters/Mannequins/Textures/Quinn/T_Quinn_02ID_Tan.uasset" 325
"C:/Unreal/LostKingdom/Content/Characters/Mannequins/Textures/Quinn/T_Quinn_02ID_Tan.uexp" 326
"C:/Unreal/LostKingdom/Content/Characters/Mannequins/Textures/Quinn/T_Quinn_02ID_D.ubulk" 327
"C:/Unreal/LostKingdom/Content/Characters/Mannequins/Textures/Quinn/T_Quinn_02ID_D.uasset" 328
"C:/Unreal/LostKingdom/Content/Characters/Mannequins/Textures/Quinn/T_Quinn_02ID_D.uexp" 329
"C:/Unreal/LostKingdom/Content/Characters/Mannequins/Textures/Quinn/T_Quinn_01ID_MSR_MSK.ubulk" 330
"C:/Unreal/LostKingdom/Content/Characters/Mannequins/Textures/Quinn/T_Quinn_01ID_MSR_MSK.uasset" 331
"C:/Unreal/LostKingdom/Content/Characters/Mannequins/Textures/Quinn/T_Quinn_01ID_MSR_MSK.uexp" 332
"C:/Unreal/LostKingdom/Content/Characters/Mannequins/Materials/Functions/ChromaticCurve.uasset" 333
"C:/Unreal/LostKingdom/Content/Characters/Mannequins/Materials/Functions/ChromaticCurve.uexp" 334
"C:/Unreal/LostKingdom/Content/Characters/Mannequins/Materials/Functions/CA_Mannequin.uasset" 335
"C:/Unreal/LostKingdom/Content/Characters/Mannequins/Materials/Functions/CA_Mannequin.uexp" 336
"C:/Unreal/LostKingdom/Content/Characters/Mannequins/Materials/Functions/MF_Diffraction.uasset" 337
"C:/Unreal/LostKingdom/Content/Characters/Mannequins/Materials/Functions/MF_Diffraction.uexp" 338
"C:/Unreal/LostKingdom/Content/Characters/Mannequins/Textures/Manny/T_Manny_01_N.ubulk" 339
"C:/Unreal/LostKingdom/Content/Characters/Mannequins/Textures/Manny/T_Manny_01_N.uasset" 340
"C:/Unreal/LostKingdom/Content/Characters/Mannequins/Textures/Manny/T_Manny_01_N.uexp" 341
"C:/Unreal/LostKingdom/Content/Characters/Mannequins/Materials/Functions/ML_BaseColorFallOff.uasset" 342
"C:/Unreal/LostKingdom/Content/Characters/Mannequins/Materials/Functions/ML_BaseColorFallOff.uexp" 343
"../../../Engine/Content/Functions/Engine_MaterialFunctions01/Texturing/ScaleUVsByCenter.uasset" 344
"../../../Engine/Content/Functions/Engine_MaterialFunctions01/Texturing/ScaleUVsByCenter.uexp" 345
"C:/Unreal/LostKingdom/Content/Characters/Mannequins/Textures/Shared/T_UE_Logo_M.uasset" 346
"C:/Unreal/LostKingdom/Content/Characters/Mannequins/Textures/Shared/T_UE_Logo_M.uexp" 347
"C:/Unreal/LostKingdom/Content/Characters/Mannequins/Materials/Functions/MF_logo3layers.uasset" 348
"C:/Unreal/LostKingdom/Content/Characters/Mannequins/Materials/Functions/MF_logo3layers.uexp" 349
"C:/Unreal/LostKingdom/Content/Characters/Mannequins/Textures/Manny/T_Manny_01_CCRCCPlastic_MSK.ubulk" 350
"C:/Unreal/LostKingdom/Content/Characters/Mannequins/Textures/Manny/T_Manny_01_CCRCCPlastic_MSK.uasset" 351
"C:/Unreal/LostKingdom/Content/Characters/Mannequins/Textures/Manny/T_Manny_01_CCRCCPlastic_MSK.uexp" 352
"C:/Unreal/LostKingdom/Content/Characters/Mannequins/Textures/Manny/T_Manny_01_ASAOPMASK_MSK.ubulk" 353
"C:/Unreal/LostKingdom/Content/Characters/Mannequins/Textures/Manny/T_Manny_01_ASAOPMASK_MSK.uasset" 354
"C:/Unreal/LostKingdom/Content/Characters/Mannequins/Textures/Manny/T_Manny_01_ASAOPMASK_MSK.uexp" 355
"C:/Unreal/LostKingdom/Content/Characters/Mannequins/Textures/Manny/T_Manny_01_MSR_MSK.ubulk" 356
"C:/Unreal/LostKingdom/Content/Characters/Mannequins/Textures/Manny/T_Manny_01_MSR_MSK.uasset" 357
"C:/Unreal/LostKingdom/Content/Characters/Mannequins/Textures/Manny/T_Manny_01_MSR_MSK.uexp" 358
"C:/Unreal/LostKingdom/Content/Characters/Mannequins/Textures/Manny/T_Manny_01_BN.ubulk" 359
"C:/Unreal/LostKingdom/Content/Characters/Mannequins/Textures/Manny/T_Manny_01_BN.uasset" 360
"C:/Unreal/LostKingdom/Content/Characters/Mannequins/Textures/Manny/T_Manny_01_BN.uexp" 361
"C:/Unreal/LostKingdom/Content/Characters/Mannequins/Textures/Manny/T_Manny_01_D.ubulk" 362
"C:/Unreal/LostKingdom/Content/Characters/Mannequins/Textures/Manny/T_Manny_01_D.uasset" 363
"C:/Unreal/LostKingdom/Content/Characters/Mannequins/Textures/Manny/T_Manny_01_D.uexp" 364
"C:/Unreal/LostKingdom/Content/Characters/Mannequins/Textures/Manny/T_Manny_01_Tan.ubulk" 365
"C:/Unreal/LostKingdom/Content/Characters/Mannequins/Textures/Manny/T_Manny_01_Tan.uasset" 366
"C:/Unreal/LostKingdom/Content/Characters/Mannequins/Textures/Manny/T_Manny_01_Tan.uexp" 367
"C:/Unreal/LostKingdom/Content/Characters/Mannequins/Materials/M_Mannequin.uasset" 368
"C:/Unreal/LostKingdom/Content/Characters/Mannequins/Materials/M_Mannequin.uexp" 369
"C:/Unreal/LostKingdom/Content/Characters/Mannequins/Textures/Quinn/T_Quinn_01_ASAOMASK_MSK.ubulk" 370
"C:/Unreal/LostKingdom/Content/Characters/Mannequins/Textures/Quinn/T_Quinn_01_ASAOMASK_MSK.uasset" 371
"C:/Unreal/LostKingdom/Content/Characters/Mannequins/Textures/Quinn/T_Quinn_01_ASAOMASK_MSK.uexp" 372
"C:/Unreal/LostKingdom/Content/Characters/Mannequins/Textures/Quinn/T_Quinn_01ID_N.ubulk" 373
"C:/Unreal/LostKingdom/Content/Characters/Mannequins/Textures/Quinn/T_Quinn_01ID_N.uasset" 374
"C:/Unreal/LostKingdom/Content/Characters/Mannequins/Textures/Quinn/T_Quinn_01ID_N.uexp" 375
"C:/Unreal/LostKingdom/Content/Characters/Mannequins/Textures/Quinn/T_Quinn_01ID_BN.ubulk" 376
"C:/Unreal/LostKingdom/Content/Characters/Mannequins/Textures/Quinn/T_Quinn_01ID_BN.uasset" 377
"C:/Unreal/LostKingdom/Content/Characters/Mannequins/Textures/Quinn/T_Quinn_01ID_BN.uexp" 378
"C:/Unreal/LostKingdom/Content/Characters/Mannequins/Textures/Quinn/T_Quinn_01ID_D.ubulk" 379
"C:/Unreal/LostKingdom/Content/Characters/Mannequins/Textures/Quinn/T_Quinn_01ID_D.uasset" 380
"C:/Unreal/LostKingdom/Content/Characters/Mannequins/Textures/Quinn/T_Quinn_01ID_D.uexp" 381
"C:/Unreal/LostKingdom/Content/Characters/Mannequins/Textures/Quinn/T_Quinn_01ID_Tan.ubulk" 382
"C:/Unreal/LostKingdom/Content/Characters/Mannequins/Textures/Quinn/T_Quinn_01ID_Tan.uasset" 383
"C:/Unreal/LostKingdom/Content/Characters/Mannequins/Textures/Quinn/T_Quinn_01ID_Tan.uexp" 384
"C:/Unreal/LostKingdom/Content/Characters/Mannequins/Textures/Quinn/T_Quinn_01_CCRCCPlastic_MSK.ubulk" 385
"C:/Unreal/LostKingdom/Content/Characters/Mannequins/Textures/Quinn/T_Quinn_01_CCRCCPlastic_MSK.uasset" 386
"C:/Unreal/LostKingdom/Content/Characters/Mannequins/Textures/Quinn/T_Quinn_01_CCRCCPlastic_MSK.uexp" 387
"C:/Unreal/LostKingdom/Content/Characters/Mannequins/Materials/Instances/Quinn/MI_Quinn_01.uasset" 388
"C:/Unreal/LostKingdom/Content/Characters/Mannequins/Materials/Instances/Quinn/MI_Quinn_01.uexp" 389
"C:/Unreal/LostKingdom/Content/Characters/Mannequins/Textures/Quinn/T_Quinn_02ID_N.ubulk" 390
"C:/Unreal/LostKingdom/Content/Characters/Mannequins/Textures/Quinn/T_Quinn_02ID_N.uasset" 391
"C:/Unreal/LostKingdom/Content/Characters/Mannequins/Textures/Quinn/T_Quinn_02ID_N.uexp" 392
"C:/Unreal/LostKingdom/Content/Characters/Mannequins/Materials/Instances/Quinn/MI_Quinn_02.uasset" 393
"C:/Unreal/LostKingdom/Content/Characters/Mannequins/Materials/Instances/Quinn/MI_Quinn_02.uexp" 394
"C:/Unreal/LostKingdom/Content/Characters/Mannequins/Rigs/PA_Mannequin.uasset" 395
"C:/Unreal/LostKingdom/Content/Characters/Mannequins/Rigs/PA_Mannequin.uexp" 396
"C:/Unreal/LostKingdom/Content/Characters/Mannequins/Meshes/SKM_Quinn.uasset" 397
"C:/Unreal/LostKingdom/Content/Characters/Mannequins/Meshes/SKM_Quinn.uexp" 398
"C:/Unreal/LostKingdom/Content/TopDown/Blueprints/BP_TopDownCharacter.uasset" 399
"C:/Unreal/LostKingdom/Content/TopDown/Blueprints/BP_TopDownCharacter.uexp" 400
"../../../Engine/Content/EngineMaterials/DefaultMaterial.uasset" 401
"../../../Engine/Content/EngineMaterials/DefaultMaterial.uexp" 402
"../../../Engine/Content/BasicShapes/Sphere.ubulk" 403
"../../../Engine/Content/BasicShapes/Sphere.uasset" 404
"../../../Engine/Content/BasicShapes/Sphere.uexp" 405
"../../../Engine/Content/BasicShapes/Plane.ubulk" 406
"../../../Engine/Content/BasicShapes/Plane.uasset" 407
"../../../Engine/Content/BasicShapes/Plane.uexp" 408
"../../../Engine/Content/BasicShapes/Cylinder.ubulk" 409
"../../../Engine/Content/BasicShapes/Cylinder.uasset" 410
"../../../Engine/Content/BasicShapes/Cylinder.uexp" 411
"../../../Engine/Content/BasicShapes/Cube.ubulk" 412
"../../../Engine/Content/BasicShapes/Cube.uasset" 413
"../../../Engine/Content/BasicShapes/Cube.uexp" 414
"../../../Engine/Content/BasicShapes/Cone.ubulk" 415
"../../../Engine/Content/BasicShapes/Cone.uasset" 416
"../../../Engine/Content/BasicShapes/Cone.uexp" 417
"C:/Unreal/LostKingdom/Content/LevelPrototyping/Materials/M_Solid.uasset" 418
"C:/Unreal/LostKingdom/Content/LevelPrototyping/Materials/M_Solid.uexp" 419
"C:/Unreal/LostKingdom/Content/LevelPrototyping/Materials/MI_Solid_Blue.uasset" 420
"C:/Unreal/LostKingdom/Content/LevelPrototyping/Materials/MI_Solid_Blue.uexp" 421
"C:/Unreal/LostKingdom/Content/LevelPrototyping/Meshes/SM_ChamferCube.ubulk" 422
"C:/Unreal/LostKingdom/Content/LevelPrototyping/Meshes/SM_ChamferCube.uasset" 423
"C:/Unreal/LostKingdom/Content/LevelPrototyping/Meshes/SM_ChamferCube.uexp" 424
"C:/Unreal/LostKingdom/Content/LevelPrototyping/Materials/MI_PrototypeGrid_TopDark.uasset" 425
"C:/Unreal/LostKingdom/Content/LevelPrototyping/Materials/MI_PrototypeGrid_TopDark.uexp" 426
"../../../Engine/Content/EngineMaterials/DefaultNormal.ubulk" 427
"../../../Engine/Content/EngineMaterials/DefaultNormal.uasset" 428
"../../../Engine/Content/EngineMaterials/DefaultNormal.uexp" 429
"../../../Engine/Plugins/Interchange/Runtime/Content/Materials/MapOrLinearColorFunction.uasset" 430
"../../../Engine/Plugins/Interchange/Runtime/Content/Materials/MapOrLinearColorFunction.uexp" 431
"../../../Engine/Plugins/Interchange/Runtime/Content/Materials/MapOrScalarFunction.uasset" 432
"../../../Engine/Plugins/Interchange/Runtime/Content/Materials/MapOrScalarFunction.uexp" 433
"../../../Engine/Plugins/Interchange/Runtime/Content/Materials/MapOrColorFunction.uasset" 434
"../../../Engine/Plugins/Interchange/Runtime/Content/Materials/MapOrColorFunction.uexp" 435
"../../../Engine/Content/EngineMaterials/BaseFlattenLinearColor.uasset" 436
"../../../Engine/Content/EngineMaterials/BaseFlattenLinearColor.uexp" 437
"../../../Engine/Plugins/Interchange/Runtime/Content/Materials/CommonMaterial.uasset" 438
"../../../Engine/Plugins/Interchange/Runtime/Content/Materials/CommonMaterial.uexp" 439
"../../../Engine/Plugins/Interchange/Runtime/Content/Materials/LambertSurfaceMaterial.uasset" 440
"../../../Engine/Plugins/Interchange/Runtime/Content/Materials/LambertSurfaceMaterial.uexp" 441
"../../../Engine/Plugins/Interchange/Runtime/Content/Pipelines/DefaultMaterialPipeline.uasset" 442
"../../../Engine/Plugins/Interchange/Runtime/Content/Pipelines/DefaultMaterialPipeline.uexp" 443
"../../../Engine/Plugins/Interchange/Runtime/Content/Pipelines/DefaultAssetsPipeline.uasset" 444
"../../../Engine/Plugins/Interchange/Runtime/Content/Pipelines/DefaultAssetsPipeline.uexp" 445
"../../../Engine/Content/EditorResources/S_Terrain.ubulk" 446
"../../../Engine/Content/EditorResources/S_Terrain.uasset" 447
"../../../Engine/Content/EditorResources/S_Terrain.uexp" 448
"../../../Engine/Content/EditorResources/EmptyActor.uasset" 449
"../../../Engine/Content/EditorResources/EmptyActor.uexp" 450
"../../../Engine/Content/EditorResources/BSPVertex.uasset" 451
"../../../Engine/Content/EditorResources/BSPVertex.uexp" 452
"../../../Engine/Content/EditorResources/SequenceRecorder/RecordingIndicator.uasset" 453
"../../../Engine/Content/EditorResources/SequenceRecorder/RecordingIndicator.uexp" 454
"../../../Engine/Content/EditorResources/SequenceRecorder/Countdown.uasset" 455
"../../../Engine/Content/EditorResources/SequenceRecorder/Countdown.uexp" 456
"../../../Engine/Content/EditorLandscapeResources/DefaultAlphaTexture.uasset" 457
"../../../Engine/Content/EditorLandscapeResources/DefaultAlphaTexture.uexp" 458
"../../../Engine/Content/EditorLandscapeResources/DataLayer.uasset" 459
"../../../Engine/Content/EditorLandscapeResources/DataLayer.uexp" 460
"../../../Engine/Content/EditorMaterials/PreviewShadowIndicator.ubulk" 461
"../../../Engine/Content/EditorMaterials/PreviewShadowIndicator.uasset" 462
"../../../Engine/Content/EditorMaterials/PreviewShadowIndicator.uexp" 463
"../../../Engine/Content/EditorMaterials/PreviewShadowIndicatorMaterial.uasset" 464
"../../../Engine/Content/EditorMaterials/PreviewShadowIndicatorMaterial.uexp" 465
"../../../Engine/Content/EditorMaterials/PhAT_UnselectedMaterial.uasset" 466
"../../../Engine/Content/EditorMaterials/PhAT_UnselectedMaterial.uexp" 467
"../../../Engine/Content/EditorMaterials/PhAT_NoCollisionMaterial.uasset" 468
"../../../Engine/Content/EditorMaterials/PhAT_NoCollisionMaterial.uexp" 469
"../../../Engine/Content/Functions/Engine_MaterialFunctions02/Utility/MakeFloat4.uasset" 470
"../../../Engine/Content/Functions/Engine_MaterialFunctions02/Utility/MakeFloat4.uexp" 471
"../../../Engine/Content/EditorMaterials/WorldPartition/WorldPartitionSpatialHashGridPreviewMaterial.uasset" 472
"../../../Engine/Content/EditorMaterials/WorldPartition/WorldPartitionSpatialHashGridPreviewMaterial.uexp" 473
"../../../Engine/Plugins/Runtime/MeshModelingToolset/Content/Materials/M_DynamicMeshComponentVtxColor.uasset" 474
"../../../Engine/Plugins/Runtime/MeshModelingToolset/Content/Materials/M_DynamicMeshComponentVtxColor.uexp" 475
"../../../Engine/Content/EngineDamageTypes/DmgTypeBP_Environmental.uasset" 476
"../../../Engine/Content/EngineDamageTypes/DmgTypeBP_Environmental.uexp" 477
"../../../Engine/Content/Functions/Engine_MaterialFunctions02/Utility/CameraDirectionVector.uasset" 478
"../../../Engine/Content/Functions/Engine_MaterialFunctions02/Utility/CameraDirectionVector.uexp" 479
"../../../Engine/Content/EngineDebugMaterials/VolumeToRender.uasset" 480
"../../../Engine/Content/EngineDebugMaterials/VolumeToRender.uexp" 481
"../../../Engine/Content/EngineDebugMaterials/M_VolumeRenderSphereTracePP.uasset" 482
"../../../Engine/Content/EngineDebugMaterials/M_VolumeRenderSphereTracePP.uexp" 483
"../../../Engine/Content/EngineDebugMaterials/M_SimpleUnlitTranslucent.uasset" 484
"../../../Engine/Content/EngineDebugMaterials/M_SimpleUnlitTranslucent.uexp" 485
"../../../Engine/Content/EngineDebugMaterials/DebugMeshMaterial.uasset" 486
"../../../Engine/Content/EngineDebugMaterials/DebugMeshMaterial.uexp" 487
"../../../Engine/Content/EngineDebugMaterials/DebugEditorMaterial.uasset" 488
"../../../Engine/Content/EngineDebugMaterials/DebugEditorMaterial.uexp" 489
"../../../Engine/Content/EngineFonts/Faces/RobotoLight.uexp" 490
"../../../Engine/Content/EngineFonts/Faces/RobotoLight.uasset" 491
"../../../Engine/Content/EngineFonts/Faces/RobotoLight.ufont" 492
"../../../Engine/Content/EngineFonts/Faces/RobotoBold.uexp" 493
"../../../Engine/Content/EngineFonts/Faces/RobotoBold.uasset" 494
"../../../Engine/Content/EngineFonts/Faces/RobotoBold.ufont" 495
"../../../Engine/Content/EngineFonts/Faces/RobotoRegular.uexp" 496
"../../../Engine/Content/EngineFonts/Faces/RobotoRegular.uasset" 497
"../../../Engine/Content/EngineFonts/Faces/RobotoRegular.ufont" 498
"../../../Engine/Content/EngineFonts/Faces/DroidSansFallback.uexp" 499
"../../../Engine/Content/EngineFonts/Faces/DroidSansFallback.uasset" 500
"../../../Engine/Content/EngineFonts/Faces/DroidSansFallback.ufont" 501
"../../../Engine/Content/EngineFonts/Faces/RobotoItalic.uexp" 502
"../../../Engine/Content/EngineFonts/Faces/RobotoItalic.uasset" 503
"../../../Engine/Content/EngineFonts/Faces/RobotoItalic.ufont" 504
"../../../Engine/Content/EngineFonts/Faces/RobotoBoldItalic.uexp" 505
"../../../Engine/Content/EngineFonts/Faces/RobotoBoldItalic.uasset" 506
"../../../Engine/Content/EngineFonts/Faces/RobotoBoldItalic.ufont" 507
"../../../Engine/Content/EngineFonts/Roboto.uasset" 508
"../../../Engine/Content/EngineFonts/Roboto.uexp" 509
"../../../Engine/Content/EngineResources/WhiteSquareTexture.uasset" 510
"../../../Engine/Content/EngineResources/WhiteSquareTexture.uexp" 511
"../../../Engine/Content/EngineMaterials/Widget3DPassThrough.uasset" 512
"../../../Engine/Content/EngineMaterials/Widget3DPassThrough.uexp" 513
"../../../Engine/Content/EngineMaterials/Widget3DPassThrough_Translucent.uasset" 514
"../../../Engine/Content/EngineMaterials/Widget3DPassThrough_Translucent.uexp" 515
"../../../Engine/Content/EngineMaterials/Widget3DPassThrough_Translucent_OneSided.uasset" 516
"../../../Engine/Content/EngineMaterials/Widget3DPassThrough_Translucent_OneSided.uexp" 517
"../../../Engine/Content/EngineMaterials/Widget3DPassThrough_Opaque.uasset" 518
"../../../Engine/Content/EngineMaterials/Widget3DPassThrough_Opaque.uexp" 519
"../../../Engine/Content/EngineMaterials/Widget3DPassThrough_Opaque_OneSided.uasset" 520
"../../../Engine/Content/EngineMaterials/Widget3DPassThrough_Opaque_OneSided.uexp" 521
"../../../Engine/Content/EngineMaterials/Widget3DPassThrough_Masked_OneSided.uasset" 522
"../../../Engine/Content/EngineMaterials/Widget3DPassThrough_Masked_OneSided.uexp" 523
"../../../Engine/Content/EngineMaterials/Widget3DPassThrough_Masked.uasset" 524
"../../../Engine/Content/EngineMaterials/Widget3DPassThrough_Masked.uexp" 525
"../../../Engine/Plugins/Interchange/Runtime/Content/gltf/MaterialFunctions/MF_RotateV2.uasset" 526
"../../../Engine/Plugins/Interchange/Runtime/Content/gltf/MaterialFunctions/MF_RotateV2.uexp" 527
"../../../Engine/Plugins/Interchange/Runtime/Content/gltf/MaterialFunctions/MF_TransformUVs.uasset" 528
"../../../Engine/Plugins/Interchange/Runtime/Content/gltf/MaterialFunctions/MF_TransformUVs.uexp" 529
"../../../Engine/Plugins/Interchange/Runtime/Content/gltf/Textures/T_White_srgb.uasset" 530
"../../../Engine/Plugins/Interchange/Runtime/Content/gltf/Textures/T_White_srgb.uexp" 531
"../../../Engine/Plugins/Interchange/Runtime/Content/gltf/MaterialFunctions/MF_BaseColor.uasset" 532
"../../../Engine/Plugins/Interchange/Runtime/Content/gltf/MaterialFunctions/MF_BaseColor.uexp" 533
"../../../Engine/Plugins/Interchange/Runtime/Content/gltf/MaterialFunctions/MF_DiffuseSpecGloss.uasset" 534
"../../../Engine/Plugins/Interchange/Runtime/Content/gltf/MaterialFunctions/MF_DiffuseSpecGloss.uexp" 535
"../../../Engine/Plugins/Interchange/Runtime/Content/gltf/Textures/T_White_Linear.uasset" 536
"../../../Engine/Plugins/Interchange/Runtime/Content/gltf/Textures/T_White_Linear.uexp" 537
"../../../Engine/Plugins/Interchange/Runtime/Content/gltf/MaterialFunctions/MF_MetallicRoughness.uasset" 538
"../../../Engine/Plugins/Interchange/Runtime/Content/gltf/MaterialFunctions/MF_MetallicRoughness.uexp" 539
"../../../Engine/Content/Functions/Engine_MaterialFunctions02/Math/Transform3x3Matrix.uasset" 540
"../../../Engine/Content/Functions/Engine_MaterialFunctions02/Math/Transform3x3Matrix.uexp" 541
"../../../Engine/Plugins/Interchange/Runtime/Content/gltf/MaterialFunctions/MF_RotateNormals_TS.uasset" 542
"../../../Engine/Plugins/Interchange/Runtime/Content/gltf/MaterialFunctions/MF_RotateNormals_TS.uexp" 543
"../../../Engine/Plugins/Interchange/Runtime/Content/gltf/Textures/T_Generic_N.uasset" 544
"../../../Engine/Plugins/Interchange/Runtime/Content/gltf/Textures/T_Generic_N.uexp" 545
"../../../Engine/Plugins/Interchange/Runtime/Content/gltf/MaterialFunctions/MF_Clearcoat.uasset" 546
"../../../Engine/Plugins/Interchange/Runtime/Content/gltf/MaterialFunctions/MF_Clearcoat.uexp" 547
"../../../Engine/Plugins/Interchange/Runtime/Content/gltf/MaterialFunctions/MF_Occlusion.uasset" 548
"../../../Engine/Plugins/Interchange/Runtime/Content/gltf/MaterialFunctions/MF_Occlusion.uexp" 549
"../../../Engine/Plugins/Interchange/Runtime/Content/gltf/MaterialFunctions/MF_Emissive.uasset" 550
"../../../Engine/Plugins/Interchange/Runtime/Content/gltf/MaterialFunctions/MF_Emissive.uexp" 551
"../../../Engine/Plugins/Interchange/Runtime/Content/gltf/MaterialFunctions/MF_Specular.uasset" 552
"../../../Engine/Plugins/Interchange/Runtime/Content/gltf/MaterialFunctions/MF_Specular.uexp" 553
"../../../Engine/Plugins/Interchange/Runtime/Content/gltf/MaterialFunctions/MF_IOR.uasset" 554
"../../../Engine/Plugins/Interchange/Runtime/Content/gltf/MaterialFunctions/MF_IOR.uexp" 555
"../../../Engine/Content/Functions/Engine_MaterialFunctions01/Texturing/FlattenNormal.uasset" 556
"../../../Engine/Content/Functions/Engine_MaterialFunctions01/Texturing/FlattenNormal.uexp" 557
"../../../Engine/Plugins/Interchange/Runtime/Content/gltf/MaterialFunctions/MF_Normals.uasset" 558
"../../../Engine/Plugins/Interchange/Runtime/Content/gltf/MaterialFunctions/MF_Normals.uexp" 559
"../../../Engine/Content/Functions/Engine_MaterialFunctions02/Math/AddComponents.uasset" 560
"../../../Engine/Content/Functions/Engine_MaterialFunctions02/Math/AddComponents.uexp" 561
"../../../Engine/Plugins/Interchange/Runtime/Content/gltf/MaterialFunctions/MF_PerceivedBrightness.uasset" 562
"../../../Engine/Plugins/Interchange/Runtime/Content/gltf/MaterialFunctions/MF_PerceivedBrightness.uexp" 563
"../../../Engine/Plugins/Interchange/Runtime/Content/gltf/MaterialFunctions/MF_SpecGlossToMetalRoughness.uasset" 564
"../../../Engine/Plugins/Interchange/Runtime/Content/gltf/MaterialFunctions/MF_SpecGlossToMetalRoughness.uexp" 565
"../../../Engine/Plugins/Interchange/Runtime/Content/gltf/M_Translucent.uasset" 566
"../../../Engine/Plugins/Interchange/Runtime/Content/gltf/M_Translucent.uexp" 567
"../../../Engine/Plugins/Interchange/Runtime/Content/gltf/MaterialInstances_SG/MI_Translucent_ClearCoat.uasset" 568
"../../../Engine/Plugins/Interchange/Runtime/Content/gltf/MaterialInstances_SG/MI_Translucent_ClearCoat.uexp" 569
"../../../Engine/Content/EngineMaterials/STBlueNoise_vec2_128x128x64.uasset" 570
"../../../Engine/Content/EngineMaterials/STBlueNoise_vec2_128x128x64.uexp" 571
"../../../Engine/Content/EngineMaterials/STBlueNoise_scalar_128x128x64.uasset" 572
"../../../Engine/Content/EngineMaterials/STBlueNoise_scalar_128x128x64.uexp" 573
"../../../Engine/Content/EngineMaterials/RemoveSurfaceMaterial.uasset" 574
"../../../Engine/Content/EngineMaterials/RemoveSurfaceMaterial.uexp" 575
"../../../Engine/Plugins/Interchange/Runtime/Content/gltf/M_Opaque.uasset" 576
"../../../Engine/Plugins/Interchange/Runtime/Content/gltf/M_Opaque.uexp" 577
"../../../Engine/Plugins/Interchange/Runtime/Content/gltf/MaterialInstances_SG/MI_Opaque_TS.uasset" 578
"../../../Engine/Plugins/Interchange/Runtime/Content/gltf/MaterialInstances_SG/MI_Opaque_TS.uexp" 579
"../../../Engine/Content/EngineMaterials/DefaultCalibrationGrayscale.uasset" 580
"../../../Engine/Content/EngineMaterials/DefaultCalibrationGrayscale.uexp" 581
"../../../Engine/Content/EngineMaterials/PPM_DefaultCalibrationGrayscale.uasset" 582
"../../../Engine/Content/EngineMaterials/PPM_DefaultCalibrationGrayscale.uexp" 583
"../../../Engine/Content/EngineMaterials/DefaultCalibrationColor.uasset" 584
"../../../Engine/Content/EngineMaterials/DefaultCalibrationColor.uexp" 585
"../../../Engine/Content/EngineMaterials/PPM_DefaultCalibrationColor.uasset" 586
"../../../Engine/Content/EngineMaterials/PPM_DefaultCalibrationColor.uexp" 587
"../../../Engine/Content/Functions/Engine_MaterialFunctions02/WorldPositionOffset/CameraOffset.uasset" 588
"../../../Engine/Content/Functions/Engine_MaterialFunctions02/WorldPositionOffset/CameraOffset.uexp" 589
"../../../Engine/Content/EngineMaterials/PhAT_JointLimitMaterial.uasset" 590
"../../../Engine/Content/EngineMaterials/PhAT_JointLimitMaterial.uexp" 591
"../../../Engine/Content/EngineMaterials/InvalidLightmapSettings.ubulk" 592
"../../../Engine/Content/EngineMaterials/InvalidLightmapSettings.uasset" 593
"../../../Engine/Content/EngineMaterials/InvalidLightmapSettings.uexp" 594
"../../../Engine/Content/EngineMaterials/M_InvalidLightmapSettings.uasset" 595
"../../../Engine/Content/EngineMaterials/M_InvalidLightmapSettings.uexp" 596
"../../../Engine/Plugins/Interchange/Runtime/Content/gltf/MaterialInstances_SG/MI_Translucent.uasset" 597
"../../../Engine/Plugins/Interchange/Runtime/Content/gltf/MaterialInstances_SG/MI_Translucent.uexp" 598
"../../../Engine/Content/Functions/Engine_MaterialFunctions01/Shading/ConvertFromDiffSpec.uasset" 599
"../../../Engine/Content/Functions/Engine_MaterialFunctions01/Shading/ConvertFromDiffSpec.uexp" 600
"../../../Engine/Plugins/Interchange/Runtime/Content/Materials/PhongSurfaceMaterial.uasset" 601
"../../../Engine/Plugins/Interchange/Runtime/Content/Materials/PhongSurfaceMaterial.uexp" 602
"../../../Engine/Plugins/Interchange/Runtime/Content/gltf/MaterialFunctions/MF_Sheen.uasset" 603
"../../../Engine/Plugins/Interchange/Runtime/Content/gltf/MaterialFunctions/MF_Sheen.uexp" 604
"../../../Engine/Content/Functions/Engine_MaterialFunctions01/Shading/FuzzyShading.uasset" 605
"../../../Engine/Content/Functions/Engine_MaterialFunctions01/Shading/FuzzyShading.uexp" 606
"../../../Engine/Plugins/Interchange/Runtime/Content/gltf/M_Sheen.uasset" 607
"../../../Engine/Plugins/Interchange/Runtime/Content/gltf/M_Sheen.uexp" 608
"../../../Engine/Plugins/Interchange/Runtime/Content/gltf/MaterialInstances_SG/MI_Opaque_Sheen.uasset" 609
"../../../Engine/Plugins/Interchange/Runtime/Content/gltf/MaterialInstances_SG/MI_Opaque_Sheen.uexp" 610
"../../../Engine/Content/EngineMaterials/GizmoMaterial.uasset" 611
"../../../Engine/Content/EngineMaterials/GizmoMaterial.uexp" 612
"../../../Engine/Content/EngineMaterials/BaseFlattenEmissiveMap_VT.uasset" 613
"../../../Engine/Content/EngineMaterials/BaseFlattenEmissiveMap_VT.uexp" 614
"../../../Engine/Content/EngineMaterials/BaseFlattenGrayscaleMap_VT.uasset" 615
"../../../Engine/Content/EngineMaterials/BaseFlattenGrayscaleMap_VT.uexp" 616
"../../../Engine/Content/EngineMaterials/BaseFlattenLinearColor_VT.uasset" 617
"../../../Engine/Content/EngineMaterials/BaseFlattenLinearColor_VT.uexp" 618
"../../../Engine/Content/EngineMaterials/Black_1x1_EXR_Texture_VT.uasset" 619
"../../../Engine/Content/EngineMaterials/Black_1x1_EXR_Texture_VT.uexp" 620
"../../../Engine/Content/EngineMaterials/BaseFlattenDiffuseMap_VT.uasset" 621
"../../../Engine/Content/EngineMaterials/BaseFlattenDiffuseMap_VT.uexp" 622
"../../../Engine/Content/EngineMaterials/BaseFlattenNormalMap_VT.uasset" 623
"../../../Engine/Content/EngineMaterials/BaseFlattenNormalMap_VT.uexp" 624
"../../../Engine/Content/EngineMaterials/FlattenMaterial_WS_Normal_VT.uasset" 625
"../../../Engine/Content/EngineMaterials/FlattenMaterial_WS_Normal_VT.uexp" 626
"../../../Engine/Content/EngineMaterials/FlattenMaterial_VT.uasset" 627
"../../../Engine/Content/EngineMaterials/FlattenMaterial_VT.uexp" 628
"../../../Engine/Content/EngineMaterials/BaseFlattenNormalMap.uasset" 629
"../../../Engine/Content/EngineMaterials/BaseFlattenNormalMap.uexp" 630
"../../../Engine/Content/EngineMaterials/BaseFlattenGrayscaleMap.uasset" 631
"../../../Engine/Content/EngineMaterials/BaseFlattenGrayscaleMap.uexp" 632
"../../../Engine/Content/EngineMaterials/BaseFlattenDiffuseMap.uasset" 633
"../../../Engine/Content/EngineMaterials/BaseFlattenDiffuseMap.uexp" 634
"../../../Engine/Content/Functions/Engine_MaterialFunctions02/PivotPainter2/Black_1x1_EXR_Texture.uasset" 635
"../../../Engine/Content/Functions/Engine_MaterialFunctions02/PivotPainter2/Black_1x1_EXR_Texture.uexp" 636
"../../../Engine/Content/EngineMaterials/BaseFlattenEmissiveMap.uasset" 637
"../../../Engine/Content/EngineMaterials/BaseFlattenEmissiveMap.uexp" 638
"../../../Engine/Content/EngineMaterials/FlattenMaterial.uasset" 639
"../../../Engine/Content/EngineMaterials/FlattenMaterial.uexp" 640
"../../../Engine/Content/EngineMaterials/DefaultWhiteGrid_Low.uasset" 641
"../../../Engine/Content/EngineMaterials/DefaultWhiteGrid_Low.uexp" 642
"../../../Engine/Content/EngineMaterials/EmissiveMeshMaterial.uasset" 643
"../../../Engine/Content/EngineMaterials/EmissiveMeshMaterial.uexp" 644
"../../../Engine/Plugins/Interchange/Runtime/Content/Materials/PBRSurfaceFunction.uasset" 645
"../../../Engine/Plugins/Interchange/Runtime/Content/Materials/PBRSurfaceFunction.uexp" 646
"../../../Engine/Plugins/Interchange/Runtime/Content/Materials/PBRSurfaceMaterial.uasset" 647
"../../../Engine/Plugins/Interchange/Runtime/Content/Materials/PBRSurfaceMaterial.uexp" 648
"../../../Engine/Plugins/Interchange/Runtime/Content/gltf/MaterialInstances_SG/MI_Translucent_ClearCoat_TS.uasset" 649
"../../../Engine/Plugins/Interchange/Runtime/Content/gltf/MaterialInstances_SG/MI_Translucent_ClearCoat_TS.uexp" 650
"../../../Engine/Content/EngineFonts/RobotoDistanceField.uasset" 651
"../../../Engine/Content/EngineFonts/RobotoDistanceField.uexp" 652
"../../../Engine/Content/EngineMaterials/DefaultTextMaterialOpaque.uasset" 653
"../../../Engine/Content/EngineMaterials/DefaultTextMaterialOpaque.uexp" 654
"../../../Engine/Content/EngineMaterials/DefaultDiffuse.ubulk" 655
"../../../Engine/Content/EngineMaterials/DefaultDiffuse.uasset" 656
"../../../Engine/Content/EngineMaterials/DefaultDiffuse.uexp" 657
"../../../Engine/Content/EngineMaterials/DefaultPostProcessMaterial.uasset" 658
"../../../Engine/Content/EngineMaterials/DefaultPostProcessMaterial.uexp" 659
"../../../Engine/Content/EngineMaterials/DefaultPhysicalMaterial.uasset" 660
"../../../Engine/Content/EngineMaterials/DefaultPhysicalMaterial.uexp" 661
"../../../Engine/Content/EngineMaterials/DefaultLightFunctionMaterial.uasset" 662
"../../../Engine/Content/EngineMaterials/DefaultLightFunctionMaterial.uexp" 663
"../../../Engine/Content/EngineMaterials/DefaultDestructiblePhysicalMaterial.uasset" 664
"../../../Engine/Content/EngineMaterials/DefaultDestructiblePhysicalMaterial.uexp" 665
"../../../Engine/Content/EngineMaterials/DefaultDeferredDecalMaterial.uasset" 666
"../../../Engine/Content/EngineMaterials/DefaultDeferredDecalMaterial.uexp" 667
"../../../Engine/Plugins/Interchange/Runtime/Content/gltf/MaterialInstances_SG/MI_Opaque_Sheen_TS.uasset" 668
"../../../Engine/Plugins/Interchange/Runtime/Content/gltf/MaterialInstances_SG/MI_Opaque_Sheen_TS.uexp" 669
"../../../Engine/Content/EngineMaterials/DefaultBloomKernel.uasset" 670
"../../../Engine/Content/EngineMaterials/DefaultBloomKernel.uexp" 671
"../../../Engine/Plugins/Interchange/Runtime/Content/gltf/MaterialInstances_SG/MI_Opaque_ClearCoat_TS.uasset" 672
"../../../Engine/Plugins/Interchange/Runtime/Content/gltf/MaterialInstances_SG/MI_Opaque_ClearCoat_TS.uexp" 673
"../../../Engine/Plugins/Interchange/Runtime/Content/gltf/MaterialInstances_SG/MI_Opaque_ClearCoat.uasset" 674
"../../../Engine/Plugins/Interchange/Runtime/Content/gltf/MaterialInstances_SG/MI_Opaque_ClearCoat.uexp" 675
"../../../Engine/Plugins/Interchange/Runtime/Content/gltf/Textures/T_Black_srgb.uasset" 676
"../../../Engine/Plugins/Interchange/Runtime/Content/gltf/Textures/T_Black_srgb.uexp" 677
"../../../Engine/Plugins/Interchange/Runtime/Content/gltf/MaterialInstances_SG/MI_Opaque.uasset" 678
"../../../Engine/Plugins/Interchange/Runtime/Content/gltf/MaterialInstances_SG/MI_Opaque.uexp" 679
"../../../Engine/Plugins/Interchange/Runtime/Content/Materials/UnlitMaterial.uasset" 680
"../../../Engine/Plugins/Interchange/Runtime/Content/Materials/UnlitMaterial.uexp" 681
"../../../Engine/Plugins/Interchange/Runtime/Content/Materials/ThinTranslucentMaterial.uasset" 682
"../../../Engine/Plugins/Interchange/Runtime/Content/Materials/ThinTranslucentMaterial.uexp" 683
"../../../Engine/Plugins/Interchange/Runtime/Content/Materials/SubsurfaceMaterial.uasset" 684
"../../../Engine/Plugins/Interchange/Runtime/Content/Materials/SubsurfaceMaterial.uexp" 685
"../../../Engine/Plugins/Interchange/Runtime/Content/gltf/Textures/T_Gray_Linear.uasset" 686
"../../../Engine/Plugins/Interchange/Runtime/Content/gltf/Textures/T_Gray_Linear.uexp" 687
"../../../Engine/Plugins/Interchange/Runtime/Content/Materials/SheenMaterial.uasset" 688
"../../../Engine/Plugins/Interchange/Runtime/Content/Materials/SheenMaterial.uexp" 689
"../../../Engine/Content/EngineResources/FilmGrains/Marcie_Grain_v3_128_M2_000.uasset" 690
"../../../Engine/Content/EngineResources/FilmGrains/Marcie_Grain_v3_128_M2_000.uexp" 691
"../../../Engine/Content/EngineSky/T_Sky_Stars.ubulk" 692
"../../../Engine/Content/EngineSky/T_Sky_Stars.uasset" 693
"../../../Engine/Content/EngineSky/T_Sky_Stars.uexp" 694
"../../../Engine/Content/EngineSky/T_Sky_Clouds_M.ubulk" 695
"../../../Engine/Content/EngineSky/T_Sky_Clouds_M.uasset" 696
"../../../Engine/Content/EngineSky/T_Sky_Clouds_M.uexp" 697
"../../../Engine/Content/EngineSky/T_Sky_Blue.ubulk" 698
"../../../Engine/Content/EngineSky/T_Sky_Blue.uasset" 699
"../../../Engine/Content/EngineSky/T_Sky_Blue.uexp" 700
"../../../Engine/Content/EngineSky/M_Sky_Panning_Clouds2.uasset" 701
"../../../Engine/Content/EngineSky/M_Sky_Panning_Clouds2.uexp" 702
"../../../Engine/Content/EngineSky/SM_SkySphere.ubulk" 703
"../../../Engine/Content/EngineSky/SM_SkySphere.uasset" 704
"../../../Engine/Content/EngineSky/SM_SkySphere.uexp" 705
"../../../Engine/Content/EngineSky/M_SimpleSkyDome.uasset" 706
"../../../Engine/Content/EngineSky/M_SimpleSkyDome.uexp" 707
"../../../Engine/Content/EngineSky/VolumetricClouds/CloudWeatherTexture.uasset" 708
"../../../Engine/Content/EngineSky/VolumetricClouds/CloudWeatherTexture.uexp" 709
"../../../Engine/Content/Functions/Engine_MaterialFunctions02/Utility/MakeFloat2.uasset" 710
"../../../Engine/Content/Functions/Engine_MaterialFunctions02/Utility/MakeFloat2.uexp" 711
"../../../Engine/Content/EngineSky/VolumetricClouds/CloudGradientTexture.uasset" 712
"../../../Engine/Content/EngineSky/VolumetricClouds/CloudGradientTexture.uexp" 713
"../../../Engine/Content/EngineSky/VolumetricClouds/T_NoiseShape64.ubulk" 714
"../../../Engine/Content/EngineSky/VolumetricClouds/T_NoiseShape64.uasset" 715
"../../../Engine/Content/EngineSky/VolumetricClouds/T_NoiseShape64.uexp" 716
"../../../Engine/Content/EngineSky/VolumetricClouds/T_VolumeNoiseShape64.uasset" 717
"../../../Engine/Content/EngineSky/VolumetricClouds/T_VolumeNoiseShape64.uexp" 718
"../../../Engine/Content/EngineSky/VolumetricClouds/T_NoiseErosion.ubulk" 719
"../../../Engine/Content/EngineSky/VolumetricClouds/T_NoiseErosion.uasset" 720
"../../../Engine/Content/EngineSky/VolumetricClouds/T_NoiseErosion.uexp" 721
"../../../Engine/Content/EngineSky/VolumetricClouds/T_VolumeNoiseErosion32.uasset" 722
"../../../Engine/Content/EngineSky/VolumetricClouds/T_VolumeNoiseErosion32.uexp" 723
"../../../Engine/Content/EngineSky/VolumetricClouds/m_SimpleVolumetricCloud.uasset" 724
"../../../Engine/Content/EngineSky/VolumetricClouds/m_SimpleVolumetricCloud.uexp" 725
"../../../Engine/Content/EngineSky/VolumetricClouds/m_SimpleVolumetricCloud_Inst.uasset" 726
"../../../Engine/Content/EngineSky/VolumetricClouds/m_SimpleVolumetricCloud_Inst.uexp" 727
"../../../Engine/Content/EngineSounds/Master.uasset" 728
"../../../Engine/Content/EngineSounds/Master.uexp" 729
"../../../Engine/Content/Functions/Engine_MaterialFunctions01/Shading/PowerToRoughness.uasset" 730
"../../../Engine/Content/Functions/Engine_MaterialFunctions01/Shading/PowerToRoughness.uexp" 731
"../../../Engine/Content/Maps/Templates/HLODs/HLODLayer_Merged.uasset" 732
"../../../Engine/Content/Maps/Templates/HLODs/HLODLayer_Merged.uexp" 733
"../../../Engine/Plugins/Editor/SpeedTreeImporter/Content/SpeedTree9/game_wind_noise.ubulk" 734
"../../../Engine/Plugins/Editor/SpeedTreeImporter/Content/SpeedTree9/game_wind_noise.uasset" 735
"../../../Engine/Plugins/Editor/SpeedTreeImporter/Content/SpeedTree9/game_wind_noise.uexp" 736
"../../../Engine/Plugins/Editor/SpeedTreeImporter/Content/SpeedTree9/UnpackDirection.uasset" 737
"../../../Engine/Plugins/Editor/SpeedTreeImporter/Content/SpeedTree9/UnpackDirection.uexp" 738
"../../../Engine/Content/Functions/Engine_MaterialFunctions02/ObjectLocalBounds.uasset" 739
"../../../Engine/Content/Functions/Engine_MaterialFunctions02/ObjectLocalBounds.uexp" 740
"../../../Engine/Content/Functions/Engine_MaterialFunctions02/UVs/BoundingBoxBased_0-1_UVW.uasset" 741
"../../../Engine/Content/Functions/Engine_MaterialFunctions02/UVs/BoundingBoxBased_0-1_UVW.uexp" 742
"../../../Engine/Content/Functions/Engine_MaterialFunctions02/Utility/VectorLength.uasset" 743
"../../../Engine/Content/Functions/Engine_MaterialFunctions02/Utility/VectorLength.uexp" 744
"../../../Engine/Plugins/Editor/SpeedTreeImporter/Content/SpeedTree9/UnpackInteger3.uasset" 745
"../../../Engine/Plugins/Editor/SpeedTreeImporter/Content/SpeedTree9/UnpackInteger3.uexp" 746
"../../../Engine/Plugins/Editor/SpeedTreeImporter/Content/SpeedTree9/SpeedTreeCameraFacing.uasset" 747
"../../../Engine/Plugins/Editor/SpeedTreeImporter/Content/SpeedTree9/SpeedTreeCameraFacing.uexp" 748
"../../../Engine/Content/Functions/Engine_MaterialFunctions02/WorldPositionOffset/ObjectScale.uasset" 749
"../../../Engine/Content/Functions/Engine_MaterialFunctions02/WorldPositionOffset/ObjectScale.uexp" 750
"../../../Engine/Content/Functions/Engine_MaterialFunctions02/SafeNormalize.uasset" 751
"../../../Engine/Content/Functions/Engine_MaterialFunctions02/SafeNormalize.uexp" 752
"../../../Engine/Plugins/Editor/SpeedTreeImporter/Content/SpeedTree9/SpeedTreeWindMotion.uasset" 753
"../../../Engine/Plugins/Editor/SpeedTreeImporter/Content/SpeedTree9/SpeedTreeWindMotion.uexp" 754
"../../../Engine/Plugins/Editor/SpeedTreeImporter/Content/SpeedTree9/SpeedTreeBranchMotion.uasset" 755
"../../../Engine/Plugins/Editor/SpeedTreeImporter/Content/SpeedTree9/SpeedTreeBranchMotion.uexp" 756
"../../../Engine/Plugins/Editor/SpeedTreeImporter/Content/SpeedTree9/SpeedTreeWind.uasset" 757
"../../../Engine/Plugins/Editor/SpeedTreeImporter/Content/SpeedTree9/SpeedTreeWind.uexp" 758
"../../../Engine/Plugins/Editor/SpeedTreeImporter/Content/SpeedTree9/EmptyNormal.uasset" 759
"../../../Engine/Plugins/Editor/SpeedTreeImporter/Content/SpeedTree9/EmptyNormal.uexp" 760
"../../../Engine/Plugins/Editor/SpeedTreeImporter/Content/SpeedTree9/Empty.uasset" 761
"../../../Engine/Plugins/Editor/SpeedTreeImporter/Content/SpeedTree9/Empty.uexp" 762
"../../../Engine/Plugins/Editor/SpeedTreeImporter/Content/SpeedTree9/SpeedTreeMaster.uasset" 763
"../../../Engine/Plugins/Editor/SpeedTreeImporter/Content/SpeedTree9/SpeedTreeMaster.uexp" 764
"../../../Engine/Plugins/Editor/SpeedTreeImporter/Content/SpeedTree9/SpeedTreeBillboard.uasset" 765
"../../../Engine/Plugins/Editor/SpeedTreeImporter/Content/SpeedTree9/SpeedTreeBillboard.uexp" 766
"../../../Engine/Plugins/Editor/SpeedTreeImporter/Content/SpeedTree9/SpeedTreeBillboardMaster.uasset" 767
"../../../Engine/Plugins/Editor/SpeedTreeImporter/Content/SpeedTree9/SpeedTreeBillboardMaster.uexp" 768
"../../../Engine/Content/EngineMaterials/FlatNormal.uasset" 769
"../../../Engine/Content/EngineMaterials/FlatNormal.uexp" 770
"../../../Engine/Plugins/Interchange/Runtime/Content/Functions/MF_OrenNayerView.uasset" 771
"../../../Engine/Plugins/Interchange/Runtime/Content/Functions/MF_OrenNayerView.uexp" 772
"../../../Engine/Content/EditorLandscapeResources/WhiteSquareTexture.uasset" 773
"../../../Engine/Content/EditorLandscapeResources/WhiteSquareTexture.uexp" 774
"../../../Engine/Plugins/Interchange/Runtime/Content/Functions/MF_SchlickApprox.uasset" 775
"../../../Engine/Plugins/Interchange/Runtime/Content/Functions/MF_SchlickApprox.uexp" 776
"../../../Engine/Plugins/Interchange/Runtime/Content/Utilities/New_LUT.uasset" 777
"../../../Engine/Plugins/Interchange/Runtime/Content/Utilities/New_LUT.uexp" 778
"../../../Engine/Content/Functions/Engine_MaterialFunctions03/Math/RemapValueRange.uasset" 779
"../../../Engine/Content/Functions/Engine_MaterialFunctions03/Math/RemapValueRange.uexp" 780
"../../../Engine/Plugins/Interchange/Runtime/Content/Functions/MF_Iridescence.uasset" 781
"../../../Engine/Plugins/Interchange/Runtime/Content/Functions/MF_Iridescence.uexp" 782
"../../../Engine/Plugins/Interchange/Runtime/Content/Materials/OrenNayerMaterial.uasset" 783
"../../../Engine/Plugins/Interchange/Runtime/Content/Materials/OrenNayerMaterial.uexp" 784
"../../../Engine/Plugins/Animation/ControlRig/Content/M_Manip.uasset" 785
"../../../Engine/Plugins/Animation/ControlRig/Content/M_Manip.uexp" 786
"../../../Engine/Plugins/Animation/ControlRig/Content/Controls/DefaultGizmoLibraryNormalized.uasset" 787
"../../../Engine/Plugins/Animation/ControlRig/Content/Controls/DefaultGizmoLibraryNormalized.uexp" 788
"../../../Engine/Plugins/Animation/ControlRig/Content/Controls/ControlRig_Wedge_solid.ubulk" 789
"../../../Engine/Plugins/Animation/ControlRig/Content/Controls/ControlRig_Wedge_solid.uasset" 790
"../../../Engine/Plugins/Animation/ControlRig/Content/Controls/ControlRig_Wedge_solid.uexp" 791
"../../../Engine/Plugins/Animation/ControlRig/Content/Controls/ControlRig_Wedge_3mm.ubulk" 792
"../../../Engine/Plugins/Animation/ControlRig/Content/Controls/ControlRig_Wedge_3mm.uasset" 793
"../../../Engine/Plugins/Animation/ControlRig/Content/Controls/ControlRig_Wedge_3mm.uexp" 794
"../../../Engine/Plugins/Animation/ControlRig/Content/Controls/ControlRig_Wedge_1mm.ubulk" 795
"../../../Engine/Plugins/Animation/ControlRig/Content/Controls/ControlRig_Wedge_1mm.uasset" 796
"../../../Engine/Plugins/Animation/ControlRig/Content/Controls/ControlRig_Wedge_1mm.uexp" 797
"../../../Engine/Plugins/Animation/ControlRig/Content/Controls/ControlRig_Triangle_solid.ubulk" 798
"../../../Engine/Plugins/Animation/ControlRig/Content/Controls/ControlRig_Triangle_solid.uasset" 799
"../../../Engine/Plugins/Animation/ControlRig/Content/Controls/ControlRig_Triangle_solid.uexp" 800
"../../../Engine/Plugins/Animation/ControlRig/Content/Controls/ControlRig_Triangle_3mm.ubulk" 801
"../../../Engine/Plugins/Animation/ControlRig/Content/Controls/ControlRig_Triangle_3mm.uasset" 802
"../../../Engine/Plugins/Animation/ControlRig/Content/Controls/ControlRig_Triangle_3mm.uexp" 803
"../../../Engine/Plugins/Animation/ControlRig/Content/Controls/ControlRig_Triangle_1mm.ubulk" 804
"../../../Engine/Plugins/Animation/ControlRig/Content/Controls/ControlRig_Triangle_1mm.uasset" 805
"../../../Engine/Plugins/Animation/ControlRig/Content/Controls/ControlRig_Triangle_1mm.uexp" 806
"../../../Engine/Plugins/Animation/ControlRig/Content/Controls/ControlRig_Star4_solid.ubulk" 807
"../../../Engine/Plugins/Animation/ControlRig/Content/Controls/ControlRig_Star4_solid.uasset" 808
"../../../Engine/Plugins/Animation/ControlRig/Content/Controls/ControlRig_Star4_solid.uexp" 809
"../../../Engine/Plugins/Animation/ControlRig/Content/Controls/ControlRig_Star4_3mm.ubulk" 810
"../../../Engine/Plugins/Animation/ControlRig/Content/Controls/ControlRig_Star4_3mm.uasset" 811
"../../../Engine/Plugins/Animation/ControlRig/Content/Controls/ControlRig_Star4_3mm.uexp" 812
"../../../Engine/Plugins/Animation/ControlRig/Content/Controls/ControlRig_Star4_1mm.ubulk" 813
"../../../Engine/Plugins/Animation/ControlRig/Content/Controls/ControlRig_Star4_1mm.uasset" 814
"../../../Engine/Plugins/Animation/ControlRig/Content/Controls/ControlRig_Star4_1mm.uexp" 815
"../../../Engine/Plugins/Animation/ControlRig/Content/Controls/ControlRig_Square_solid.ubulk" 816
"../../../Engine/Plugins/Animation/ControlRig/Content/Controls/ControlRig_Square_solid.uasset" 817
"../../../Engine/Plugins/Animation/ControlRig/Content/Controls/ControlRig_Square_solid.uexp" 818
"../../../Engine/Plugins/Animation/ControlRig/Content/Controls/ControlRig_Square_3mm.ubulk" 819
"../../../Engine/Plugins/Animation/ControlRig/Content/Controls/ControlRig_Square_3mm.uasset" 820
"../../../Engine/Plugins/Animation/ControlRig/Content/Controls/ControlRig_Square_3mm.uexp" 821
"../../../Engine/Plugins/Animation/ControlRig/Content/Controls/ControlRig_Square_1mm.ubulk" 822
"../../../Engine/Plugins/Animation/ControlRig/Content/Controls/ControlRig_Square_1mm.uasset" 823
"../../../Engine/Plugins/Animation/ControlRig/Content/Controls/ControlRig_Square_1mm.uexp" 824
"../../../Engine/Plugins/Animation/ControlRig/Content/Controls/ControlRig_Sphere_solid.ubulk" 825
"../../../Engine/Plugins/Animation/ControlRig/Content/Controls/ControlRig_Sphere_solid.uasset" 826
"../../../Engine/Plugins/Animation/ControlRig/Content/Controls/ControlRig_Sphere_solid.uexp" 827
"../../../Engine/Plugins/Animation/ControlRig/Content/Controls/ControlRig_Sphere_3mm.ubulk" 828
"../../../Engine/Plugins/Animation/ControlRig/Content/Controls/ControlRig_Sphere_3mm.uasset" 829
"../../../Engine/Plugins/Animation/ControlRig/Content/Controls/ControlRig_Sphere_3mm.uexp" 830
"../../../Engine/Plugins/Animation/ControlRig/Content/Controls/ControlRig_Sphere_1mm.ubulk" 831
"../../../Engine/Plugins/Animation/ControlRig/Content/Controls/ControlRig_Sphere_1mm.uasset" 832
"../../../Engine/Plugins/Animation/ControlRig/Content/Controls/ControlRig_Sphere_1mm.uexp" 833
"../../../Engine/Plugins/Animation/ControlRig/Content/Controls/ControlRig_RoundedTriangle_solid.ubulk" 834
"../../../Engine/Plugins/Animation/ControlRig/Content/Controls/ControlRig_RoundedTriangle_solid.uasset" 835
"../../../Engine/Plugins/Animation/ControlRig/Content/Controls/ControlRig_RoundedTriangle_solid.uexp" 836
"../../../Engine/Plugins/Animation/ControlRig/Content/Controls/ControlRig_RoundedTriangle_3mm.ubulk" 837
"../../../Engine/Plugins/Animation/ControlRig/Content/Controls/ControlRig_RoundedTriangle_3mm.uasset" 838
"../../../Engine/Plugins/Animation/ControlRig/Content/Controls/ControlRig_RoundedTriangle_3mm.uexp" 839
"../../../Engine/Plugins/Animation/ControlRig/Content/Controls/ControlRig_RoundedTriangle_1mm.ubulk" 840
"../../../Engine/Plugins/Animation/ControlRig/Content/Controls/ControlRig_RoundedTriangle_1mm.uasset" 841
"../../../Engine/Plugins/Animation/ControlRig/Content/Controls/ControlRig_RoundedTriangle_1mm.uexp" 842
"../../../Engine/Plugins/Animation/ControlRig/Content/Controls/ControlRig_RoundedSquare_solid.ubulk" 843
"../../../Engine/Plugins/Animation/ControlRig/Content/Controls/ControlRig_RoundedSquare_solid.uasset" 844
"../../../Engine/Plugins/Animation/ControlRig/Content/Controls/ControlRig_RoundedSquare_solid.uexp" 845
"../../../Engine/Plugins/Animation/ControlRig/Content/Controls/ControlRig_RoundedSquare_3mm.ubulk" 846
"../../../Engine/Plugins/Animation/ControlRig/Content/Controls/ControlRig_RoundedSquare_3mm.uasset" 847
"../../../Engine/Plugins/Animation/ControlRig/Content/Controls/ControlRig_RoundedSquare_3mm.uexp" 848
"../../../Engine/Plugins/Animation/ControlRig/Content/Controls/ControlRig_RoundedSquare_1mm.ubulk" 849
"../../../Engine/Plugins/Animation/ControlRig/Content/Controls/ControlRig_RoundedSquare_1mm.uasset" 850
"../../../Engine/Plugins/Animation/ControlRig/Content/Controls/ControlRig_RoundedSquare_1mm.uexp" 851
"../../../Engine/Plugins/Animation/ControlRig/Content/Controls/ControlRig_QuarterCircle_solid.ubulk" 852
"../../../Engine/Plugins/Animation/ControlRig/Content/Controls/ControlRig_QuarterCircle_solid.uasset" 853
"../../../Engine/Plugins/Animation/ControlRig/Content/Controls/ControlRig_QuarterCircle_solid.uexp" 854
"../../../Engine/Plugins/Animation/ControlRig/Content/Controls/ControlRig_QuarterCircle_3mm.ubulk" 855
"../../../Engine/Plugins/Animation/ControlRig/Content/Controls/ControlRig_QuarterCircle_3mm.uasset" 856
"../../../Engine/Plugins/Animation/ControlRig/Content/Controls/ControlRig_QuarterCircle_3mm.uexp" 857
"../../../Engine/Plugins/Animation/ControlRig/Content/Controls/ControlRig_QuarterCircle_1mm.ubulk" 858
"../../../Engine/Plugins/Animation/ControlRig/Content/Controls/ControlRig_QuarterCircle_1mm.uasset" 859
"../../../Engine/Plugins/Animation/ControlRig/Content/Controls/ControlRig_QuarterCircle_1mm.uexp" 860
"../../../Engine/Plugins/Animation/ControlRig/Content/Controls/ControlRig_Pyramid_solid.ubulk" 861
"../../../Engine/Plugins/Animation/ControlRig/Content/Controls/ControlRig_Pyramid_solid.uasset" 862
"../../../Engine/Plugins/Animation/ControlRig/Content/Controls/ControlRig_Pyramid_solid.uexp" 863
"../../../Engine/Plugins/Animation/ControlRig/Content/Controls/ControlRig_Pyramid_3mm.ubulk" 864
"../../../Engine/Plugins/Animation/ControlRig/Content/Controls/ControlRig_Pyramid_3mm.uasset" 865
"../../../Engine/Plugins/Animation/ControlRig/Content/Controls/ControlRig_Pyramid_3mm.uexp" 866
"../../../Engine/Plugins/Animation/ControlRig/Content/Controls/ControlRig_Pyramid_1mm.ubulk" 867
"../../../Engine/Plugins/Animation/ControlRig/Content/Controls/ControlRig_Pyramid_1mm.uasset" 868
"../../../Engine/Plugins/Animation/ControlRig/Content/Controls/ControlRig_Pyramid_1mm.uexp" 869
"../../../Engine/Plugins/Animation/ControlRig/Content/Controls/ControlRig_Octagon_solid.ubulk" 870
"../../../Engine/Plugins/Animation/ControlRig/Content/Controls/ControlRig_Octagon_solid.uasset" 871
"../../../Engine/Plugins/Animation/ControlRig/Content/Controls/ControlRig_Octagon_solid.uexp" 872
"../../../Engine/Plugins/Animation/ControlRig/Content/Controls/ControlRig_Octagon_3mm.ubulk" 873
"../../../Engine/Plugins/Animation/ControlRig/Content/Controls/ControlRig_Octagon_3mm.uasset" 874
"../../../Engine/Plugins/Animation/ControlRig/Content/Controls/ControlRig_Octagon_3mm.uexp" 875
"../../../Engine/Plugins/Animation/ControlRig/Content/Controls/ControlRig_Octagon_1mm.ubulk" 876
"../../../Engine/Plugins/Animation/ControlRig/Content/Controls/ControlRig_Octagon_1mm.uasset" 877
"../../../Engine/Plugins/Animation/ControlRig/Content/Controls/ControlRig_Octagon_1mm.uexp" 878
"../../../Engine/Plugins/Animation/ControlRig/Content/Controls/ControlRig_Hexagon_solid.ubulk" 879
"../../../Engine/Plugins/Animation/ControlRig/Content/Controls/ControlRig_Hexagon_solid.uasset" 880
"../../../Engine/Plugins/Animation/ControlRig/Content/Controls/ControlRig_Hexagon_solid.uexp" 881
"../../../Engine/Plugins/Animation/ControlRig/Content/Controls/ControlRig_Hexagon_3mm.ubulk" 882
"../../../Engine/Plugins/Animation/ControlRig/Content/Controls/ControlRig_Hexagon_3mm.uasset" 883
"../../../Engine/Plugins/Animation/ControlRig/Content/Controls/ControlRig_Hexagon_3mm.uexp" 884
"../../../Engine/Plugins/Animation/ControlRig/Content/Controls/ControlRig_Hexagon_1mm.ubulk" 885
"../../../Engine/Plugins/Animation/ControlRig/Content/Controls/ControlRig_Hexagon_1mm.uasset" 886
"../../../Engine/Plugins/Animation/ControlRig/Content/Controls/ControlRig_Hexagon_1mm.uexp" 887
"../../../Engine/Plugins/Animation/ControlRig/Content/Controls/ControlRig_HalfCircle_solid.ubulk" 888
"../../../Engine/Plugins/Animation/ControlRig/Content/Controls/ControlRig_HalfCircle_solid.uasset" 889
"../../../Engine/Plugins/Animation/ControlRig/Content/Controls/ControlRig_HalfCircle_solid.uexp" 890
"../../../Engine/Plugins/Animation/ControlRig/Content/Controls/ControlRig_HalfCircle_3mm.ubulk" 891
"../../../Engine/Plugins/Animation/ControlRig/Content/Controls/ControlRig_HalfCircle_3mm.uasset" 892
"../../../Engine/Plugins/Animation/ControlRig/Content/Controls/ControlRig_HalfCircle_3mm.uexp" 893
"../../../Engine/Plugins/Animation/ControlRig/Content/Controls/ControlRig_HalfCircle_1mm.ubulk" 894
"../../../Engine/Plugins/Animation/ControlRig/Content/Controls/ControlRig_HalfCircle_1mm.uasset" 895
"../../../Engine/Plugins/Animation/ControlRig/Content/Controls/ControlRig_HalfCircle_1mm.uexp" 896
"../../../Engine/Plugins/Animation/ControlRig/Content/Controls/ControlRig_Diamond_solid.ubulk" 897
"../../../Engine/Plugins/Animation/ControlRig/Content/Controls/ControlRig_Diamond_solid.uasset" 898
"../../../Engine/Plugins/Animation/ControlRig/Content/Controls/ControlRig_Diamond_solid.uexp" 899
"../../../Engine/Plugins/Animation/ControlRig/Content/Controls/ControlRig_Diamond_3mm.ubulk" 900
"../../../Engine/Plugins/Animation/ControlRig/Content/Controls/ControlRig_Diamond_3mm.uasset" 901
"../../../Engine/Plugins/Animation/ControlRig/Content/Controls/ControlRig_Diamond_3mm.uexp" 902
"../../../Engine/Plugins/Animation/ControlRig/Content/Controls/ControlRig_Diamond_1mm.ubulk" 903
"../../../Engine/Plugins/Animation/ControlRig/Content/Controls/ControlRig_Diamond_1mm.uasset" 904
"../../../Engine/Plugins/Animation/ControlRig/Content/Controls/ControlRig_Diamond_1mm.uexp" 905
"../../../Engine/Plugins/Animation/ControlRig/Content/Controls/ControlRig_Circle_solid.ubulk" 906
"../../../Engine/Plugins/Animation/ControlRig/Content/Controls/ControlRig_Circle_solid.uasset" 907
"../../../Engine/Plugins/Animation/ControlRig/Content/Controls/ControlRig_Circle_solid.uexp" 908
"../../../Engine/Plugins/Animation/ControlRig/Content/Controls/ControlRig_Circle_3mm.ubulk" 909
"../../../Engine/Plugins/Animation/ControlRig/Content/Controls/ControlRig_Circle_3mm.uasset" 910
"../../../Engine/Plugins/Animation/ControlRig/Content/Controls/ControlRig_Circle_3mm.uexp" 911
"../../../Engine/Plugins/Animation/ControlRig/Content/Controls/ControlRig_Circle_1mm.ubulk" 912
"../../../Engine/Plugins/Animation/ControlRig/Content/Controls/ControlRig_Circle_1mm.uasset" 913
"../../../Engine/Plugins/Animation/ControlRig/Content/Controls/ControlRig_Circle_1mm.uexp" 914
"../../../Engine/Plugins/Animation/ControlRig/Content/Controls/ControlRig_Box_solid.ubulk" 915
"../../../Engine/Plugins/Animation/ControlRig/Content/Controls/ControlRig_Box_solid.uasset" 916
"../../../Engine/Plugins/Animation/ControlRig/Content/Controls/ControlRig_Box_solid.uexp" 917
"../../../Engine/Plugins/Animation/ControlRig/Content/Controls/ControlRig_Box_3mm.ubulk" 918
"../../../Engine/Plugins/Animation/ControlRig/Content/Controls/ControlRig_Box_3mm.uasset" 919
"../../../Engine/Plugins/Animation/ControlRig/Content/Controls/ControlRig_Box_3mm.uexp" 920
"../../../Engine/Plugins/Animation/ControlRig/Content/Controls/ControlRig_Box_1mm.ubulk" 921
"../../../Engine/Plugins/Animation/ControlRig/Content/Controls/ControlRig_Box_1mm.uasset" 922
"../../../Engine/Plugins/Animation/ControlRig/Content/Controls/ControlRig_Box_1mm.uexp" 923
"../../../Engine/Plugins/Animation/ControlRig/Content/Controls/ControlRig_Arrow_solid.ubulk" 924
"../../../Engine/Plugins/Animation/ControlRig/Content/Controls/ControlRig_Arrow_solid.uasset" 925
"../../../Engine/Plugins/Animation/ControlRig/Content/Controls/ControlRig_Arrow_solid.uexp" 926
"../../../Engine/Plugins/Animation/ControlRig/Content/Controls/ControlRig_Arrow_3mm.ubulk" 927
"../../../Engine/Plugins/Animation/ControlRig/Content/Controls/ControlRig_Arrow_3mm.uasset" 928
"../../../Engine/Plugins/Animation/ControlRig/Content/Controls/ControlRig_Arrow_3mm.uexp" 929
"../../../Engine/Plugins/Animation/ControlRig/Content/Controls/ControlRig_Arrow_1mm.ubulk" 930
"../../../Engine/Plugins/Animation/ControlRig/Content/Controls/ControlRig_Arrow_1mm.uasset" 931
"../../../Engine/Plugins/Animation/ControlRig/Content/Controls/ControlRig_Arrow_1mm.uexp" 932
"../../../Engine/Plugins/Animation/ControlRig/Content/Controls/ControlRig_Arrow4_solid.ubulk" 933
"../../../Engine/Plugins/Animation/ControlRig/Content/Controls/ControlRig_Arrow4_solid.uasset" 934
"../../../Engine/Plugins/Animation/ControlRig/Content/Controls/ControlRig_Arrow4_solid.uexp" 935
"../../../Engine/Plugins/Animation/ControlRig/Content/Controls/ControlRig_Arrow4_3mm.ubulk" 936
"../../../Engine/Plugins/Animation/ControlRig/Content/Controls/ControlRig_Arrow4_3mm.uasset" 937
"../../../Engine/Plugins/Animation/ControlRig/Content/Controls/ControlRig_Arrow4_3mm.uexp" 938
"../../../Engine/Plugins/Animation/ControlRig/Content/Controls/ControlRig_Arrow4_1mm.ubulk" 939
"../../../Engine/Plugins/Animation/ControlRig/Content/Controls/ControlRig_Arrow4_1mm.uasset" 940
"../../../Engine/Plugins/Animation/ControlRig/Content/Controls/ControlRig_Arrow4_1mm.uexp" 941
"../../../Engine/Plugins/Animation/ControlRig/Content/Controls/ControlRig_Arrow2_solid.ubulk" 942
"../../../Engine/Plugins/Animation/ControlRig/Content/Controls/ControlRig_Arrow2_solid.uasset" 943
"../../../Engine/Plugins/Animation/ControlRig/Content/Controls/ControlRig_Arrow2_solid.uexp" 944
"../../../Engine/Plugins/Animation/ControlRig/Content/Controls/ControlRig_Arrow2_3mm.ubulk" 945
"../../../Engine/Plugins/Animation/ControlRig/Content/Controls/ControlRig_Arrow2_3mm.uasset" 946
"../../../Engine/Plugins/Animation/ControlRig/Content/Controls/ControlRig_Arrow2_3mm.uexp" 947
"../../../Engine/Plugins/Animation/ControlRig/Content/Controls/ControlRig_Arrow2_1mm.ubulk" 948
"../../../Engine/Plugins/Animation/ControlRig/Content/Controls/ControlRig_Arrow2_1mm.uasset" 949
"../../../Engine/Plugins/Animation/ControlRig/Content/Controls/ControlRig_Arrow2_1mm.uexp" 950
"../../../Engine/Plugins/Animation/ControlRig/Content/Controls/ControlRigXRayMaterial.uasset" 951
"../../../Engine/Plugins/Animation/ControlRig/Content/Controls/ControlRigXRayMaterial.uexp" 952
"../../../Engine/Plugins/Animation/ControlRig/Content/Controls/ControlRigGizmoMaterial.uasset" 953
"../../../Engine/Plugins/Animation/ControlRig/Content/Controls/ControlRigGizmoMaterial.uexp" 954
"../../../Engine/Plugins/2D/Paper2D/Content/PlaceholderTextures/DummySpriteTexture.ubulk" 955
"../../../Engine/Plugins/2D/Paper2D/Content/PlaceholderTextures/DummySpriteTexture.uasset" 956
"../../../Engine/Plugins/2D/Paper2D/Content/PlaceholderTextures/DummySpriteTexture.uexp" 957
"../../../Engine/Plugins/2D/Paper2D/Content/DefaultSpriteMaterial.uasset" 958
"../../../Engine/Plugins/2D/Paper2D/Content/DefaultSpriteMaterial.uexp" 959
"../../../Engine/Plugins/2D/Paper2D/Content/OpaqueUnlitSpriteMaterial.uasset" 960
"../../../Engine/Plugins/2D/Paper2D/Content/OpaqueUnlitSpriteMaterial.uexp" 961
"../../../Engine/Plugins/2D/Paper2D/Content/MaskedUnlitSpriteMaterial.uasset" 962
"../../../Engine/Plugins/2D/Paper2D/Content/MaskedUnlitSpriteMaterial.uexp" 963
"../../../Engine/Plugins/2D/Paper2D/Content/DummySprite.uasset" 964
"../../../Engine/Plugins/2D/Paper2D/Content/DummySprite.uexp" 965
"../../../Engine/Plugins/2D/Paper2D/Content/DefaultPaperTerrainMaterial.uasset" 966
"../../../Engine/Plugins/2D/Paper2D/Content/DefaultPaperTerrainMaterial.uexp" 967
"../../../Engine/Plugins/Interchange/Runtime/Content/Pipelines/DefaultTexturePipeline.uasset" 968
"../../../Engine/Plugins/Interchange/Runtime/Content/Pipelines/DefaultTexturePipeline.uexp" 969
"../../../Engine/Plugins/Interchange/Runtime/Content/Pipelines/DefaultSceneLevelPipeline.uasset" 970
"../../../Engine/Plugins/Interchange/Runtime/Content/Pipelines/DefaultSceneLevelPipeline.uexp" 971
"../../../Engine/Plugins/Interchange/Runtime/Content/Pipelines/DefaultSceneAssetsPipeline.uasset" 972
"../../../Engine/Plugins/Interchange/Runtime/Content/Pipelines/DefaultSceneAssetsPipeline.uexp" 973
"../../../Engine/Plugins/Interchange/Runtime/Content/Materials/ClearCoatMaterial.uasset" 974
"../../../Engine/Plugins/Interchange/Runtime/Content/Materials/ClearCoatMaterial.uexp" 975
"../../../Engine/Content/Functions/Engine_MaterialFunctions02/Texturing/CustomRotator.uasset" 976
"../../../Engine/Content/Functions/Engine_MaterialFunctions02/Texturing/CustomRotator.uexp" 977
"../../../Engine/Content/Functions/Engine_MaterialFunctions02/Texturing/ScreenAlignedPixelToPixelUVs.uasset" 978
"../../../Engine/Content/Functions/Engine_MaterialFunctions02/Texturing/ScreenAlignedPixelToPixelUVs.uexp" 979
"../../../Engine/Plugins/Interchange/Runtime/Content/Utilities/T_Bayer64_Grayscale_64px.uasset" 980
"../../../Engine/Plugins/Interchange/Runtime/Content/Utilities/T_Bayer64_Grayscale_64px.uexp" 981
"../../../Engine/Plugins/Interchange/Runtime/Content/gltf/MaterialFunctions/MF_Temporal_Blur.uasset" 982
"../../../Engine/Plugins/Interchange/Runtime/Content/gltf/MaterialFunctions/MF_Temporal_Blur.uexp" 983
"../../../Engine/Plugins/Interchange/Runtime/Content/gltf/MaterialFunctions/MF_Fresnel_DS.uasset" 984
"../../../Engine/Plugins/Interchange/Runtime/Content/gltf/MaterialFunctions/MF_Fresnel_DS.uexp" 985
"../../../Engine/Plugins/Interchange/Runtime/Content/Functions/MX_Transmission.uasset" 986
"../../../Engine/Plugins/Interchange/Runtime/Content/Functions/MX_Transmission.uexp" 987
"../../../Engine/Plugins/Interchange/Runtime/Content/Functions/MX_StandardSurface.uasset" 988
"../../../Engine/Plugins/Interchange/Runtime/Content/Functions/MX_StandardSurface.uexp" 989
"../../../Engine/Plugins/Interchange/Runtime/Content/Functions/MX_TransmissionSurface.uasset" 990
"../../../Engine/Plugins/Interchange/Runtime/Content/Functions/MX_TransmissionSurface.uexp" 991
"../../../Engine/Content/Functions/Engine_MaterialFunctions02/WorldPositionOffset/V2/ObjectScale.uasset" 992
"../../../Engine/Content/Functions/Engine_MaterialFunctions02/WorldPositionOffset/V2/ObjectScale.uexp" 993
"../../../Engine/Plugins/Interchange/Runtime/Content/gltf/MaterialFunctions/MF_TransmissionOpacity.uasset" 994
"../../../Engine/Plugins/Interchange/Runtime/Content/gltf/MaterialFunctions/MF_TransmissionOpacity.uexp" 995
"../../../Engine/Plugins/Interchange/Runtime/Content/gltf/MaterialFunctions/MF_Transmission.uasset" 996
"../../../Engine/Plugins/Interchange/Runtime/Content/gltf/MaterialFunctions/MF_Transmission.uexp" 997
"../../../Engine/Plugins/Interchange/Runtime/Content/gltf/M_Transmission.uasset" 998
"../../../Engine/Plugins/Interchange/Runtime/Content/gltf/M_Transmission.uexp" 999
"../../../Engine/Plugins/Interchange/Runtime/Content/gltf/MaterialInstances_MR/MI_Transmission_TS.uasset" 1000
"../../../Engine/Plugins/Interchange/Runtime/Content/gltf/MaterialInstances_MR/MI_Transmission_TS.uexp" 1001
"../../../Engine/Plugins/Interchange/Runtime/Content/gltf/MaterialInstances_MR/MI_Transmission.uasset" 1002
"../../../Engine/Plugins/Interchange/Runtime/Content/gltf/MaterialInstances_MR/MI_Transmission.uexp" 1003
"../../../Engine/Plugins/Interchange/Runtime/Content/gltf/MaterialInstances_MR/MI_Translucent_TS.uasset" 1004
"../../../Engine/Plugins/Interchange/Runtime/Content/gltf/MaterialInstances_MR/MI_Translucent_TS.uexp" 1005
"../../../Engine/Plugins/Interchange/Runtime/Content/gltf/MaterialInstances_MR/MI_Translucent_ClearCoat_TS.uasset" 1006
"../../../Engine/Plugins/Interchange/Runtime/Content/gltf/MaterialInstances_MR/MI_Translucent_ClearCoat_TS.uexp" 1007
"../../../Engine/Plugins/Interchange/Runtime/Content/gltf/MaterialInstances_MR/MI_Translucent_ClearCoat.uasset" 1008
"../../../Engine/Plugins/Interchange/Runtime/Content/gltf/MaterialInstances_MR/MI_Translucent_ClearCoat.uexp" 1009
"../../../Engine/Plugins/Interchange/Runtime/Content/gltf/MaterialInstances_MR/MI_Translucent.uasset" 1010
"../../../Engine/Plugins/Interchange/Runtime/Content/gltf/MaterialInstances_MR/MI_Translucent.uexp" 1011
"../../../Engine/Plugins/Interchange/Runtime/Content/gltf/M_Unlit.uasset" 1012
"../../../Engine/Plugins/Interchange/Runtime/Content/gltf/M_Unlit.uexp" 1013
"../../../Engine/Plugins/Interchange/Runtime/Content/gltf/MaterialInstances_MR/MI_Opaque_Unlit_TS.uasset" 1014
"../../../Engine/Plugins/Interchange/Runtime/Content/gltf/MaterialInstances_MR/MI_Opaque_Unlit_TS.uexp" 1015
"../../../Engine/Plugins/Interchange/Runtime/Content/gltf/MaterialInstances_MR/MI_Opaque_Unlit.uasset" 1016
"../../../Engine/Plugins/Interchange/Runtime/Content/gltf/MaterialInstances_MR/MI_Opaque_Unlit.uexp" 1017
"../../../Engine/Plugins/Interchange/Runtime/Content/gltf/MaterialInstances_MR/MI_Opaque_TS.uasset" 1018
"../../../Engine/Plugins/Interchange/Runtime/Content/gltf/MaterialInstances_MR/MI_Opaque_TS.uexp" 1019
"../../../Engine/Plugins/Interchange/Runtime/Content/gltf/MaterialInstances_MR/MI_Opaque_Sheen_TS.uasset" 1020
"../../../Engine/Plugins/Interchange/Runtime/Content/gltf/MaterialInstances_MR/MI_Opaque_Sheen_TS.uexp" 1021
"../../../Engine/Plugins/Interchange/Runtime/Content/gltf/MaterialInstances_MR/MI_Opaque_Sheen.uasset" 1022
"../../../Engine/Plugins/Interchange/Runtime/Content/gltf/MaterialInstances_MR/MI_Opaque_Sheen.uexp" 1023
"../../../Engine/Plugins/Interchange/Runtime/Content/gltf/MaterialInstances_MR/MI_Opaque_ClearCoat_TS.uasset" 1024
"../../../Engine/Plugins/Interchange/Runtime/Content/gltf/MaterialInstances_MR/MI_Opaque_ClearCoat_TS.uexp" 1025
"../../../Engine/Plugins/Interchange/Runtime/Content/gltf/MaterialInstances_MR/MI_Opaque_ClearCoat.uasset" 1026
"../../../Engine/Plugins/Interchange/Runtime/Content/gltf/MaterialInstances_MR/MI_Opaque_ClearCoat.uexp" 1027
"../../../Engine/Plugins/Interchange/Runtime/Content/gltf/MaterialInstances_MR/MI_Opaque.uasset" 1028
"../../../Engine/Plugins/Interchange/Runtime/Content/gltf/MaterialInstances_MR/MI_Opaque.uexp" 1029
"../../../Engine/Plugins/Interchange/Runtime/Content/gltf/MaterialInstances_SG/MI_Transmission_TS.uasset" 1030
"../../../Engine/Plugins/Interchange/Runtime/Content/gltf/MaterialInstances_SG/MI_Transmission_TS.uexp" 1031
"../../../Engine/Plugins/Interchange/Runtime/Content/gltf/MaterialInstances_SG/MI_Transmission.uasset" 1032
"../../../Engine/Plugins/Interchange/Runtime/Content/gltf/MaterialInstances_SG/MI_Transmission.uexp" 1033
"../../../Engine/Plugins/Interchange/Runtime/Content/gltf/MaterialInstances_SG/MI_Translucent_TS.uasset" 1034
"../../../Engine/Plugins/Interchange/Runtime/Content/gltf/MaterialInstances_SG/MI_Translucent_TS.uexp" 1035
"../../../Engine/Content/Maps/Templates/HLODs/HLODLayer_Instanced.uasset" 1036
"../../../Engine/Content/Maps/Templates/HLODs/HLODLayer_Instanced.uexp" 1037
"C:/Unreal/LostKingdom/Content/Levels/TransitionLevel.uexp" 1038
"C:/Unreal/LostKingdom/Content/Levels/TransitionLevel.umap" 1039
"C:/Unreal/LostKingdom/Content/Levels/TestLevel.uexp" 1040
"C:/Unreal/LostKingdom/Content/Levels/TestLevel.umap" 1041
"C:/Unreal/LostKingdom/Content/TopDown/Maps/TopDownMap.uexp" 1042
"C:/Unreal/LostKingdom/Content/TopDown/Maps/TopDownMap.umap" 1043
