"../../../Engine/Content/EditorResources/S_Actor.uasset" 0
"../../../Engine/Content/EditorResources/S_Actor.uexp" 1
"../../../Engine/Content/EditorResources/S_BoxReflectionCapture.uasset" 2
"../../../Engine/Content/EditorResources/S_BoxReflectionCapture.uexp" 3
"../../../Engine/Content/EngineResources/DefaultTexture.uasset" 4
"../../../Engine/Content/EngineResources/DefaultTexture.uexp" 5
"../../../Engine/Content/EngineResources/DefaultTextureCube.uasset" 6
"../../../Engine/Content/EngineResources/DefaultTextureCube.uexp" 7
"../../../Engine/Content/EngineResources/DefaultVolumeTexture2D.uasset" 8
"../../../Engine/Content/EngineResources/DefaultVolumeTexture2D.uexp" 9
"../../../Engine/Content/EngineResources/DefaultVolumeTexture.uasset" 10
"../../../Engine/Content/EngineResources/DefaultVolumeTexture.uexp" 11
"../../../Engine/Content/EditorResources/S_Trigger.uasset" 12
"../../../Engine/Content/EditorResources/S_Trigger.uexp" 13
"../../../Engine/Content/EditorResources/S_TriggerBox.uasset" 14
"../../../Engine/Content/EditorResources/S_TriggerBox.uexp" 15
"../../../Engine/Content/EditorResources/S_TriggerCapsule.uasset" 16
"../../../Engine/Content/EditorResources/S_TriggerCapsule.uexp" 17
"../../../Engine/Content/EditorResources/S_TriggerSphere.uasset" 18
"../../../Engine/Content/EditorResources/S_TriggerSphere.uexp" 19
"../../../Engine/Content/EngineMeshes/Sphere.uasset" 20
"../../../Engine/Content/EngineMeshes/Sphere.uexp" 21
"../../../Engine/Content/EngineResources/GradientTexture0.uasset" 22
"../../../Engine/Content/EngineResources/GradientTexture0.uexp" 23
"../../../Engine/Content/EngineResources/Black.uasset" 24
"../../../Engine/Content/EngineResources/Black.uexp" 25
"../../../Engine/Content/VREditor/LaserPointer/VR_LaserPower_01.uasset" 26
"../../../Engine/Content/VREditor/LaserPointer/VR_LaserPower_01.uexp" 27
"../../../Engine/Content/VREditor/TransformGizmo/TransformGizmoMaterial.uasset" 28
"../../../Engine/Content/VREditor/TransformGizmo/TransformGizmoMaterial.uexp" 29
"../../../Engine/Content/VREditor/TransformGizmo/TranslucentTransformGizmoMaterial.uasset" 30
"../../../Engine/Content/VREditor/TransformGizmo/TranslucentTransformGizmoMaterial.uexp" 31
"../../../Engine/Content/VREditor/TransformGizmo/PlaneTranslationHandle.uasset" 32
"../../../Engine/Content/VREditor/TransformGizmo/PlaneTranslationHandle.uexp" 33
"../../../Engine/Content/VREditor/TransformGizmo/BoundingBoxCorner.uasset" 34
"../../../Engine/Content/VREditor/TransformGizmo/BoundingBoxCorner.uexp" 35
"../../../Engine/Content/VREditor/TransformGizmo/BoundingBoxEdge.uasset" 36
"../../../Engine/Content/VREditor/TransformGizmo/BoundingBoxEdge.uexp" 37
"../../../Engine/Content/VREditor/TransformGizmo/Main.uasset" 38
"../../../Engine/Content/VREditor/TransformGizmo/Main.uexp" 39
"../../../Engine/Content/VREditor/TransformGizmo/Xray.uasset" 40
"../../../Engine/Content/VREditor/TransformGizmo/Xray.uexp" 41
"../../../Engine/Content/VREditor/TransformGizmo/SM_Sequencer_Node.uasset" 42
"../../../Engine/Content/VREditor/TransformGizmo/SM_Sequencer_Node.uexp" 43
"../../../Engine/Content/EditorMaterials/Camera/CineMat.uasset" 44
"../../../Engine/Content/EditorMaterials/Camera/CineMat.uexp" 45
"../../../Engine/Content/EditorMaterials/Camera/MI_CineMat_Rig.uasset" 46
"../../../Engine/Content/EditorMaterials/Camera/MI_CineMat_Rig.uexp" 47
"../../../Engine/Content/EditorMeshes/Camera/SM_CraneRig_Base.uasset" 48
"../../../Engine/Content/EditorMeshes/Camera/SM_CraneRig_Base.uexp" 49
"../../../Engine/Content/EditorMeshes/Camera/SM_CraneRig_Arm.uasset" 50
"../../../Engine/Content/EditorMeshes/Camera/SM_CraneRig_Arm.uexp" 51
"../../../Engine/Content/EditorMeshes/Camera/SM_CraneRig_Mount.uasset" 52
"../../../Engine/Content/EditorMeshes/Camera/SM_CraneRig_Mount.uexp" 53
"../../../Engine/Content/EditorMeshes/Camera/SM_CraneRig_Body.uasset" 54
"../../../Engine/Content/EditorMeshes/Camera/SM_CraneRig_Body.uexp" 55
"../../../Engine/Content/EditorMeshes/Camera/SM_RailRig_Track.uasset" 56
"../../../Engine/Content/EditorMeshes/Camera/SM_RailRig_Track.uexp" 57
"../../../Engine/Content/EditorMeshes/Camera/SM_RailRig_Mount.uasset" 58
"../../../Engine/Content/EditorMeshes/Camera/SM_RailRig_Mount.uexp" 59
"../../../Engine/Content/EngineMaterials/T_Default_Material_Grid_M.uasset" 60
"../../../Engine/Content/EngineMaterials/T_Default_Material_Grid_M.uexp" 61
"../../../Engine/Content/EngineMaterials/T_Default_Material_Grid_N.uasset" 62
"../../../Engine/Content/EngineMaterials/T_Default_Material_Grid_N.uexp" 63
"../../../Engine/Content/Functions/Engine_MaterialFunctions01/Opacity/CameraDepthFade.uasset" 64
"../../../Engine/Content/Functions/Engine_MaterialFunctions01/Opacity/CameraDepthFade.uexp" 65
"../../../Engine/Content/EngineMaterials/WorldGridMaterial.uasset" 66
"../../../Engine/Content/EngineMaterials/WorldGridMaterial.uexp" 67
"../../../Engine/Content/ArtTools/RenderToTexture/Meshes/S_1_Unit_Plane.uasset" 68
"../../../Engine/Content/ArtTools/RenderToTexture/Meshes/S_1_Unit_Plane.uexp" 69
"../../../Engine/Content/EditorMaterials/ParticleSystems/PSysThumbnail_NoImage.uasset" 70
"../../../Engine/Content/EditorMaterials/ParticleSystems/PSysThumbnail_NoImage.uexp" 71
"../../../Engine/Content/EditorMaterials/ParticleSystems/PSysThumbnail_OOD.uasset" 72
"../../../Engine/Content/EditorMaterials/ParticleSystems/PSysThumbnail_OOD.uexp" 73
"../../../Engine/Content/EditorLandscapeResources/SplineEditorMeshMat.uasset" 74
"../../../Engine/Content/EditorLandscapeResources/SplineEditorMeshMat.uexp" 75
"../../../Engine/Content/EditorLandscapeResources/SplineEditorMesh.uasset" 76
"../../../Engine/Content/EditorLandscapeResources/SplineEditorMesh.uexp" 77
"../../../Engine/Content/EditorResources/S_Solver.uasset" 78
"../../../Engine/Content/EditorResources/S_Solver.uexp" 79
"../../../Engine/Plugins/Media/MediaPlate/Content/SM_MediaPlateScreen.uasset" 80
"../../../Engine/Plugins/Media/MediaPlate/Content/SM_MediaPlateScreen.uexp" 81
"../../../Engine/Content/EngineMaterials/Good64x64TilingNoiseHighFreq.uasset" 82
"../../../Engine/Content/EngineMaterials/Good64x64TilingNoiseHighFreq.uexp" 83
"../../../Engine/Content/EngineMaterials/DefaultBokeh.uasset" 84
"../../../Engine/Content/EngineMaterials/DefaultBokeh.uexp" 85
"../../../Engine/Content/EngineMaterials/PreintegratedSkinBRDF.uasset" 86
"../../../Engine/Content/EngineMaterials/PreintegratedSkinBRDF.uexp" 87
"../../../Engine/Content/EngineMaterials/MiniFont.uasset" 88
"../../../Engine/Content/EngineMaterials/MiniFont.uexp" 89
"../../../Engine/Content/EngineMaterials/WeightMapPlaceholderTexture.uasset" 90
"../../../Engine/Content/EngineMaterials/WeightMapPlaceholderTexture.uexp" 91
"../../../Engine/Content/EngineMaterials/DefaultWhiteGrid.uasset" 92
"../../../Engine/Content/EngineMaterials/DefaultWhiteGrid.uexp" 93
"../../../Engine/Plugins/Interchange/Runtime/Content/Pipelines/DefaultAssetsPipeline.uasset" 94
"../../../Engine/Plugins/Interchange/Runtime/Content/Pipelines/DefaultAssetsPipeline.uexp" 95
"../../../Engine/Content/EngineMaterials/DefaultNormal.uasset" 96
"../../../Engine/Content/EngineMaterials/DefaultNormal.uexp" 97
"../../../Engine/Plugins/Interchange/Runtime/Content/Materials/MapOrLinearColorFunction.uasset" 98
"../../../Engine/Plugins/Interchange/Runtime/Content/Materials/MapOrLinearColorFunction.uexp" 99
"../../../Engine/Plugins/Interchange/Runtime/Content/Materials/MapOrScalarFunction.uasset" 100
"../../../Engine/Plugins/Interchange/Runtime/Content/Materials/MapOrScalarFunction.uexp" 101
"../../../Engine/Plugins/Interchange/Runtime/Content/Materials/MapOrColorFunction.uasset" 102
"../../../Engine/Plugins/Interchange/Runtime/Content/Materials/MapOrColorFunction.uexp" 103
"../../../Engine/Content/EngineMaterials/BaseFlattenLinearColor.uasset" 104
"../../../Engine/Content/EngineMaterials/BaseFlattenLinearColor.uexp" 105
"../../../Engine/Plugins/Interchange/Runtime/Content/Materials/CommonMaterial.uasset" 106
"../../../Engine/Plugins/Interchange/Runtime/Content/Materials/CommonMaterial.uexp" 107
"../../../Engine/Plugins/Interchange/Runtime/Content/Materials/LambertSurfaceMaterial.uasset" 108
"../../../Engine/Plugins/Interchange/Runtime/Content/Materials/LambertSurfaceMaterial.uexp" 109
"../../../Engine/Plugins/Interchange/Runtime/Content/Materials/PBRSurfaceFunction.uasset" 110
"../../../Engine/Plugins/Interchange/Runtime/Content/Materials/PBRSurfaceFunction.uexp" 111
"../../../Engine/Plugins/Interchange/Runtime/Content/Materials/ClearCoatMaterial.uasset" 112
"../../../Engine/Plugins/Interchange/Runtime/Content/Materials/ClearCoatMaterial.uexp" 113
"../../../Engine/Plugins/Interchange/Runtime/Content/Pipelines/DefaultTexturePipeline.uasset" 114
"../../../Engine/Plugins/Interchange/Runtime/Content/Pipelines/DefaultTexturePipeline.uexp" 115
"../../../Engine/Plugins/Interchange/Runtime/Content/Pipelines/DefaultSceneLevelPipeline.uasset" 116
"../../../Engine/Plugins/Interchange/Runtime/Content/Pipelines/DefaultSceneLevelPipeline.uexp" 117
"../../../Engine/Plugins/Interchange/Runtime/Content/Pipelines/DefaultSceneAssetsPipeline.uasset" 118
"../../../Engine/Plugins/Interchange/Runtime/Content/Pipelines/DefaultSceneAssetsPipeline.uexp" 119
"../../../Engine/Plugins/Interchange/Runtime/Content/Pipelines/DefaultMaterialPipeline.uasset" 120
"../../../Engine/Plugins/Interchange/Runtime/Content/Pipelines/DefaultMaterialPipeline.uexp" 121
"../../../Engine/Plugins/Interchange/Runtime/Content/Materials/SubsurfaceMaterial.uasset" 122
"../../../Engine/Plugins/Interchange/Runtime/Content/Materials/SubsurfaceMaterial.uexp" 123
"../../../Engine/Plugins/Interchange/Runtime/Content/Materials/SheenMaterial.uasset" 124
"../../../Engine/Plugins/Interchange/Runtime/Content/Materials/SheenMaterial.uexp" 125
"../../../Engine/Plugins/Interchange/Runtime/Content/gltf/Textures/T_Gray_Linear.uasset" 126
"../../../Engine/Plugins/Interchange/Runtime/Content/gltf/Textures/T_Gray_Linear.uexp" 127
"../../../Engine/Plugins/Interchange/Runtime/Content/gltf/Textures/T_Black_srgb.uasset" 128
"../../../Engine/Plugins/Interchange/Runtime/Content/gltf/Textures/T_Black_srgb.uexp" 129
"../../../Engine/Plugins/Interchange/Runtime/Content/Materials/UnlitMaterial.uasset" 130
"../../../Engine/Plugins/Interchange/Runtime/Content/Materials/UnlitMaterial.uexp" 131
"../../../Engine/Plugins/Interchange/Runtime/Content/Materials/ThinTranslucentMaterial.uasset" 132
"../../../Engine/Plugins/Interchange/Runtime/Content/Materials/ThinTranslucentMaterial.uexp" 133
"../../../Engine/Content/Functions/Engine_MaterialFunctions01/Shading/ConvertFromDiffSpec.uasset" 134
"../../../Engine/Content/Functions/Engine_MaterialFunctions01/Shading/ConvertFromDiffSpec.uexp" 135
"../../../Engine/Plugins/Interchange/Runtime/Content/Materials/PhongSurfaceMaterial.uasset" 136
"../../../Engine/Plugins/Interchange/Runtime/Content/Materials/PhongSurfaceMaterial.uexp" 137
"../../../Engine/Plugins/Interchange/Runtime/Content/Materials/PBRSurfaceMaterial.uasset" 138
"../../../Engine/Plugins/Interchange/Runtime/Content/Materials/PBRSurfaceMaterial.uexp" 139
"../../../Engine/Content/EngineMaterials/FlatNormal.uasset" 140
"../../../Engine/Content/EngineMaterials/FlatNormal.uexp" 141
"../../../Engine/Plugins/Interchange/Runtime/Content/Functions/MF_OrenNayerView.uasset" 142
"../../../Engine/Plugins/Interchange/Runtime/Content/Functions/MF_OrenNayerView.uexp" 143
"../../../Engine/Content/EditorLandscapeResources/WhiteSquareTexture.uasset" 144
"../../../Engine/Content/EditorLandscapeResources/WhiteSquareTexture.uexp" 145
"../../../Engine/Plugins/Interchange/Runtime/Content/Functions/MF_SchlickApprox.uasset" 146
"../../../Engine/Plugins/Interchange/Runtime/Content/Functions/MF_SchlickApprox.uexp" 147
"../../../Engine/Plugins/Interchange/Runtime/Content/Utilities/New_LUT.uasset" 148
"../../../Engine/Plugins/Interchange/Runtime/Content/Utilities/New_LUT.uexp" 149
"../../../Engine/Content/Functions/Engine_MaterialFunctions03/Math/RemapValueRange.uasset" 150
"../../../Engine/Content/Functions/Engine_MaterialFunctions03/Math/RemapValueRange.uexp" 151
"../../../Engine/Plugins/Interchange/Runtime/Content/Functions/MF_Iridescence.uasset" 152
"../../../Engine/Plugins/Interchange/Runtime/Content/Functions/MF_Iridescence.uexp" 153
"../../../Engine/Plugins/Interchange/Runtime/Content/Materials/OrenNayerMaterial.uasset" 154
"../../../Engine/Plugins/Interchange/Runtime/Content/Materials/OrenNayerMaterial.uexp" 155
"../../../Engine/Plugins/Interchange/Runtime/Content/gltf/MaterialFunctions/MF_RotateV2.uasset" 156
"../../../Engine/Plugins/Interchange/Runtime/Content/gltf/MaterialFunctions/MF_RotateV2.uexp" 157
"../../../Engine/Plugins/Interchange/Runtime/Content/gltf/MaterialFunctions/MF_TransformUVs.uasset" 158
"../../../Engine/Plugins/Interchange/Runtime/Content/gltf/MaterialFunctions/MF_TransformUVs.uexp" 159
"../../../Engine/Plugins/Interchange/Runtime/Content/gltf/Textures/T_White_srgb.uasset" 160
"../../../Engine/Plugins/Interchange/Runtime/Content/gltf/Textures/T_White_srgb.uexp" 161
"../../../Engine/Plugins/Interchange/Runtime/Content/gltf/MaterialFunctions/MF_BaseColor.uasset" 162
"../../../Engine/Plugins/Interchange/Runtime/Content/gltf/MaterialFunctions/MF_BaseColor.uexp" 163
"../../../Engine/Plugins/Interchange/Runtime/Content/gltf/MaterialFunctions/MF_DiffuseSpecGloss.uasset" 164
"../../../Engine/Plugins/Interchange/Runtime/Content/gltf/MaterialFunctions/MF_DiffuseSpecGloss.uexp" 165
"../../../Engine/Plugins/Interchange/Runtime/Content/gltf/Textures/T_White_Linear.uasset" 166
"../../../Engine/Plugins/Interchange/Runtime/Content/gltf/Textures/T_White_Linear.uexp" 167
"../../../Engine/Plugins/Interchange/Runtime/Content/gltf/MaterialFunctions/MF_MetallicRoughness.uasset" 168
"../../../Engine/Plugins/Interchange/Runtime/Content/gltf/MaterialFunctions/MF_MetallicRoughness.uexp" 169
"../../../Engine/Content/Functions/Engine_MaterialFunctions02/Utility/BreakOutFloat3Components.uasset" 170
"../../../Engine/Content/Functions/Engine_MaterialFunctions02/Utility/BreakOutFloat3Components.uexp" 171
"../../../Engine/Content/Functions/Engine_MaterialFunctions02/Math/Transform3x3Matrix.uasset" 172
"../../../Engine/Content/Functions/Engine_MaterialFunctions02/Math/Transform3x3Matrix.uexp" 173
"../../../Engine/Content/Functions/Engine_MaterialFunctions02/Utility/MakeFloat3.uasset" 174
"../../../Engine/Content/Functions/Engine_MaterialFunctions02/Utility/MakeFloat3.uexp" 175
"../../../Engine/Plugins/Interchange/Runtime/Content/gltf/MaterialFunctions/MF_RotateNormals_TS.uasset" 176
"../../../Engine/Plugins/Interchange/Runtime/Content/gltf/MaterialFunctions/MF_RotateNormals_TS.uexp" 177
"../../../Engine/Plugins/Interchange/Runtime/Content/gltf/Textures/T_Generic_N.uasset" 178
"../../../Engine/Plugins/Interchange/Runtime/Content/gltf/Textures/T_Generic_N.uexp" 179
"../../../Engine/Plugins/Interchange/Runtime/Content/gltf/MaterialFunctions/MF_Clearcoat.uasset" 180
"../../../Engine/Plugins/Interchange/Runtime/Content/gltf/MaterialFunctions/MF_Clearcoat.uexp" 181
"../../../Engine/Plugins/Interchange/Runtime/Content/gltf/MaterialFunctions/MF_Occlusion.uasset" 182
"../../../Engine/Plugins/Interchange/Runtime/Content/gltf/MaterialFunctions/MF_Occlusion.uexp" 183
"../../../Engine/Plugins/Interchange/Runtime/Content/gltf/MaterialFunctions/MF_Emissive.uasset" 184
"../../../Engine/Plugins/Interchange/Runtime/Content/gltf/MaterialFunctions/MF_Emissive.uexp" 185
"../../../Engine/Plugins/Interchange/Runtime/Content/gltf/MaterialFunctions/MF_Specular.uasset" 186
"../../../Engine/Plugins/Interchange/Runtime/Content/gltf/MaterialFunctions/MF_Specular.uexp" 187
"../../../Engine/Plugins/Interchange/Runtime/Content/gltf/MaterialFunctions/MF_IOR.uasset" 188
"../../../Engine/Plugins/Interchange/Runtime/Content/gltf/MaterialFunctions/MF_IOR.uexp" 189
"../../../Engine/Content/Functions/Engine_MaterialFunctions01/Texturing/FlattenNormal.uasset" 190
"../../../Engine/Content/Functions/Engine_MaterialFunctions01/Texturing/FlattenNormal.uexp" 191
"../../../Engine/Plugins/Interchange/Runtime/Content/gltf/MaterialFunctions/MF_Normals.uasset" 192
"../../../Engine/Plugins/Interchange/Runtime/Content/gltf/MaterialFunctions/MF_Normals.uexp" 193
"../../../Engine/Content/Functions/Engine_MaterialFunctions02/Math/AddComponents.uasset" 194
"../../../Engine/Content/Functions/Engine_MaterialFunctions02/Math/AddComponents.uexp" 195
"../../../Engine/Plugins/Interchange/Runtime/Content/gltf/MaterialFunctions/MF_PerceivedBrightness.uasset" 196
"../../../Engine/Plugins/Interchange/Runtime/Content/gltf/MaterialFunctions/MF_PerceivedBrightness.uexp" 197
"../../../Engine/Plugins/Interchange/Runtime/Content/gltf/MaterialFunctions/MF_SpecGlossToMetalRoughness.uasset" 198
"../../../Engine/Plugins/Interchange/Runtime/Content/gltf/MaterialFunctions/MF_SpecGlossToMetalRoughness.uexp" 199
"../../../Engine/Plugins/Interchange/Runtime/Content/gltf/M_Opaque.uasset" 200
"../../../Engine/Plugins/Interchange/Runtime/Content/gltf/M_Opaque.uexp" 201
"../../../Engine/Plugins/Interchange/Runtime/Content/gltf/MaterialInstances_SG/MI_Opaque_ClearCoat_TS.uasset" 202
"../../../Engine/Plugins/Interchange/Runtime/Content/gltf/MaterialInstances_SG/MI_Opaque_ClearCoat_TS.uexp" 203
"../../../Engine/Plugins/Interchange/Runtime/Content/gltf/MaterialFunctions/MF_Sheen.uasset" 204
"../../../Engine/Plugins/Interchange/Runtime/Content/gltf/MaterialFunctions/MF_Sheen.uexp" 205
"../../../Engine/Content/Functions/Engine_MaterialFunctions01/Shading/FuzzyShading.uasset" 206
"../../../Engine/Content/Functions/Engine_MaterialFunctions01/Shading/FuzzyShading.uexp" 207
"../../../Engine/Plugins/Interchange/Runtime/Content/gltf/M_Sheen.uasset" 208
"../../../Engine/Plugins/Interchange/Runtime/Content/gltf/M_Sheen.uexp" 209
"../../../Engine/Plugins/Interchange/Runtime/Content/gltf/MaterialInstances_SG/MI_Opaque_Sheen.uasset" 210
"../../../Engine/Plugins/Interchange/Runtime/Content/gltf/MaterialInstances_SG/MI_Opaque_Sheen.uexp" 211
"../../../Engine/Plugins/Interchange/Runtime/Content/gltf/MaterialInstances_SG/MI_Opaque_Sheen_TS.uasset" 212
"../../../Engine/Plugins/Interchange/Runtime/Content/gltf/MaterialInstances_SG/MI_Opaque_Sheen_TS.uexp" 213
"C:/Unreal/LostKingdom/Content/LevelPrototyping/Textures/T_GridChecker_A.uasset" 214
"C:/Unreal/LostKingdom/Content/LevelPrototyping/Textures/T_GridChecker_A.uexp" 215
"../../../Engine/Content/Functions/Engine_MaterialFunctions01/Gradient/LinearGradient.uasset" 216
"../../../Engine/Content/Functions/Engine_MaterialFunctions01/Gradient/LinearGradient.uexp" 217
"../../../Engine/Content/Functions/Engine_MaterialFunctions01/ImageAdjustment/CheapContrast.uasset" 218
"../../../Engine/Content/Functions/Engine_MaterialFunctions01/ImageAdjustment/CheapContrast.uexp" 219
"C:/Unreal/LostKingdom/Content/LevelPrototyping/Materials/MF_ProcGrid.uasset" 220
"C:/Unreal/LostKingdom/Content/LevelPrototyping/Materials/MF_ProcGrid.uexp" 221
"C:/Unreal/LostKingdom/Content/LevelPrototyping/Materials/M_PrototypeGrid.uasset" 222
"C:/Unreal/LostKingdom/Content/LevelPrototyping/Materials/M_PrototypeGrid.uexp" 223
"C:/Unreal/LostKingdom/Content/LevelPrototyping/Materials/MI_PrototypeGrid_TopDark.uasset" 224
"C:/Unreal/LostKingdom/Content/LevelPrototyping/Materials/MI_PrototypeGrid_TopDark.uexp" 225
"C:/Unreal/LostKingdom/Content/LevelPrototyping/Materials/MI_PrototypeGrid_Gray.uasset" 226
"C:/Unreal/LostKingdom/Content/LevelPrototyping/Materials/MI_PrototypeGrid_Gray.uexp" 227
"C:/Unreal/LostKingdom/Content/LevelPrototyping/Meshes/SM_Ramp.uasset" 228
"C:/Unreal/LostKingdom/Content/LevelPrototyping/Meshes/SM_Ramp.uexp" 229
"C:/Unreal/LostKingdom/Content/LevelPrototyping/Meshes/SM_QuarterCylinder.uasset" 230
"C:/Unreal/LostKingdom/Content/LevelPrototyping/Meshes/SM_QuarterCylinder.uexp" 231
"C:/Unreal/LostKingdom/Content/LevelPrototyping/Meshes/SM_Cylinder.uasset" 232
"C:/Unreal/LostKingdom/Content/LevelPrototyping/Meshes/SM_Cylinder.uexp" 233
"C:/Unreal/LostKingdom/Content/LevelPrototyping/Meshes/SM_Cube.uasset" 234
"C:/Unreal/LostKingdom/Content/LevelPrototyping/Meshes/SM_Cube.uexp" 235
"C:/Unreal/LostKingdom/Content/LevelPrototyping/Materials/M_Solid.uasset" 236
"C:/Unreal/LostKingdom/Content/LevelPrototyping/Materials/M_Solid.uexp" 237
"C:/Unreal/LostKingdom/Content/LevelPrototyping/Materials/MI_Solid_Blue.uasset" 238
"C:/Unreal/LostKingdom/Content/LevelPrototyping/Materials/MI_Solid_Blue.uexp" 239
"C:/Unreal/LostKingdom/Content/LevelPrototyping/Meshes/SM_ChamferCube.uasset" 240
"C:/Unreal/LostKingdom/Content/LevelPrototyping/Meshes/SM_ChamferCube.uexp" 241
"C:/Unreal/LostKingdom/Content/TopDown/Input/Actions/IA_SetDestination_Touch.uasset" 242
"C:/Unreal/LostKingdom/Content/TopDown/Input/Actions/IA_SetDestination_Touch.uexp" 243
"C:/Unreal/LostKingdom/Content/TopDown/Input/Actions/IA_SetDestination_Click.uasset" 244
"C:/Unreal/LostKingdom/Content/TopDown/Input/Actions/IA_SetDestination_Click.uexp" 245
"../../../Engine/Plugins/FX/Niagara/Content/Enums/ENiagara_MassInitializationMode.uasset" 246
"../../../Engine/Plugins/FX/Niagara/Content/Enums/ENiagara_MassInitializationMode.uexp" 247
"../../../Engine/Plugins/FX/Niagara/Content/Enums/ENiagara_PositionInitializationMode.uasset" 248
"../../../Engine/Plugins/FX/Niagara/Content/Enums/ENiagara_PositionInitializationMode.uexp" 249
"../../../Engine/Plugins/FX/Niagara/Content/Icons/Modules/T_Icon_Solver_LimitSpeed.uasset" 250
"../../../Engine/Plugins/FX/Niagara/Content/Icons/Modules/T_Icon_Solver_LimitSpeed.uexp" 251
"../../../Engine/Plugins/FX/Niagara/Content/Icons/Modules/T_Icon_Solver_RotationalSolve.uasset" 252
"../../../Engine/Plugins/FX/Niagara/Content/Icons/Modules/T_Icon_Solver_RotationalSolve.uexp" 253
"../../../Engine/Plugins/FX/Niagara/Content/Icons/Modules/T_Icon_Solver_LimitAccel.uasset" 254
"../../../Engine/Plugins/FX/Niagara/Content/Icons/Modules/T_Icon_Solver_LimitAccel.uexp" 255
"../../../Engine/Plugins/FX/Niagara/Content/Enums/ENiagara_SizeScaleMode.uasset" 256
"../../../Engine/Plugins/FX/Niagara/Content/Enums/ENiagara_SizeScaleMode.uexp" 257
"../../../Engine/Plugins/FX/Niagara/Content/Enums/ENiagara_UVFlippingMode.uasset" 258
"../../../Engine/Plugins/FX/Niagara/Content/Enums/ENiagara_UVFlippingMode.uexp" 259
"C:/Unreal/LostKingdom/Content/Cursor/T_Arrow.uasset" 260
"C:/Unreal/LostKingdom/Content/Cursor/T_Arrow.uexp" 261
"../../../Engine/Content/Functions/Engine_MaterialFunctions02/Utility/BreakOutFloat2Components.uasset" 262
"../../../Engine/Content/Functions/Engine_MaterialFunctions02/Utility/BreakOutFloat2Components.uexp" 263
"C:/Unreal/LostKingdom/Content/Cursor/M_Cursor.uasset" 264
"C:/Unreal/LostKingdom/Content/Cursor/M_Cursor.uexp" 265
"C:/Unreal/LostKingdom/Content/Cursor/SM_CursorMesh.uasset" 266
"C:/Unreal/LostKingdom/Content/Cursor/SM_CursorMesh.uexp" 267
"../../../Engine/Plugins/FX/Niagara/Content/Enums/ENiagaraRandomnessMode.uasset" 268
"../../../Engine/Plugins/FX/Niagara/Content/Enums/ENiagaraRandomnessMode.uexp" 269
"../../../Engine/Plugins/FX/Niagara/Content/Enums/ENiagaraRandomnessEvaluation.uasset" 270
"../../../Engine/Plugins/FX/Niagara/Content/Enums/ENiagaraRandomnessEvaluation.uexp" 271
"../../../Engine/Plugins/FX/Niagara/Content/Enums/Ribbons/ENiagara_UnsetDirectSetRandom.uasset" 272
"../../../Engine/Plugins/FX/Niagara/Content/Enums/Ribbons/ENiagara_UnsetDirectSetRandom.uexp" 273
"../../../Engine/Plugins/FX/Niagara/Content/Enums/ENiagara_LifetimeMode.uasset" 274
"../../../Engine/Plugins/FX/Niagara/Content/Enums/ENiagara_LifetimeMode.uexp" 275
"../../../Engine/Plugins/FX/Niagara/Content/Enums/Ribbons/ENiagara_UnsetDirectSet.uasset" 276
"../../../Engine/Plugins/FX/Niagara/Content/Enums/Ribbons/ENiagara_UnsetDirectSet.uexp" 277
"../../../Engine/Plugins/FX/Niagara/Content/Enums/ENiagara_SpriteRotationMode.uasset" 278
"../../../Engine/Plugins/FX/Niagara/Content/Enums/ENiagara_SpriteRotationMode.uexp" 279
"../../../Engine/Plugins/FX/Niagara/Content/Enums/ENiagara_ColorInitializationMode.uasset" 280
"../../../Engine/Plugins/FX/Niagara/Content/Enums/ENiagara_ColorInitializationMode.uexp" 281
"../../../Engine/Plugins/FX/Niagara/Content/Enums/ENiagaraChannelCorrelation.uasset" 282
"../../../Engine/Plugins/FX/Niagara/Content/Enums/ENiagaraChannelCorrelation.uexp" 283
"../../../Engine/Plugins/FX/Niagara/Content/Enums/ENiagaraEmitterLifeCycleMode.uasset" 284
"../../../Engine/Plugins/FX/Niagara/Content/Enums/ENiagaraEmitterLifeCycleMode.uexp" 285
"../../../Engine/Plugins/FX/Niagara/Content/Enums/ENiagara_InfiniteLoopDuration.uasset" 286
"../../../Engine/Plugins/FX/Niagara/Content/Enums/ENiagara_InfiniteLoopDuration.uexp" 287
"../../../Engine/Plugins/FX/Niagara/Content/Enums/ENiagara_EmitterStateOptions.uasset" 288
"../../../Engine/Plugins/FX/Niagara/Content/Enums/ENiagara_EmitterStateOptions.uexp" 289
"../../../Engine/Plugins/FX/Niagara/Content/Enums/ENiagaraInactiveMode.uasset" 290
"../../../Engine/Plugins/FX/Niagara/Content/Enums/ENiagaraInactiveMode.uexp" 291
"../../../Engine/Plugins/FX/Niagara/Content/Enums/ENiagaraExecutionStateManagement.uasset" 292
"../../../Engine/Plugins/FX/Niagara/Content/Enums/ENiagaraExecutionStateManagement.uexp" 293
"../../../Engine/Plugins/FX/Niagara/Content/Enums/ENiagaraEmitterScalabilityMode_Limited.uasset" 294
"../../../Engine/Plugins/FX/Niagara/Content/Enums/ENiagaraEmitterScalabilityMode_Limited.uexp" 295
"../../../Engine/Plugins/FX/Niagara/Content/Enums/ENiagaraSystemInactiveMode.uasset" 296
"../../../Engine/Plugins/FX/Niagara/Content/Enums/ENiagaraSystemInactiveMode.uexp" 297
"../../../Engine/Plugins/FX/Niagara/Content/Icons/Modules/T_Icon_Particle_InfiniteLife.uasset" 298
"../../../Engine/Plugins/FX/Niagara/Content/Icons/Modules/T_Icon_Particle_InfiniteLife.uexp" 299
"C:/Unreal/LostKingdom/Content/Cursor/FX_Cursor.uasset" 300
"C:/Unreal/LostKingdom/Content/Cursor/FX_Cursor.uexp" 301
"C:/Unreal/LostKingdom/Content/TopDown/Input/IMC_Default.uasset" 302
"C:/Unreal/LostKingdom/Content/TopDown/Input/IMC_Default.uexp" 303
"C:/Unreal/LostKingdom/Content/TopDown/Blueprints/BP_TopDownPlayerController.uasset" 304
"C:/Unreal/LostKingdom/Content/TopDown/Blueprints/BP_TopDownPlayerController.uexp" 305
"C:/Unreal/LostKingdom/Content/Characters/Mannequins/Meshes/SK_Mannequin.uasset" 306
"C:/Unreal/LostKingdom/Content/Characters/Mannequins/Meshes/SK_Mannequin.uexp" 307
"../../../Engine/Content/Animation/DefaultAnimCurveCompressionSettings.uasset" 308
"../../../Engine/Content/Animation/DefaultAnimCurveCompressionSettings.uexp" 309
"../../../Engine/Content/Animation/DefaultAnimBoneCompressionSettings.uasset" 310
"../../../Engine/Content/Animation/DefaultAnimBoneCompressionSettings.uexp" 311
"C:/Unreal/LostKingdom/Content/Characters/Mannequins/Animations/Quinn/MF_Run_Fwd.uasset" 312
"C:/Unreal/LostKingdom/Content/Characters/Mannequins/Animations/Quinn/MF_Run_Fwd.uexp" 313
"C:/Unreal/LostKingdom/Content/Characters/Mannequins/Animations/Quinn/MF_Walk_Fwd.uasset" 314
"C:/Unreal/LostKingdom/Content/Characters/Mannequins/Animations/Quinn/MF_Walk_Fwd.uexp" 315
"../../../Engine/Content/Animation/DefaultRecorderBoneCompression.uasset" 316
"../../../Engine/Content/Animation/DefaultRecorderBoneCompression.uexp" 317
"C:/Unreal/LostKingdom/Content/Characters/Mannequins/Animations/Manny/MM_Walk_InPlace.uasset" 318
"C:/Unreal/LostKingdom/Content/Characters/Mannequins/Animations/Manny/MM_Walk_InPlace.uexp" 319
"C:/Unreal/LostKingdom/Content/Characters/Mannequins/Animations/Quinn/BS_MF_Unarmed_WalkRun.uasset" 320
"C:/Unreal/LostKingdom/Content/Characters/Mannequins/Animations/Quinn/BS_MF_Unarmed_WalkRun.uexp" 321
"C:/Unreal/LostKingdom/Content/Characters/Mannequins/Animations/Quinn/MF_Idle.uasset" 322
"C:/Unreal/LostKingdom/Content/Characters/Mannequins/Animations/Quinn/MF_Idle.uexp" 323
"C:/Unreal/LostKingdom/Content/Characters/Mannequins/Animations/Manny/MM_Fall_Loop.uasset" 324
"C:/Unreal/LostKingdom/Content/Characters/Mannequins/Animations/Manny/MM_Fall_Loop.uexp" 325
"C:/Unreal/LostKingdom/Content/Characters/Mannequins/Animations/Manny/MM_Jump.uasset" 326
"C:/Unreal/LostKingdom/Content/Characters/Mannequins/Animations/Manny/MM_Jump.uexp" 327
"../../../Engine/Plugins/Animation/ControlRig/Content/Controls/DefaultGizmoLibrary.uasset" 328
"../../../Engine/Plugins/Animation/ControlRig/Content/Controls/DefaultGizmoLibrary.uexp" 329
"C:/Unreal/LostKingdom/Content/Characters/Mannequins/Rigs/CR_Mannequin_BasicFootIK.uasset" 330
"C:/Unreal/LostKingdom/Content/Characters/Mannequins/Rigs/CR_Mannequin_BasicFootIK.uexp" 331
"C:/Unreal/LostKingdom/Content/Characters/Mannequins/Animations/Manny/MM_Run_Fwd.uasset" 332
"C:/Unreal/LostKingdom/Content/Characters/Mannequins/Animations/Manny/MM_Run_Fwd.uexp" 333
"C:/Unreal/LostKingdom/Content/Characters/Mannequins/Animations/Manny/MM_Walk_Fwd.uasset" 334
"C:/Unreal/LostKingdom/Content/Characters/Mannequins/Animations/Manny/MM_Walk_Fwd.uexp" 335
"C:/Unreal/LostKingdom/Content/Characters/Mannequins/Animations/Manny/BS_MM_WalkRun.uasset" 336
"C:/Unreal/LostKingdom/Content/Characters/Mannequins/Animations/Manny/BS_MM_WalkRun.uexp" 337
"C:/Unreal/LostKingdom/Content/Characters/Mannequins/Animations/Manny/MM_Land.uasset" 338
"C:/Unreal/LostKingdom/Content/Characters/Mannequins/Animations/Manny/MM_Land.uexp" 339
"C:/Unreal/LostKingdom/Content/Characters/Mannequins/Animations/Manny/MM_Idle.uasset" 340
"C:/Unreal/LostKingdom/Content/Characters/Mannequins/Animations/Manny/MM_Idle.uexp" 341
"C:/Unreal/LostKingdom/Content/Characters/Mannequins/Animations/ABP_Manny.uasset" 342
"C:/Unreal/LostKingdom/Content/Characters/Mannequins/Animations/ABP_Manny.uexp" 343
"C:/Unreal/LostKingdom/Content/Characters/Mannequins/Animations/ABP_Quinn.uasset" 344
"C:/Unreal/LostKingdom/Content/Characters/Mannequins/Animations/ABP_Quinn.uexp" 345
"C:/Unreal/LostKingdom/Content/Characters/Mannequins/Rigs/Poses/Quinn/Quinn_foot_l_anim.uasset" 346
"C:/Unreal/LostKingdom/Content/Characters/Mannequins/Rigs/Poses/Quinn/Quinn_foot_l_anim.uexp" 347
"C:/Unreal/LostKingdom/Content/Characters/Mannequins/Rigs/Poses/Quinn/Quinn_foot_l_pose.uasset" 348
"C:/Unreal/LostKingdom/Content/Characters/Mannequins/Rigs/Poses/Quinn/Quinn_foot_l_pose.uexp" 349
"C:/Unreal/LostKingdom/Content/Characters/Mannequins/Rigs/Poses/Quinn/Quinn_clavicle_l_anim.uasset" 350
"C:/Unreal/LostKingdom/Content/Characters/Mannequins/Rigs/Poses/Quinn/Quinn_clavicle_l_anim.uexp" 351
"C:/Unreal/LostKingdom/Content/Characters/Mannequins/Rigs/Poses/Quinn/Quinn_clavicle_l_pose.uasset" 352
"C:/Unreal/LostKingdom/Content/Characters/Mannequins/Rigs/Poses/Quinn/Quinn_clavicle_l_pose.uexp" 353
"C:/Unreal/LostKingdom/Content/Characters/Mannequins/Rigs/Poses/Quinn/Quinn_clavicle_r_anim.uasset" 354
"C:/Unreal/LostKingdom/Content/Characters/Mannequins/Rigs/Poses/Quinn/Quinn_clavicle_r_anim.uexp" 355
"C:/Unreal/LostKingdom/Content/Characters/Mannequins/Rigs/Poses/Quinn/Quinn_clavicle_r_pose.uasset" 356
"C:/Unreal/LostKingdom/Content/Characters/Mannequins/Rigs/Poses/Quinn/Quinn_clavicle_r_pose.uexp" 357
"C:/Unreal/LostKingdom/Content/Characters/Mannequins/Rigs/Poses/Quinn/Quinn_upperarm_l_anim.uasset" 358
"C:/Unreal/LostKingdom/Content/Characters/Mannequins/Rigs/Poses/Quinn/Quinn_upperarm_l_anim.uexp" 359
"C:/Unreal/LostKingdom/Content/Characters/Mannequins/Rigs/Poses/Quinn/Quinn_upperarm_l_pose.uasset" 360
"C:/Unreal/LostKingdom/Content/Characters/Mannequins/Rigs/Poses/Quinn/Quinn_upperarm_l_pose.uexp" 361
"C:/Unreal/LostKingdom/Content/Characters/Mannequins/Rigs/Poses/Quinn/Quinn_lowerarm_l_anim.uasset" 362
"C:/Unreal/LostKingdom/Content/Characters/Mannequins/Rigs/Poses/Quinn/Quinn_lowerarm_l_anim.uexp" 363
"C:/Unreal/LostKingdom/Content/Characters/Mannequins/Rigs/Poses/Quinn/Quinn_lowerarm_l_pose.uasset" 364
"C:/Unreal/LostKingdom/Content/Characters/Mannequins/Rigs/Poses/Quinn/Quinn_lowerarm_l_pose.uexp" 365
"C:/Unreal/LostKingdom/Content/Characters/Mannequins/Rigs/Poses/Quinn/Quinn_calf_l_anim.uasset" 366
"C:/Unreal/LostKingdom/Content/Characters/Mannequins/Rigs/Poses/Quinn/Quinn_calf_l_anim.uexp" 367
"C:/Unreal/LostKingdom/Content/Characters/Mannequins/Rigs/Poses/Quinn/Quinn_calf_l_pose.uasset" 368
"C:/Unreal/LostKingdom/Content/Characters/Mannequins/Rigs/Poses/Quinn/Quinn_calf_l_pose.uexp" 369
"C:/Unreal/LostKingdom/Content/Characters/Mannequins/Rigs/CR_Mannequin_Procedural.uasset" 370
"C:/Unreal/LostKingdom/Content/Characters/Mannequins/Rigs/CR_Mannequin_Procedural.uexp" 371
"C:/Unreal/LostKingdom/Content/Characters/Mannequins/Rigs/Poses/Quinn/Quinn_upperarm_r_anim.uasset" 372
"C:/Unreal/LostKingdom/Content/Characters/Mannequins/Rigs/Poses/Quinn/Quinn_upperarm_r_anim.uexp" 373
"C:/Unreal/LostKingdom/Content/Characters/Mannequins/Rigs/Poses/Quinn/Quinn_upperarm_r_pose.uasset" 374
"C:/Unreal/LostKingdom/Content/Characters/Mannequins/Rigs/Poses/Quinn/Quinn_upperarm_r_pose.uexp" 375
"C:/Unreal/LostKingdom/Content/Characters/Mannequins/Rigs/Poses/Quinn/Quinn_calf_r_anim.uasset" 376
"C:/Unreal/LostKingdom/Content/Characters/Mannequins/Rigs/Poses/Quinn/Quinn_calf_r_anim.uexp" 377
"C:/Unreal/LostKingdom/Content/Characters/Mannequins/Rigs/Poses/Quinn/Quinn_calf_r_pose.uasset" 378
"C:/Unreal/LostKingdom/Content/Characters/Mannequins/Rigs/Poses/Quinn/Quinn_calf_r_pose.uexp" 379
"C:/Unreal/LostKingdom/Content/Characters/Mannequins/Rigs/Poses/Quinn/Quinn_foot_r_anim.uasset" 380
"C:/Unreal/LostKingdom/Content/Characters/Mannequins/Rigs/Poses/Quinn/Quinn_foot_r_anim.uexp" 381
"C:/Unreal/LostKingdom/Content/Characters/Mannequins/Rigs/Poses/Quinn/Quinn_foot_r_pose.uasset" 382
"C:/Unreal/LostKingdom/Content/Characters/Mannequins/Rigs/Poses/Quinn/Quinn_foot_r_pose.uexp" 383
"C:/Unreal/LostKingdom/Content/Characters/Mannequins/Rigs/Poses/Quinn/Quinn_lowerarm_r_anim.uasset" 384
"C:/Unreal/LostKingdom/Content/Characters/Mannequins/Rigs/Poses/Quinn/Quinn_lowerarm_r_anim.uexp" 385
"C:/Unreal/LostKingdom/Content/Characters/Mannequins/Rigs/Poses/Quinn/Quinn_lowerarm_r_pose.uasset" 386
"C:/Unreal/LostKingdom/Content/Characters/Mannequins/Rigs/Poses/Quinn/Quinn_lowerarm_r_pose.uexp" 387
"C:/Unreal/LostKingdom/Content/Characters/Mannequins/Rigs/Poses/Quinn/Quinn_thigh_l_anim.uasset" 388
"C:/Unreal/LostKingdom/Content/Characters/Mannequins/Rigs/Poses/Quinn/Quinn_thigh_l_anim.uexp" 389
"C:/Unreal/LostKingdom/Content/Characters/Mannequins/Rigs/Poses/Quinn/Quinn_thigh_l_pose.uasset" 390
"C:/Unreal/LostKingdom/Content/Characters/Mannequins/Rigs/Poses/Quinn/Quinn_thigh_l_pose.uexp" 391
"C:/Unreal/LostKingdom/Content/Characters/Mannequins/Rigs/Poses/Quinn/Quinn_thigh_r_anim.uasset" 392
"C:/Unreal/LostKingdom/Content/Characters/Mannequins/Rigs/Poses/Quinn/Quinn_thigh_r_anim.uexp" 393
"C:/Unreal/LostKingdom/Content/Characters/Mannequins/Rigs/Poses/Quinn/Quinn_thigh_r_pose.uasset" 394
"C:/Unreal/LostKingdom/Content/Characters/Mannequins/Rigs/Poses/Quinn/Quinn_thigh_r_pose.uexp" 395
"C:/Unreal/LostKingdom/Content/Characters/Mannequins/Rigs/Poses/Quinn/Quinn_hand_l_anim.uasset" 396
"C:/Unreal/LostKingdom/Content/Characters/Mannequins/Rigs/Poses/Quinn/Quinn_hand_l_anim.uexp" 397
"C:/Unreal/LostKingdom/Content/Characters/Mannequins/Rigs/Poses/Quinn/Quinn_hand_l_pose.uasset" 398
"C:/Unreal/LostKingdom/Content/Characters/Mannequins/Rigs/Poses/Quinn/Quinn_hand_l_pose.uexp" 399
"C:/Unreal/LostKingdom/Content/Characters/Mannequins/Rigs/Poses/Quinn/Quinn_hand_r_anim.uasset" 400
"C:/Unreal/LostKingdom/Content/Characters/Mannequins/Rigs/Poses/Quinn/Quinn_hand_r_anim.uexp" 401
"C:/Unreal/LostKingdom/Content/Characters/Mannequins/Rigs/Poses/Quinn/Quinn_hand_r_pose.uasset" 402
"C:/Unreal/LostKingdom/Content/Characters/Mannequins/Rigs/Poses/Quinn/Quinn_hand_r_pose.uexp" 403
"C:/Unreal/LostKingdom/Content/Characters/Mannequins/Rigs/ABP_Quinn_PostProcess.uasset" 404
"C:/Unreal/LostKingdom/Content/Characters/Mannequins/Rigs/ABP_Quinn_PostProcess.uexp" 405
"C:/Unreal/LostKingdom/Content/Characters/Mannequins/Textures/Quinn/T_Quinn_02ID_MSR_MSK.uasset" 406
"C:/Unreal/LostKingdom/Content/Characters/Mannequins/Textures/Quinn/T_Quinn_02ID_MSR_MSK.uexp" 407
"C:/Unreal/LostKingdom/Content/Characters/Mannequins/Textures/Quinn/T_Quinn_02ID_BN.uasset" 408
"C:/Unreal/LostKingdom/Content/Characters/Mannequins/Textures/Quinn/T_Quinn_02ID_BN.uexp" 409
"C:/Unreal/LostKingdom/Content/Characters/Mannequins/Textures/Quinn/T_Quinn_02_ASAOMASK_MSK.uasset" 410
"C:/Unreal/LostKingdom/Content/Characters/Mannequins/Textures/Quinn/T_Quinn_02_ASAOMASK_MSK.uexp" 411
"C:/Unreal/LostKingdom/Content/Characters/Mannequins/Textures/Quinn/T_Quinn_02_CCRCCPlastic_MSK.uasset" 412
"C:/Unreal/LostKingdom/Content/Characters/Mannequins/Textures/Quinn/T_Quinn_02_CCRCCPlastic_MSK.uexp" 413
"C:/Unreal/LostKingdom/Content/Characters/Mannequins/Textures/Quinn/T_Quinn_02ID_Tan.uasset" 414
"C:/Unreal/LostKingdom/Content/Characters/Mannequins/Textures/Quinn/T_Quinn_02ID_Tan.uexp" 415
"C:/Unreal/LostKingdom/Content/Characters/Mannequins/Textures/Quinn/T_Quinn_02ID_D.uasset" 416
"C:/Unreal/LostKingdom/Content/Characters/Mannequins/Textures/Quinn/T_Quinn_02ID_D.uexp" 417
"C:/Unreal/LostKingdom/Content/Characters/Mannequins/Textures/Quinn/T_Quinn_01ID_MSR_MSK.uasset" 418
"C:/Unreal/LostKingdom/Content/Characters/Mannequins/Textures/Quinn/T_Quinn_01ID_MSR_MSK.uexp" 419
"C:/Unreal/LostKingdom/Content/Characters/Mannequins/Materials/Functions/ChromaticCurve.uasset" 420
"C:/Unreal/LostKingdom/Content/Characters/Mannequins/Materials/Functions/ChromaticCurve.uexp" 421
"C:/Unreal/LostKingdom/Content/Characters/Mannequins/Materials/Functions/CA_Mannequin.uasset" 422
"C:/Unreal/LostKingdom/Content/Characters/Mannequins/Materials/Functions/CA_Mannequin.uexp" 423
"C:/Unreal/LostKingdom/Content/Characters/Mannequins/Materials/Functions/MF_Diffraction.uasset" 424
"C:/Unreal/LostKingdom/Content/Characters/Mannequins/Materials/Functions/MF_Diffraction.uexp" 425
"C:/Unreal/LostKingdom/Content/Characters/Mannequins/Textures/Manny/T_Manny_01_N.uasset" 426
"C:/Unreal/LostKingdom/Content/Characters/Mannequins/Textures/Manny/T_Manny_01_N.uexp" 427
"C:/Unreal/LostKingdom/Content/Characters/Mannequins/Materials/Functions/ML_BaseColorFallOff.uasset" 428
"C:/Unreal/LostKingdom/Content/Characters/Mannequins/Materials/Functions/ML_BaseColorFallOff.uexp" 429
"../../../Engine/Content/Functions/Engine_MaterialFunctions01/Texturing/ScaleUVsByCenter.uasset" 430
"../../../Engine/Content/Functions/Engine_MaterialFunctions01/Texturing/ScaleUVsByCenter.uexp" 431
"C:/Unreal/LostKingdom/Content/Characters/Mannequins/Textures/Shared/T_UE_Logo_M.uasset" 432
"C:/Unreal/LostKingdom/Content/Characters/Mannequins/Textures/Shared/T_UE_Logo_M.uexp" 433
"C:/Unreal/LostKingdom/Content/Characters/Mannequins/Materials/Functions/MF_logo3layers.uasset" 434
"C:/Unreal/LostKingdom/Content/Characters/Mannequins/Materials/Functions/MF_logo3layers.uexp" 435
"C:/Unreal/LostKingdom/Content/Characters/Mannequins/Textures/Manny/T_Manny_01_CCRCCPlastic_MSK.uasset" 436
"C:/Unreal/LostKingdom/Content/Characters/Mannequins/Textures/Manny/T_Manny_01_CCRCCPlastic_MSK.uexp" 437
"C:/Unreal/LostKingdom/Content/Characters/Mannequins/Textures/Manny/T_Manny_01_ASAOPMASK_MSK.uasset" 438
"C:/Unreal/LostKingdom/Content/Characters/Mannequins/Textures/Manny/T_Manny_01_ASAOPMASK_MSK.uexp" 439
"C:/Unreal/LostKingdom/Content/Characters/Mannequins/Textures/Manny/T_Manny_01_MSR_MSK.uasset" 440
"C:/Unreal/LostKingdom/Content/Characters/Mannequins/Textures/Manny/T_Manny_01_MSR_MSK.uexp" 441
"C:/Unreal/LostKingdom/Content/Characters/Mannequins/Textures/Manny/T_Manny_01_BN.uasset" 442
"C:/Unreal/LostKingdom/Content/Characters/Mannequins/Textures/Manny/T_Manny_01_BN.uexp" 443
"C:/Unreal/LostKingdom/Content/Characters/Mannequins/Textures/Manny/T_Manny_01_D.uasset" 444
"C:/Unreal/LostKingdom/Content/Characters/Mannequins/Textures/Manny/T_Manny_01_D.uexp" 445
"C:/Unreal/LostKingdom/Content/Characters/Mannequins/Textures/Manny/T_Manny_01_Tan.uasset" 446
"C:/Unreal/LostKingdom/Content/Characters/Mannequins/Textures/Manny/T_Manny_01_Tan.uexp" 447
"C:/Unreal/LostKingdom/Content/Characters/Mannequins/Materials/M_Mannequin.uasset" 448
"C:/Unreal/LostKingdom/Content/Characters/Mannequins/Materials/M_Mannequin.uexp" 449
"C:/Unreal/LostKingdom/Content/Characters/Mannequins/Textures/Quinn/T_Quinn_01_ASAOMASK_MSK.uasset" 450
"C:/Unreal/LostKingdom/Content/Characters/Mannequins/Textures/Quinn/T_Quinn_01_ASAOMASK_MSK.uexp" 451
"C:/Unreal/LostKingdom/Content/Characters/Mannequins/Textures/Quinn/T_Quinn_01ID_N.uasset" 452
"C:/Unreal/LostKingdom/Content/Characters/Mannequins/Textures/Quinn/T_Quinn_01ID_N.uexp" 453
"C:/Unreal/LostKingdom/Content/Characters/Mannequins/Textures/Quinn/T_Quinn_01ID_BN.uasset" 454
"C:/Unreal/LostKingdom/Content/Characters/Mannequins/Textures/Quinn/T_Quinn_01ID_BN.uexp" 455
"C:/Unreal/LostKingdom/Content/Characters/Mannequins/Textures/Quinn/T_Quinn_01ID_D.uasset" 456
"C:/Unreal/LostKingdom/Content/Characters/Mannequins/Textures/Quinn/T_Quinn_01ID_D.uexp" 457
"C:/Unreal/LostKingdom/Content/Characters/Mannequins/Textures/Quinn/T_Quinn_01ID_Tan.uasset" 458
"C:/Unreal/LostKingdom/Content/Characters/Mannequins/Textures/Quinn/T_Quinn_01ID_Tan.uexp" 459
"C:/Unreal/LostKingdom/Content/Characters/Mannequins/Textures/Quinn/T_Quinn_01_CCRCCPlastic_MSK.uasset" 460
"C:/Unreal/LostKingdom/Content/Characters/Mannequins/Textures/Quinn/T_Quinn_01_CCRCCPlastic_MSK.uexp" 461
"C:/Unreal/LostKingdom/Content/Characters/Mannequins/Materials/Instances/Quinn/MI_Quinn_01.uasset" 462
"C:/Unreal/LostKingdom/Content/Characters/Mannequins/Materials/Instances/Quinn/MI_Quinn_01.uexp" 463
"C:/Unreal/LostKingdom/Content/Characters/Mannequins/Textures/Quinn/T_Quinn_02ID_N.uasset" 464
"C:/Unreal/LostKingdom/Content/Characters/Mannequins/Textures/Quinn/T_Quinn_02ID_N.uexp" 465
"C:/Unreal/LostKingdom/Content/Characters/Mannequins/Materials/Instances/Quinn/MI_Quinn_02.uasset" 466
"C:/Unreal/LostKingdom/Content/Characters/Mannequins/Materials/Instances/Quinn/MI_Quinn_02.uexp" 467
"C:/Unreal/LostKingdom/Content/Characters/Mannequins/Rigs/PA_Mannequin.uasset" 468
"C:/Unreal/LostKingdom/Content/Characters/Mannequins/Rigs/PA_Mannequin.uexp" 469
"C:/Unreal/LostKingdom/Content/Characters/Mannequins/Meshes/SKM_Quinn.uasset" 470
"C:/Unreal/LostKingdom/Content/Characters/Mannequins/Meshes/SKM_Quinn.uexp" 471
"C:/Unreal/LostKingdom/Content/TopDown/Blueprints/BP_TopDownCharacter.uasset" 472
"C:/Unreal/LostKingdom/Content/TopDown/Blueprints/BP_TopDownCharacter.uexp" 473
"../../../Engine/Content/EngineMaterials/DefaultMaterial.uasset" 474
"../../../Engine/Content/EngineMaterials/DefaultMaterial.uexp" 475
"../../../Engine/Content/BasicShapes/Sphere.uasset" 476
"../../../Engine/Content/BasicShapes/Sphere.uexp" 477
"../../../Engine/Content/BasicShapes/Plane.uasset" 478
"../../../Engine/Content/BasicShapes/Plane.uexp" 479
"../../../Engine/Content/BasicShapes/Cylinder.uasset" 480
"../../../Engine/Content/BasicShapes/Cylinder.uexp" 481
"../../../Engine/Content/BasicShapes/Cube.uasset" 482
"../../../Engine/Content/BasicShapes/Cube.uexp" 483
"../../../Engine/Content/BasicShapes/Cone.uasset" 484
"../../../Engine/Content/BasicShapes/Cone.uexp" 485
"../../../Engine/Content/EditorLandscapeResources/DefaultAlphaTexture.uasset" 486
"../../../Engine/Content/EditorLandscapeResources/DefaultAlphaTexture.uexp" 487
"../../../Engine/Content/EditorLandscapeResources/DataLayer.uasset" 488
"../../../Engine/Content/EditorLandscapeResources/DataLayer.uexp" 489
"../../../Engine/Content/EditorMaterials/PreviewShadowIndicator.uasset" 490
"../../../Engine/Content/EditorMaterials/PreviewShadowIndicator.uexp" 491
"../../../Engine/Content/EditorMaterials/PreviewShadowIndicatorMaterial.uasset" 492
"../../../Engine/Content/EditorMaterials/PreviewShadowIndicatorMaterial.uexp" 493
"../../../Engine/Content/EditorMaterials/PhAT_UnselectedMaterial.uasset" 494
"../../../Engine/Content/EditorMaterials/PhAT_UnselectedMaterial.uexp" 495
"../../../Engine/Content/EditorMaterials/PhAT_NoCollisionMaterial.uasset" 496
"../../../Engine/Content/EditorMaterials/PhAT_NoCollisionMaterial.uexp" 497
"../../../Engine/Plugins/Interchange/Runtime/Content/gltf/MaterialInstances_SG/MI_Opaque_TS.uasset" 498
"../../../Engine/Plugins/Interchange/Runtime/Content/gltf/MaterialInstances_SG/MI_Opaque_TS.uexp" 499
"../../../Engine/Content/Functions/Engine_MaterialFunctions02/Utility/MakeFloat4.uasset" 500
"../../../Engine/Content/Functions/Engine_MaterialFunctions02/Utility/MakeFloat4.uexp" 501
"../../../Engine/Content/EditorMaterials/WorldPartition/WorldPartitionSpatialHashGridPreviewMaterial.uasset" 502
"../../../Engine/Content/EditorMaterials/WorldPartition/WorldPartitionSpatialHashGridPreviewMaterial.uexp" 503
"../../../Engine/Content/EditorResources/S_Terrain.uasset" 504
"../../../Engine/Content/EditorResources/S_Terrain.uexp" 505
"../../../Engine/Content/EditorResources/EmptyActor.uasset" 506
"../../../Engine/Content/EditorResources/EmptyActor.uexp" 507
"../../../Engine/Content/EditorResources/BSPVertex.uasset" 508
"../../../Engine/Content/EditorResources/BSPVertex.uexp" 509
"../../../Engine/Content/EditorResources/SequenceRecorder/RecordingIndicator.uasset" 510
"../../../Engine/Content/EditorResources/SequenceRecorder/RecordingIndicator.uexp" 511
"../../../Engine/Content/EditorResources/SequenceRecorder/Countdown.uasset" 512
"../../../Engine/Content/EditorResources/SequenceRecorder/Countdown.uexp" 513
"../../../Engine/Content/EngineDamageTypes/DmgTypeBP_Environmental.uasset" 514
"../../../Engine/Content/EngineDamageTypes/DmgTypeBP_Environmental.uexp" 515
"../../../Engine/Content/Functions/Engine_MaterialFunctions02/Utility/CameraDirectionVector.uasset" 516
"../../../Engine/Content/Functions/Engine_MaterialFunctions02/Utility/CameraDirectionVector.uexp" 517
"../../../Engine/Content/EngineDebugMaterials/VolumeToRender.uasset" 518
"../../../Engine/Content/EngineDebugMaterials/VolumeToRender.uexp" 519
"../../../Engine/Content/EngineDebugMaterials/M_VolumeRenderSphereTracePP.uasset" 520
"../../../Engine/Content/EngineDebugMaterials/M_VolumeRenderSphereTracePP.uexp" 521
"../../../Engine/Content/EngineDebugMaterials/M_SimpleUnlitTranslucent.uasset" 522
"../../../Engine/Content/EngineDebugMaterials/M_SimpleUnlitTranslucent.uexp" 523
"../../../Engine/Content/EngineDebugMaterials/DebugMeshMaterial.uasset" 524
"../../../Engine/Content/EngineDebugMaterials/DebugMeshMaterial.uexp" 525
"../../../Engine/Content/EngineDebugMaterials/DebugEditorMaterial.uasset" 526
"../../../Engine/Content/EngineDebugMaterials/DebugEditorMaterial.uexp" 527
"../../../Engine/Content/EngineFonts/Faces/RobotoLight.uexp" 528
"../../../Engine/Content/EngineFonts/Faces/RobotoLight.uasset" 529
"../../../Engine/Content/EngineFonts/Faces/RobotoLight.ufont" 530
"../../../Engine/Content/EngineFonts/Faces/RobotoBold.uexp" 531
"../../../Engine/Content/EngineFonts/Faces/RobotoBold.uasset" 532
"../../../Engine/Content/EngineFonts/Faces/RobotoBold.ufont" 533
"../../../Engine/Content/EngineFonts/Faces/RobotoRegular.uexp" 534
"../../../Engine/Content/EngineFonts/Faces/RobotoRegular.uasset" 535
"../../../Engine/Content/EngineFonts/Faces/RobotoRegular.ufont" 536
"../../../Engine/Content/EngineFonts/Faces/DroidSansFallback.uexp" 537
"../../../Engine/Content/EngineFonts/Faces/DroidSansFallback.uasset" 538
"../../../Engine/Content/EngineFonts/Faces/DroidSansFallback.ufont" 539
"../../../Engine/Content/EngineFonts/Faces/RobotoItalic.uexp" 540
"../../../Engine/Content/EngineFonts/Faces/RobotoItalic.uasset" 541
"../../../Engine/Content/EngineFonts/Faces/RobotoItalic.ufont" 542
"../../../Engine/Content/EngineFonts/Faces/RobotoBoldItalic.uexp" 543
"../../../Engine/Content/EngineFonts/Faces/RobotoBoldItalic.uasset" 544
"../../../Engine/Content/EngineFonts/Faces/RobotoBoldItalic.ufont" 545
"../../../Engine/Content/EngineResources/WhiteSquareTexture.uasset" 546
"../../../Engine/Content/EngineResources/WhiteSquareTexture.uexp" 547
"../../../Engine/Content/EngineMaterials/Widget3DPassThrough.uasset" 548
"../../../Engine/Content/EngineMaterials/Widget3DPassThrough.uexp" 549
"../../../Engine/Content/EngineMaterials/Widget3DPassThrough_Translucent.uasset" 550
"../../../Engine/Content/EngineMaterials/Widget3DPassThrough_Translucent.uexp" 551
"../../../Engine/Content/EngineMaterials/Widget3DPassThrough_Translucent_OneSided.uasset" 552
"../../../Engine/Content/EngineMaterials/Widget3DPassThrough_Translucent_OneSided.uexp" 553
"../../../Engine/Content/EngineMaterials/Widget3DPassThrough_Opaque.uasset" 554
"../../../Engine/Content/EngineMaterials/Widget3DPassThrough_Opaque.uexp" 555
"../../../Engine/Content/EngineMaterials/Widget3DPassThrough_Opaque_OneSided.uasset" 556
"../../../Engine/Content/EngineMaterials/Widget3DPassThrough_Opaque_OneSided.uexp" 557
"../../../Engine/Content/EngineMaterials/Widget3DPassThrough_Masked_OneSided.uasset" 558
"../../../Engine/Content/EngineMaterials/Widget3DPassThrough_Masked_OneSided.uexp" 559
"../../../Engine/Content/EngineMaterials/Widget3DPassThrough_Masked.uasset" 560
"../../../Engine/Content/EngineMaterials/Widget3DPassThrough_Masked.uexp" 561
"../../../Engine/Content/EngineMaterials/STBlueNoise_vec2_128x128x64.uasset" 562
"../../../Engine/Content/EngineMaterials/STBlueNoise_vec2_128x128x64.uexp" 563
"../../../Engine/Content/EngineMaterials/STBlueNoise_scalar_128x128x64.uasset" 564
"../../../Engine/Content/EngineMaterials/STBlueNoise_scalar_128x128x64.uexp" 565
"../../../Engine/Content/EngineMaterials/RemoveSurfaceMaterial.uasset" 566
"../../../Engine/Content/EngineMaterials/RemoveSurfaceMaterial.uexp" 567
"../../../Engine/Plugins/Interchange/Runtime/Content/gltf/MaterialFunctions/MF_Transmission.uasset" 568
"../../../Engine/Plugins/Interchange/Runtime/Content/gltf/MaterialFunctions/MF_Transmission.uexp" 569
"../../../Engine/Content/Functions/Engine_MaterialFunctions02/Texturing/CustomRotator.uasset" 570
"../../../Engine/Content/Functions/Engine_MaterialFunctions02/Texturing/CustomRotator.uexp" 571
"../../../Engine/Content/Functions/Engine_MaterialFunctions02/Texturing/ScreenAlignedPixelToPixelUVs.uasset" 572
"../../../Engine/Content/Functions/Engine_MaterialFunctions02/Texturing/ScreenAlignedPixelToPixelUVs.uexp" 573
"../../../Engine/Plugins/Interchange/Runtime/Content/Utilities/T_Bayer64_Grayscale_64px.uasset" 574
"../../../Engine/Plugins/Interchange/Runtime/Content/Utilities/T_Bayer64_Grayscale_64px.uexp" 575
"../../../Engine/Plugins/Interchange/Runtime/Content/gltf/MaterialFunctions/MF_Temporal_Blur.uasset" 576
"../../../Engine/Plugins/Interchange/Runtime/Content/gltf/MaterialFunctions/MF_Temporal_Blur.uexp" 577
"../../../Engine/Plugins/Interchange/Runtime/Content/gltf/MaterialFunctions/MF_Fresnel_DS.uasset" 578
"../../../Engine/Plugins/Interchange/Runtime/Content/gltf/MaterialFunctions/MF_Fresnel_DS.uexp" 579
"../../../Engine/Plugins/Interchange/Runtime/Content/gltf/M_Transmission.uasset" 580
"../../../Engine/Plugins/Interchange/Runtime/Content/gltf/M_Transmission.uexp" 581
"../../../Engine/Plugins/Interchange/Runtime/Content/gltf/MaterialInstances_MR/MI_Transmission_TS.uasset" 582
"../../../Engine/Plugins/Interchange/Runtime/Content/gltf/MaterialInstances_MR/MI_Transmission_TS.uexp" 583
"../../../Engine/Content/EngineMaterials/DefaultCalibrationGrayscale.uasset" 584
"../../../Engine/Content/EngineMaterials/DefaultCalibrationGrayscale.uexp" 585
"../../../Engine/Content/EngineMaterials/PPM_DefaultCalibrationGrayscale.uasset" 586
"../../../Engine/Content/EngineMaterials/PPM_DefaultCalibrationGrayscale.uexp" 587
"../../../Engine/Content/EngineMaterials/DefaultCalibrationColor.uasset" 588
"../../../Engine/Content/EngineMaterials/DefaultCalibrationColor.uexp" 589
"../../../Engine/Content/EngineMaterials/PPM_DefaultCalibrationColor.uasset" 590
"../../../Engine/Content/EngineMaterials/PPM_DefaultCalibrationColor.uexp" 591
"../../../Engine/Content/Functions/Engine_MaterialFunctions02/WorldPositionOffset/CameraOffset.uasset" 592
"../../../Engine/Content/Functions/Engine_MaterialFunctions02/WorldPositionOffset/CameraOffset.uexp" 593
"../../../Engine/Content/EngineMaterials/PhAT_JointLimitMaterial.uasset" 594
"../../../Engine/Content/EngineMaterials/PhAT_JointLimitMaterial.uexp" 595
"../../../Engine/Content/EngineMaterials/InvalidLightmapSettings.uasset" 596
"../../../Engine/Content/EngineMaterials/InvalidLightmapSettings.uexp" 597
"../../../Engine/Content/EngineMaterials/M_InvalidLightmapSettings.uasset" 598
"../../../Engine/Content/EngineMaterials/M_InvalidLightmapSettings.uexp" 599
"../../../Engine/Plugins/Interchange/Runtime/Content/gltf/MaterialInstances_SG/MI_Transmission.uasset" 600
"../../../Engine/Plugins/Interchange/Runtime/Content/gltf/MaterialInstances_SG/MI_Transmission.uexp" 601
"../../../Engine/Plugins/Interchange/Runtime/Content/gltf/M_Translucent.uasset" 602
"../../../Engine/Plugins/Interchange/Runtime/Content/gltf/M_Translucent.uexp" 603
"../../../Engine/Plugins/Interchange/Runtime/Content/gltf/MaterialInstances_MR/MI_Translucent_TS.uasset" 604
"../../../Engine/Plugins/Interchange/Runtime/Content/gltf/MaterialInstances_MR/MI_Translucent_TS.uexp" 605
"../../../Engine/Content/EngineMaterials/GizmoMaterial.uasset" 606
"../../../Engine/Content/EngineMaterials/GizmoMaterial.uexp" 607
"../../../Engine/Content/EngineMaterials/BaseFlattenEmissiveMap_VT.uasset" 608
"../../../Engine/Content/EngineMaterials/BaseFlattenEmissiveMap_VT.uexp" 609
"../../../Engine/Content/EngineMaterials/BaseFlattenGrayscaleMap_VT.uasset" 610
"../../../Engine/Content/EngineMaterials/BaseFlattenGrayscaleMap_VT.uexp" 611
"../../../Engine/Content/EngineMaterials/BaseFlattenLinearColor_VT.uasset" 612
"../../../Engine/Content/EngineMaterials/BaseFlattenLinearColor_VT.uexp" 613
"../../../Engine/Content/EngineMaterials/Black_1x1_EXR_Texture_VT.uasset" 614
"../../../Engine/Content/EngineMaterials/Black_1x1_EXR_Texture_VT.uexp" 615
"../../../Engine/Content/EngineMaterials/BaseFlattenDiffuseMap_VT.uasset" 616
"../../../Engine/Content/EngineMaterials/BaseFlattenDiffuseMap_VT.uexp" 617
"../../../Engine/Content/EngineMaterials/BaseFlattenNormalMap_VT.uasset" 618
"../../../Engine/Content/EngineMaterials/BaseFlattenNormalMap_VT.uexp" 619
"../../../Engine/Content/EngineMaterials/FlattenMaterial_WS_Normal_VT.uasset" 620
"../../../Engine/Content/EngineMaterials/FlattenMaterial_WS_Normal_VT.uexp" 621
"../../../Engine/Content/EngineMaterials/FlattenMaterial_VT.uasset" 622
"../../../Engine/Content/EngineMaterials/FlattenMaterial_VT.uexp" 623
"../../../Engine/Content/EngineMaterials/BaseFlattenNormalMap.uasset" 624
"../../../Engine/Content/EngineMaterials/BaseFlattenNormalMap.uexp" 625
"../../../Engine/Content/EngineMaterials/BaseFlattenGrayscaleMap.uasset" 626
"../../../Engine/Content/EngineMaterials/BaseFlattenGrayscaleMap.uexp" 627
"../../../Engine/Content/EngineMaterials/BaseFlattenDiffuseMap.uasset" 628
"../../../Engine/Content/EngineMaterials/BaseFlattenDiffuseMap.uexp" 629
"../../../Engine/Content/Functions/Engine_MaterialFunctions02/PivotPainter2/Black_1x1_EXR_Texture.uasset" 630
"../../../Engine/Content/Functions/Engine_MaterialFunctions02/PivotPainter2/Black_1x1_EXR_Texture.uexp" 631
"../../../Engine/Content/EngineMaterials/BaseFlattenEmissiveMap.uasset" 632
"../../../Engine/Content/EngineMaterials/BaseFlattenEmissiveMap.uexp" 633
"../../../Engine/Content/EngineMaterials/FlattenMaterial.uasset" 634
"../../../Engine/Content/EngineMaterials/FlattenMaterial.uexp" 635
"../../../Engine/Content/EngineMaterials/DefaultWhiteGrid_Low.uasset" 636
"../../../Engine/Content/EngineMaterials/DefaultWhiteGrid_Low.uexp" 637
"../../../Engine/Content/EngineMaterials/EmissiveMeshMaterial.uasset" 638
"../../../Engine/Content/EngineMaterials/EmissiveMeshMaterial.uexp" 639
"../../../Engine/Plugins/Interchange/Runtime/Content/gltf/MaterialInstances_SG/MI_Translucent_TS.uasset" 640
"../../../Engine/Plugins/Interchange/Runtime/Content/gltf/MaterialInstances_SG/MI_Translucent_TS.uexp" 641
"../../../Engine/Content/EngineMaterials/DefaultTextMaterialOpaque.uasset" 642
"../../../Engine/Content/EngineMaterials/DefaultTextMaterialOpaque.uexp" 643
"../../../Engine/Content/EngineMaterials/DefaultDiffuse.uasset" 644
"../../../Engine/Content/EngineMaterials/DefaultDiffuse.uexp" 645
"../../../Engine/Content/EngineMaterials/DefaultPostProcessMaterial.uasset" 646
"../../../Engine/Content/EngineMaterials/DefaultPostProcessMaterial.uexp" 647
"../../../Engine/Content/EngineMaterials/DefaultPhysicalMaterial.uasset" 648
"../../../Engine/Content/EngineMaterials/DefaultPhysicalMaterial.uexp" 649
"../../../Engine/Content/EngineMaterials/DefaultLightFunctionMaterial.uasset" 650
"../../../Engine/Content/EngineMaterials/DefaultLightFunctionMaterial.uexp" 651
"../../../Engine/Plugins/Runtime/MeshModelingToolset/Content/Materials/M_DynamicMeshComponentVtxColor.uasset" 652
"../../../Engine/Plugins/Runtime/MeshModelingToolset/Content/Materials/M_DynamicMeshComponentVtxColor.uexp" 653
"../../../Engine/Content/EngineMaterials/DefaultDestructiblePhysicalMaterial.uasset" 654
"../../../Engine/Content/EngineMaterials/DefaultDestructiblePhysicalMaterial.uexp" 655
"../../../Engine/Content/EngineMaterials/DefaultDeferredDecalMaterial.uasset" 656
"../../../Engine/Content/EngineMaterials/DefaultDeferredDecalMaterial.uexp" 657
"../../../Engine/Plugins/Interchange/Runtime/Content/gltf/MaterialInstances_MR/MI_Transmission.uasset" 658
"../../../Engine/Plugins/Interchange/Runtime/Content/gltf/MaterialInstances_MR/MI_Transmission.uexp" 659
"../../../Engine/Content/EngineMaterials/DefaultBloomKernel.uasset" 660
"../../../Engine/Content/EngineMaterials/DefaultBloomKernel.uexp" 661
"../../../Engine/Plugins/Interchange/Runtime/Content/gltf/MaterialInstances_MR/MI_Translucent_ClearCoat_TS.uasset" 662
"../../../Engine/Plugins/Interchange/Runtime/Content/gltf/MaterialInstances_MR/MI_Translucent_ClearCoat_TS.uexp" 663
"../../../Engine/Plugins/Interchange/Runtime/Content/gltf/MaterialInstances_MR/MI_Translucent_ClearCoat.uasset" 664
"../../../Engine/Plugins/Interchange/Runtime/Content/gltf/MaterialInstances_MR/MI_Translucent_ClearCoat.uexp" 665
"../../../Engine/Plugins/Interchange/Runtime/Content/gltf/MaterialInstances_MR/MI_Opaque_Sheen.uasset" 666
"../../../Engine/Plugins/Interchange/Runtime/Content/gltf/MaterialInstances_MR/MI_Opaque_Sheen.uexp" 667
"../../../Engine/Plugins/Interchange/Runtime/Content/gltf/MaterialInstances_MR/MI_Translucent.uasset" 668
"../../../Engine/Plugins/Interchange/Runtime/Content/gltf/MaterialInstances_MR/MI_Translucent.uexp" 669
"../../../Engine/Plugins/Interchange/Runtime/Content/gltf/MaterialInstances_MR/MI_Opaque_ClearCoat_TS.uasset" 670
"../../../Engine/Plugins/Interchange/Runtime/Content/gltf/MaterialInstances_MR/MI_Opaque_ClearCoat_TS.uexp" 671
"../../../Engine/Plugins/Interchange/Runtime/Content/gltf/M_Unlit.uasset" 672
"../../../Engine/Plugins/Interchange/Runtime/Content/gltf/M_Unlit.uexp" 673
"../../../Engine/Plugins/Interchange/Runtime/Content/gltf/MaterialInstances_MR/MI_Opaque_Unlit_TS.uasset" 674
"../../../Engine/Plugins/Interchange/Runtime/Content/gltf/MaterialInstances_MR/MI_Opaque_Unlit_TS.uexp" 675
"../../../Engine/Plugins/Interchange/Runtime/Content/gltf/MaterialInstances_MR/MI_Opaque_ClearCoat.uasset" 676
"../../../Engine/Plugins/Interchange/Runtime/Content/gltf/MaterialInstances_MR/MI_Opaque_ClearCoat.uexp" 677
"../../../Engine/Plugins/Interchange/Runtime/Content/gltf/MaterialInstances_MR/MI_Opaque_Unlit.uasset" 678
"../../../Engine/Plugins/Interchange/Runtime/Content/gltf/MaterialInstances_MR/MI_Opaque_Unlit.uexp" 679
"../../../Engine/Plugins/Interchange/Runtime/Content/gltf/MaterialInstances_MR/MI_Opaque.uasset" 680
"../../../Engine/Plugins/Interchange/Runtime/Content/gltf/MaterialInstances_MR/MI_Opaque.uexp" 681
"../../../Engine/Plugins/Interchange/Runtime/Content/gltf/MaterialInstances_MR/MI_Opaque_TS.uasset" 682
"../../../Engine/Plugins/Interchange/Runtime/Content/gltf/MaterialInstances_MR/MI_Opaque_TS.uexp" 683
"../../../Engine/Plugins/Interchange/Runtime/Content/gltf/MaterialInstances_SG/MI_Transmission_TS.uasset" 684
"../../../Engine/Plugins/Interchange/Runtime/Content/gltf/MaterialInstances_SG/MI_Transmission_TS.uexp" 685
"../../../Engine/Content/EngineResources/FilmGrains/Marcie_Grain_v3_128_M2_000.uasset" 686
"../../../Engine/Content/EngineResources/FilmGrains/Marcie_Grain_v3_128_M2_000.uexp" 687
"../../../Engine/Content/EngineSky/T_Sky_Stars.uasset" 688
"../../../Engine/Content/EngineSky/T_Sky_Stars.uexp" 689
"../../../Engine/Content/EngineSky/T_Sky_Clouds_M.uasset" 690
"../../../Engine/Content/EngineSky/T_Sky_Clouds_M.uexp" 691
"../../../Engine/Content/EngineSky/T_Sky_Blue.uasset" 692
"../../../Engine/Content/EngineSky/T_Sky_Blue.uexp" 693
"../../../Engine/Content/EngineSky/M_Sky_Panning_Clouds2.uasset" 694
"../../../Engine/Content/EngineSky/M_Sky_Panning_Clouds2.uexp" 695
"../../../Engine/Content/EngineSky/SM_SkySphere.uasset" 696
"../../../Engine/Content/EngineSky/SM_SkySphere.uexp" 697
"../../../Engine/Content/EngineSky/M_SimpleSkyDome.uasset" 698
"../../../Engine/Content/EngineSky/M_SimpleSkyDome.uexp" 699
"../../../Engine/Content/EngineSky/VolumetricClouds/CloudWeatherTexture.uasset" 700
"../../../Engine/Content/EngineSky/VolumetricClouds/CloudWeatherTexture.uexp" 701
"../../../Engine/Content/Functions/Engine_MaterialFunctions02/Utility/MakeFloat2.uasset" 702
"../../../Engine/Content/Functions/Engine_MaterialFunctions02/Utility/MakeFloat2.uexp" 703
"../../../Engine/Content/EngineSky/VolumetricClouds/CloudGradientTexture.uasset" 704
"../../../Engine/Content/EngineSky/VolumetricClouds/CloudGradientTexture.uexp" 705
"../../../Engine/Content/EngineSky/VolumetricClouds/T_NoiseShape64.uasset" 706
"../../../Engine/Content/EngineSky/VolumetricClouds/T_NoiseShape64.uexp" 707
"../../../Engine/Content/EngineSky/VolumetricClouds/T_VolumeNoiseShape64.uasset" 708
"../../../Engine/Content/EngineSky/VolumetricClouds/T_VolumeNoiseShape64.uexp" 709
"../../../Engine/Content/EngineSky/VolumetricClouds/T_NoiseErosion.uasset" 710
"../../../Engine/Content/EngineSky/VolumetricClouds/T_NoiseErosion.uexp" 711
"../../../Engine/Content/EngineSky/VolumetricClouds/T_VolumeNoiseErosion32.uasset" 712
"../../../Engine/Content/EngineSky/VolumetricClouds/T_VolumeNoiseErosion32.uexp" 713
"../../../Engine/Content/EngineSky/VolumetricClouds/m_SimpleVolumetricCloud.uasset" 714
"../../../Engine/Content/EngineSky/VolumetricClouds/m_SimpleVolumetricCloud.uexp" 715
"../../../Engine/Content/EngineSky/VolumetricClouds/m_SimpleVolumetricCloud_Inst.uasset" 716
"../../../Engine/Content/EngineSky/VolumetricClouds/m_SimpleVolumetricCloud_Inst.uexp" 717
"../../../Engine/Content/EngineSounds/Master.uasset" 718
"../../../Engine/Content/EngineSounds/Master.uexp" 719
"../../../Engine/Content/Functions/Engine_MaterialFunctions01/Shading/PowerToRoughness.uasset" 720
"../../../Engine/Content/Functions/Engine_MaterialFunctions01/Shading/PowerToRoughness.uexp" 721
"../../../Engine/Plugins/Interchange/Runtime/Content/gltf/MaterialInstances_MR/MI_Opaque_Sheen_TS.uasset" 722
"../../../Engine/Plugins/Interchange/Runtime/Content/gltf/MaterialInstances_MR/MI_Opaque_Sheen_TS.uexp" 723
"../../../Engine/Plugins/Editor/SpeedTreeImporter/Content/SpeedTree9/game_wind_noise.uasset" 724
"../../../Engine/Plugins/Editor/SpeedTreeImporter/Content/SpeedTree9/game_wind_noise.uexp" 725
"../../../Engine/Plugins/Editor/SpeedTreeImporter/Content/SpeedTree9/UnpackDirection.uasset" 726
"../../../Engine/Plugins/Editor/SpeedTreeImporter/Content/SpeedTree9/UnpackDirection.uexp" 727
"../../../Engine/Content/Functions/Engine_MaterialFunctions02/ObjectLocalBounds.uasset" 728
"../../../Engine/Content/Functions/Engine_MaterialFunctions02/ObjectLocalBounds.uexp" 729
"../../../Engine/Content/Functions/Engine_MaterialFunctions02/UVs/BoundingBoxBased_0-1_UVW.uasset" 730
"../../../Engine/Content/Functions/Engine_MaterialFunctions02/UVs/BoundingBoxBased_0-1_UVW.uexp" 731
"../../../Engine/Content/Functions/Engine_MaterialFunctions02/Utility/VectorLength.uasset" 732
"../../../Engine/Content/Functions/Engine_MaterialFunctions02/Utility/VectorLength.uexp" 733
"../../../Engine/Plugins/Editor/SpeedTreeImporter/Content/SpeedTree9/UnpackInteger3.uasset" 734
"../../../Engine/Plugins/Editor/SpeedTreeImporter/Content/SpeedTree9/UnpackInteger3.uexp" 735
"../../../Engine/Plugins/Editor/SpeedTreeImporter/Content/SpeedTree9/SpeedTreeCameraFacing.uasset" 736
"../../../Engine/Plugins/Editor/SpeedTreeImporter/Content/SpeedTree9/SpeedTreeCameraFacing.uexp" 737
"../../../Engine/Content/Functions/Engine_MaterialFunctions02/WorldPositionOffset/ObjectScale.uasset" 738
"../../../Engine/Content/Functions/Engine_MaterialFunctions02/WorldPositionOffset/ObjectScale.uexp" 739
"../../../Engine/Content/Functions/Engine_MaterialFunctions02/SafeNormalize.uasset" 740
"../../../Engine/Content/Functions/Engine_MaterialFunctions02/SafeNormalize.uexp" 741
"../../../Engine/Plugins/Editor/SpeedTreeImporter/Content/SpeedTree9/SpeedTreeWindMotion.uasset" 742
"../../../Engine/Plugins/Editor/SpeedTreeImporter/Content/SpeedTree9/SpeedTreeWindMotion.uexp" 743
"../../../Engine/Plugins/Editor/SpeedTreeImporter/Content/SpeedTree9/SpeedTreeBranchMotion.uasset" 744
"../../../Engine/Plugins/Editor/SpeedTreeImporter/Content/SpeedTree9/SpeedTreeBranchMotion.uexp" 745
"../../../Engine/Plugins/Editor/SpeedTreeImporter/Content/SpeedTree9/SpeedTreeWind.uasset" 746
"../../../Engine/Plugins/Editor/SpeedTreeImporter/Content/SpeedTree9/SpeedTreeWind.uexp" 747
"../../../Engine/Plugins/Editor/SpeedTreeImporter/Content/SpeedTree9/EmptyNormal.uasset" 748
"../../../Engine/Plugins/Editor/SpeedTreeImporter/Content/SpeedTree9/EmptyNormal.uexp" 749
"../../../Engine/Plugins/Editor/SpeedTreeImporter/Content/SpeedTree9/Empty.uasset" 750
"../../../Engine/Plugins/Editor/SpeedTreeImporter/Content/SpeedTree9/Empty.uexp" 751
"../../../Engine/Plugins/Editor/SpeedTreeImporter/Content/SpeedTree9/SpeedTreeMaster.uasset" 752
"../../../Engine/Plugins/Editor/SpeedTreeImporter/Content/SpeedTree9/SpeedTreeMaster.uexp" 753
"../../../Engine/Plugins/Editor/SpeedTreeImporter/Content/SpeedTree9/SpeedTreeBillboard.uasset" 754
"../../../Engine/Plugins/Editor/SpeedTreeImporter/Content/SpeedTree9/SpeedTreeBillboard.uexp" 755
"../../../Engine/Plugins/Editor/SpeedTreeImporter/Content/SpeedTree9/SpeedTreeBillboardMaster.uasset" 756
"../../../Engine/Plugins/Editor/SpeedTreeImporter/Content/SpeedTree9/SpeedTreeBillboardMaster.uexp" 757
"../../../Engine/Plugins/Interchange/Runtime/Content/gltf/MaterialInstances_SG/MI_Translucent.uasset" 758
"../../../Engine/Plugins/Interchange/Runtime/Content/gltf/MaterialInstances_SG/MI_Translucent.uexp" 759
"../../../Engine/Plugins/Interchange/Runtime/Content/gltf/MaterialInstances_SG/MI_Translucent_ClearCoat_TS.uasset" 760
"../../../Engine/Plugins/Interchange/Runtime/Content/gltf/MaterialInstances_SG/MI_Translucent_ClearCoat_TS.uexp" 761
"../../../Engine/Plugins/Interchange/Runtime/Content/gltf/MaterialInstances_SG/MI_Translucent_ClearCoat.uasset" 762
"../../../Engine/Plugins/Interchange/Runtime/Content/gltf/MaterialInstances_SG/MI_Translucent_ClearCoat.uexp" 763
"../../../Engine/Plugins/Animation/ControlRig/Content/M_Manip.uasset" 764
"../../../Engine/Plugins/Animation/ControlRig/Content/M_Manip.uexp" 765
"../../../Engine/Plugins/Animation/ControlRig/Content/Controls/DefaultGizmoLibraryNormalized.uasset" 766
"../../../Engine/Plugins/Animation/ControlRig/Content/Controls/DefaultGizmoLibraryNormalized.uexp" 767
"../../../Engine/Plugins/Animation/ControlRig/Content/Controls/ControlRig_Wedge_solid.uasset" 768
"../../../Engine/Plugins/Animation/ControlRig/Content/Controls/ControlRig_Wedge_solid.uexp" 769
"../../../Engine/Plugins/Animation/ControlRig/Content/Controls/ControlRig_Wedge_3mm.uasset" 770
"../../../Engine/Plugins/Animation/ControlRig/Content/Controls/ControlRig_Wedge_3mm.uexp" 771
"../../../Engine/Plugins/Animation/ControlRig/Content/Controls/ControlRig_Wedge_1mm.uasset" 772
"../../../Engine/Plugins/Animation/ControlRig/Content/Controls/ControlRig_Wedge_1mm.uexp" 773
"../../../Engine/Plugins/Animation/ControlRig/Content/Controls/ControlRig_Triangle_solid.uasset" 774
"../../../Engine/Plugins/Animation/ControlRig/Content/Controls/ControlRig_Triangle_solid.uexp" 775
"../../../Engine/Plugins/Animation/ControlRig/Content/Controls/ControlRig_Triangle_3mm.uasset" 776
"../../../Engine/Plugins/Animation/ControlRig/Content/Controls/ControlRig_Triangle_3mm.uexp" 777
"../../../Engine/Plugins/Animation/ControlRig/Content/Controls/ControlRig_Triangle_1mm.uasset" 778
"../../../Engine/Plugins/Animation/ControlRig/Content/Controls/ControlRig_Triangle_1mm.uexp" 779
"../../../Engine/Plugins/Animation/ControlRig/Content/Controls/ControlRig_Star4_solid.uasset" 780
"../../../Engine/Plugins/Animation/ControlRig/Content/Controls/ControlRig_Star4_solid.uexp" 781
"../../../Engine/Plugins/Animation/ControlRig/Content/Controls/ControlRig_Star4_3mm.uasset" 782
"../../../Engine/Plugins/Animation/ControlRig/Content/Controls/ControlRig_Star4_3mm.uexp" 783
"../../../Engine/Plugins/Animation/ControlRig/Content/Controls/ControlRig_Star4_1mm.uasset" 784
"../../../Engine/Plugins/Animation/ControlRig/Content/Controls/ControlRig_Star4_1mm.uexp" 785
"../../../Engine/Plugins/Animation/ControlRig/Content/Controls/ControlRig_Square_solid.uasset" 786
"../../../Engine/Plugins/Animation/ControlRig/Content/Controls/ControlRig_Square_solid.uexp" 787
"../../../Engine/Plugins/Animation/ControlRig/Content/Controls/ControlRig_Square_3mm.uasset" 788
"../../../Engine/Plugins/Animation/ControlRig/Content/Controls/ControlRig_Square_3mm.uexp" 789
"../../../Engine/Plugins/Animation/ControlRig/Content/Controls/ControlRig_Square_1mm.uasset" 790
"../../../Engine/Plugins/Animation/ControlRig/Content/Controls/ControlRig_Square_1mm.uexp" 791
"../../../Engine/Plugins/Animation/ControlRig/Content/Controls/ControlRig_Sphere_solid.uasset" 792
"../../../Engine/Plugins/Animation/ControlRig/Content/Controls/ControlRig_Sphere_solid.uexp" 793
"../../../Engine/Plugins/Animation/ControlRig/Content/Controls/ControlRig_Sphere_3mm.uasset" 794
"../../../Engine/Plugins/Animation/ControlRig/Content/Controls/ControlRig_Sphere_3mm.uexp" 795
"../../../Engine/Plugins/Animation/ControlRig/Content/Controls/ControlRig_Sphere_1mm.uasset" 796
"../../../Engine/Plugins/Animation/ControlRig/Content/Controls/ControlRig_Sphere_1mm.uexp" 797
"../../../Engine/Plugins/Animation/ControlRig/Content/Controls/ControlRig_RoundedTriangle_solid.uasset" 798
"../../../Engine/Plugins/Animation/ControlRig/Content/Controls/ControlRig_RoundedTriangle_solid.uexp" 799
"../../../Engine/Plugins/Animation/ControlRig/Content/Controls/ControlRig_RoundedTriangle_3mm.uasset" 800
"../../../Engine/Plugins/Animation/ControlRig/Content/Controls/ControlRig_RoundedTriangle_3mm.uexp" 801
"../../../Engine/Plugins/Animation/ControlRig/Content/Controls/ControlRig_RoundedTriangle_1mm.uasset" 802
"../../../Engine/Plugins/Animation/ControlRig/Content/Controls/ControlRig_RoundedTriangle_1mm.uexp" 803
"../../../Engine/Plugins/Animation/ControlRig/Content/Controls/ControlRig_RoundedSquare_solid.uasset" 804
"../../../Engine/Plugins/Animation/ControlRig/Content/Controls/ControlRig_RoundedSquare_solid.uexp" 805
"../../../Engine/Plugins/Animation/ControlRig/Content/Controls/ControlRig_RoundedSquare_3mm.uasset" 806
"../../../Engine/Plugins/Animation/ControlRig/Content/Controls/ControlRig_RoundedSquare_3mm.uexp" 807
"../../../Engine/Plugins/Animation/ControlRig/Content/Controls/ControlRig_RoundedSquare_1mm.uasset" 808
"../../../Engine/Plugins/Animation/ControlRig/Content/Controls/ControlRig_RoundedSquare_1mm.uexp" 809
"../../../Engine/Plugins/Animation/ControlRig/Content/Controls/ControlRig_QuarterCircle_solid.uasset" 810
"../../../Engine/Plugins/Animation/ControlRig/Content/Controls/ControlRig_QuarterCircle_solid.uexp" 811
"../../../Engine/Plugins/Animation/ControlRig/Content/Controls/ControlRig_QuarterCircle_3mm.uasset" 812
"../../../Engine/Plugins/Animation/ControlRig/Content/Controls/ControlRig_QuarterCircle_3mm.uexp" 813
"../../../Engine/Plugins/Animation/ControlRig/Content/Controls/ControlRig_QuarterCircle_1mm.uasset" 814
"../../../Engine/Plugins/Animation/ControlRig/Content/Controls/ControlRig_QuarterCircle_1mm.uexp" 815
"../../../Engine/Plugins/Animation/ControlRig/Content/Controls/ControlRig_Pyramid_solid.uasset" 816
"../../../Engine/Plugins/Animation/ControlRig/Content/Controls/ControlRig_Pyramid_solid.uexp" 817
"../../../Engine/Plugins/Animation/ControlRig/Content/Controls/ControlRig_Pyramid_3mm.uasset" 818
"../../../Engine/Plugins/Animation/ControlRig/Content/Controls/ControlRig_Pyramid_3mm.uexp" 819
"../../../Engine/Plugins/Animation/ControlRig/Content/Controls/ControlRig_Pyramid_1mm.uasset" 820
"../../../Engine/Plugins/Animation/ControlRig/Content/Controls/ControlRig_Pyramid_1mm.uexp" 821
"../../../Engine/Plugins/Animation/ControlRig/Content/Controls/ControlRig_Octagon_solid.uasset" 822
"../../../Engine/Plugins/Animation/ControlRig/Content/Controls/ControlRig_Octagon_solid.uexp" 823
"../../../Engine/Plugins/Animation/ControlRig/Content/Controls/ControlRig_Octagon_3mm.uasset" 824
"../../../Engine/Plugins/Animation/ControlRig/Content/Controls/ControlRig_Octagon_3mm.uexp" 825
"../../../Engine/Plugins/Animation/ControlRig/Content/Controls/ControlRig_Octagon_1mm.uasset" 826
"../../../Engine/Plugins/Animation/ControlRig/Content/Controls/ControlRig_Octagon_1mm.uexp" 827
"../../../Engine/Plugins/Animation/ControlRig/Content/Controls/ControlRig_Hexagon_solid.uasset" 828
"../../../Engine/Plugins/Animation/ControlRig/Content/Controls/ControlRig_Hexagon_solid.uexp" 829
"../../../Engine/Plugins/Animation/ControlRig/Content/Controls/ControlRig_Hexagon_3mm.uasset" 830
"../../../Engine/Plugins/Animation/ControlRig/Content/Controls/ControlRig_Hexagon_3mm.uexp" 831
"../../../Engine/Plugins/Animation/ControlRig/Content/Controls/ControlRig_Hexagon_1mm.uasset" 832
"../../../Engine/Plugins/Animation/ControlRig/Content/Controls/ControlRig_Hexagon_1mm.uexp" 833
"../../../Engine/Plugins/Animation/ControlRig/Content/Controls/ControlRig_HalfCircle_solid.uasset" 834
"../../../Engine/Plugins/Animation/ControlRig/Content/Controls/ControlRig_HalfCircle_solid.uexp" 835
"../../../Engine/Plugins/Animation/ControlRig/Content/Controls/ControlRig_HalfCircle_3mm.uasset" 836
"../../../Engine/Plugins/Animation/ControlRig/Content/Controls/ControlRig_HalfCircle_3mm.uexp" 837
"../../../Engine/Plugins/Animation/ControlRig/Content/Controls/ControlRig_HalfCircle_1mm.uasset" 838
"../../../Engine/Plugins/Animation/ControlRig/Content/Controls/ControlRig_HalfCircle_1mm.uexp" 839
"../../../Engine/Plugins/Animation/ControlRig/Content/Controls/ControlRig_Diamond_solid.uasset" 840
"../../../Engine/Plugins/Animation/ControlRig/Content/Controls/ControlRig_Diamond_solid.uexp" 841
"../../../Engine/Plugins/Animation/ControlRig/Content/Controls/ControlRig_Diamond_3mm.uasset" 842
"../../../Engine/Plugins/Animation/ControlRig/Content/Controls/ControlRig_Diamond_3mm.uexp" 843
"../../../Engine/Plugins/Animation/ControlRig/Content/Controls/ControlRig_Diamond_1mm.uasset" 844
"../../../Engine/Plugins/Animation/ControlRig/Content/Controls/ControlRig_Diamond_1mm.uexp" 845
"../../../Engine/Plugins/Animation/ControlRig/Content/Controls/ControlRig_Circle_solid.uasset" 846
"../../../Engine/Plugins/Animation/ControlRig/Content/Controls/ControlRig_Circle_solid.uexp" 847
"../../../Engine/Plugins/Animation/ControlRig/Content/Controls/ControlRig_Circle_3mm.uasset" 848
"../../../Engine/Plugins/Animation/ControlRig/Content/Controls/ControlRig_Circle_3mm.uexp" 849
"../../../Engine/Plugins/Animation/ControlRig/Content/Controls/ControlRig_Circle_1mm.uasset" 850
"../../../Engine/Plugins/Animation/ControlRig/Content/Controls/ControlRig_Circle_1mm.uexp" 851
"../../../Engine/Plugins/Animation/ControlRig/Content/Controls/ControlRig_Box_solid.uasset" 852
"../../../Engine/Plugins/Animation/ControlRig/Content/Controls/ControlRig_Box_solid.uexp" 853
"../../../Engine/Plugins/Animation/ControlRig/Content/Controls/ControlRig_Box_3mm.uasset" 854
"../../../Engine/Plugins/Animation/ControlRig/Content/Controls/ControlRig_Box_3mm.uexp" 855
"../../../Engine/Plugins/Animation/ControlRig/Content/Controls/ControlRig_Box_1mm.uasset" 856
"../../../Engine/Plugins/Animation/ControlRig/Content/Controls/ControlRig_Box_1mm.uexp" 857
"../../../Engine/Plugins/Animation/ControlRig/Content/Controls/ControlRig_Arrow_solid.uasset" 858
"../../../Engine/Plugins/Animation/ControlRig/Content/Controls/ControlRig_Arrow_solid.uexp" 859
"../../../Engine/Plugins/Animation/ControlRig/Content/Controls/ControlRig_Arrow_3mm.uasset" 860
"../../../Engine/Plugins/Animation/ControlRig/Content/Controls/ControlRig_Arrow_3mm.uexp" 861
"../../../Engine/Plugins/Animation/ControlRig/Content/Controls/ControlRig_Arrow_1mm.uasset" 862
"../../../Engine/Plugins/Animation/ControlRig/Content/Controls/ControlRig_Arrow_1mm.uexp" 863
"../../../Engine/Plugins/Animation/ControlRig/Content/Controls/ControlRig_Arrow4_solid.uasset" 864
"../../../Engine/Plugins/Animation/ControlRig/Content/Controls/ControlRig_Arrow4_solid.uexp" 865
"../../../Engine/Plugins/Animation/ControlRig/Content/Controls/ControlRig_Arrow4_3mm.uasset" 866
"../../../Engine/Plugins/Animation/ControlRig/Content/Controls/ControlRig_Arrow4_3mm.uexp" 867
"../../../Engine/Plugins/Animation/ControlRig/Content/Controls/ControlRig_Arrow4_1mm.uasset" 868
"../../../Engine/Plugins/Animation/ControlRig/Content/Controls/ControlRig_Arrow4_1mm.uexp" 869
"../../../Engine/Plugins/Animation/ControlRig/Content/Controls/ControlRig_Arrow2_solid.uasset" 870
"../../../Engine/Plugins/Animation/ControlRig/Content/Controls/ControlRig_Arrow2_solid.uexp" 871
"../../../Engine/Plugins/Animation/ControlRig/Content/Controls/ControlRig_Arrow2_3mm.uasset" 872
"../../../Engine/Plugins/Animation/ControlRig/Content/Controls/ControlRig_Arrow2_3mm.uexp" 873
"../../../Engine/Plugins/Animation/ControlRig/Content/Controls/ControlRig_Arrow2_1mm.uasset" 874
"../../../Engine/Plugins/Animation/ControlRig/Content/Controls/ControlRig_Arrow2_1mm.uexp" 875
"../../../Engine/Plugins/Animation/ControlRig/Content/Controls/ControlRigXRayMaterial.uasset" 876
"../../../Engine/Plugins/Animation/ControlRig/Content/Controls/ControlRigXRayMaterial.uexp" 877
"../../../Engine/Plugins/Animation/ControlRig/Content/Controls/ControlRigGizmoMaterial.uasset" 878
"../../../Engine/Plugins/Animation/ControlRig/Content/Controls/ControlRigGizmoMaterial.uexp" 879
"../../../Engine/Plugins/2D/Paper2D/Content/PlaceholderTextures/DummySpriteTexture.uasset" 880
"../../../Engine/Plugins/2D/Paper2D/Content/PlaceholderTextures/DummySpriteTexture.uexp" 881
"../../../Engine/Plugins/2D/Paper2D/Content/DefaultSpriteMaterial.uasset" 882
"../../../Engine/Plugins/2D/Paper2D/Content/DefaultSpriteMaterial.uexp" 883
"../../../Engine/Plugins/2D/Paper2D/Content/OpaqueUnlitSpriteMaterial.uasset" 884
"../../../Engine/Plugins/2D/Paper2D/Content/OpaqueUnlitSpriteMaterial.uexp" 885
"../../../Engine/Plugins/2D/Paper2D/Content/MaskedUnlitSpriteMaterial.uasset" 886
"../../../Engine/Plugins/2D/Paper2D/Content/MaskedUnlitSpriteMaterial.uexp" 887
"../../../Engine/Plugins/2D/Paper2D/Content/DummySprite.uasset" 888
"../../../Engine/Plugins/2D/Paper2D/Content/DummySprite.uexp" 889
"../../../Engine/Plugins/2D/Paper2D/Content/DefaultPaperTerrainMaterial.uasset" 890
"../../../Engine/Plugins/2D/Paper2D/Content/DefaultPaperTerrainMaterial.uexp" 891
"../../../Engine/Content/Maps/Templates/HLODs/HLODLayer_Merged.uasset" 892
"../../../Engine/Content/Maps/Templates/HLODs/HLODLayer_Merged.uexp" 893
"../../../Engine/Plugins/Interchange/Runtime/Content/gltf/MaterialInstances_SG/MI_Opaque.uasset" 894
"../../../Engine/Plugins/Interchange/Runtime/Content/gltf/MaterialInstances_SG/MI_Opaque.uexp" 895
"../../../Engine/Plugins/Interchange/Runtime/Content/gltf/MaterialInstances_SG/MI_Opaque_ClearCoat.uasset" 896
"../../../Engine/Plugins/Interchange/Runtime/Content/gltf/MaterialInstances_SG/MI_Opaque_ClearCoat.uexp" 897
"../../../Engine/Plugins/Interchange/Runtime/Content/Functions/MX_Transmission.uasset" 898
"../../../Engine/Plugins/Interchange/Runtime/Content/Functions/MX_Transmission.uexp" 899
"../../../Engine/Plugins/Interchange/Runtime/Content/Functions/MX_StandardSurface.uasset" 900
"../../../Engine/Plugins/Interchange/Runtime/Content/Functions/MX_StandardSurface.uexp" 901
"../../../Engine/Plugins/Interchange/Runtime/Content/Functions/MX_TransmissionSurface.uasset" 902
"../../../Engine/Plugins/Interchange/Runtime/Content/Functions/MX_TransmissionSurface.uexp" 903
"../../../Engine/Content/Functions/Engine_MaterialFunctions02/WorldPositionOffset/V2/ObjectScale.uasset" 904
"../../../Engine/Content/Functions/Engine_MaterialFunctions02/WorldPositionOffset/V2/ObjectScale.uexp" 905
"../../../Engine/Plugins/Interchange/Runtime/Content/gltf/MaterialFunctions/MF_TransmissionOpacity.uasset" 906
"../../../Engine/Plugins/Interchange/Runtime/Content/gltf/MaterialFunctions/MF_TransmissionOpacity.uexp" 907
"../../../Engine/Content/Maps/Templates/HLODs/HLODLayer_Instanced.uasset" 908
"../../../Engine/Content/Maps/Templates/HLODs/HLODLayer_Instanced.uexp" 909
"C:/Unreal/LostKingdom/Content/Levels/TransitionLevel.uexp" 910
"C:/Unreal/LostKingdom/Content/Levels/TransitionLevel.umap" 911
"C:/Unreal/LostKingdom/Content/Levels/TestLevel.uexp" 912
"C:/Unreal/LostKingdom/Content/Levels/TestLevel.umap" 913
"C:/Unreal/LostKingdom/Content/TopDown/Maps/TopDownMap.uexp" 914
"C:/Unreal/LostKingdom/Content/TopDown/Maps/TopDownMap.umap" 915
